-------------------------------------------------------------------------------
Test set: com.restaurant.service.TableSessionServiceTest
-------------------------------------------------------------------------------
Tests run: 10, Failures: 0, Errors: 1, Skipped: 0, Time elapsed: 0.299 s <<< FAILURE! -- in com.restaurant.service.TableSessionServiceTest
com.restaurant.service.TableSessionServiceTest.getOpenSession_returnsMappedResponse_whenSessionExists -- Time elapsed: 0.033 s <<< ERROR!
org.mockito.exceptions.misusing.UnnecessaryStubbingException: 

Unnecessary stubbings detected.
Clean & maintainable test code requires zero unnecessary code.
Following stubbings are unnecessary (click to navigate to relevant line of code):
  1. -> at com.restaurant.service.TableSessionServiceTest.getOpenSession_returnsMappedResponse_whenSessionExists(TableSessionServiceTest.java:109)
Please remove unnecessary stubbings or use 'lenient' strictness. More info: javadoc for UnnecessaryStubbingException class.
	at org.mockito.junit.jupiter.MockitoExtension.afterEach(MockitoExtension.java:192)
	at java.base/java.util.ArrayList.forEach(ArrayList.java:1511)
	at java.base/java.util.ArrayList.forEach(ArrayList.java:1511)

