<?xml version="1.0" encoding="UTF-8"?>
<testsuite xmlns:xsi="http://www.w3.org/2001/XMLSchema-instance" xsi:noNamespaceSchemaLocation="https://maven.apache.org/surefire/maven-surefire-plugin/xsd/surefire-test-report-3.0.xsd" version="3.0" name="com.restaurant.integration.AuthControllerIntegrationTest" time="33.87" tests="10" errors="0" skipped="0" failures="0">
  <properties>
[...]
</properties>
  <testcase name="register_missingName_returns400" classname="com.restaurant.integration.AuthControllerIntegrationTest" time="1.292">
    <system-out><![CDATA[14:26:15.655 [main] INFO org.springframework.test.context.support.AnnotationConfigContextLoaderUtils -- Could not detect default configuration classes for test class [com.restaurant.integration.AuthControllerIntegrationTest]: AuthControllerIntegrationTest does not declare any static, non-private, non-final, nested classes annotated with @Configuration.
14:26:15.910 [main] INFO org.springframework.boot.test.context.SpringBootTestContextBootstrapper -- Found @SpringBootConfiguration com.restaurant.RestaurantApplication for test class com.restaurant.integration.AuthControllerIntegrationTest

  .   ____          _            __ _ _
 /\\ / ___'_ __ _ _(_)_ __  __ _ \ \ \ \
( ( )\___ | '_ | '_| | '_ \/ _` | \ \ \ \
 \\/  ___)| |_)| | | | | || (_| |  ) ) ) )
  '  |____| .__|_| |_|_| |_\__, | / / / /
 =========|_|==============|___/=/_/_/_/
 :: Spring Boot ::                (v3.2.3)

2026-03-31T14:26:18.507+07:00  INFO 12376 --- [           main] .s.d.r.c.RepositoryConfigurationDelegate : Bootstrapping Spring Data JPA repositories in DEFAULT mode.
2026-03-31T14:26:18.673+07:00  INFO 12376 --- [           main] .s.d.r.c.RepositoryConfigurationDelegate : Finished Spring Data repository scanning in 151 ms. Found 7 JPA repository interfaces.
2026-03-31T14:26:19.886+07:00  INFO 12376 --- [           main] o.hibernate.jpa.internal.util.LogHelper  : HHH000204: Processing PersistenceUnitInfo [name: default]
2026-03-31T14:26:20.027+07:00  INFO 12376 --- [           main] org.hibernate.Version                    : HHH000412: Hibernate ORM core version 6.4.4.Final
2026-03-31T14:26:20.102+07:00  INFO 12376 --- [           main] o.h.c.internal.RegionFactoryInitiator    : HHH000026: Second-level cache disabled
2026-03-31T14:26:20.768+07:00  INFO 12376 --- [           main] o.s.o.j.p.SpringPersistenceUnitInfo      : No LoadTimeWeaver setup: ignoring JPA class transformer
2026-03-31T14:26:20.834+07:00  INFO 12376 --- [           main] com.zaxxer.hikari.HikariDataSource       : HikariPool-1 - Starting...
2026-03-31T14:26:21.250+07:00  INFO 12376 --- [           main] com.zaxxer.hikari.pool.HikariPool        : HikariPool-1 - Added connection conn0: url=jdbc:h2:mem:testdb user=SA
2026-03-31T14:26:21.252+07:00  INFO 12376 --- [           main] com.zaxxer.hikari.HikariDataSource       : HikariPool-1 - Start completed.
2026-03-31T14:26:21.311+07:00  WARN 12376 --- [           main] org.hibernate.orm.deprecation            : HHH90000025: H2Dialect does not need to be specified explicitly using 'hibernate.dialect' (remove the property setting and it will be selected by default)
2026-03-31T14:26:23.520+07:00  INFO 12376 --- [           main] o.h.e.t.j.p.i.JtaPlatformInitiator       : HHH000489: No JTA platform available (set 'hibernate.transaction.jta.platform' to enable JTA platform integration)
2026-03-31T14:26:23.626+07:00  INFO 12376 --- [           main] j.LocalContainerEntityManagerFactoryBean : Initialized JPA EntityManagerFactory for persistence unit 'default'
2026-03-31T14:26:25.646+07:00  INFO 12376 --- [           main] o.s.d.j.r.query.QueryEnhancerFactory     : Hibernate is in classpath; If applicable, HQL parser will be used.
2026-03-31T14:26:26.677+07:00  WARN 12376 --- [           main] JpaBaseConfiguration$JpaWebConfiguration : spring.jpa.open-in-view is enabled by default. Therefore, database queries may be performed during view rendering. Explicitly configure spring.jpa.open-in-view to disable this warning
2026-03-31T14:26:28.840+07:00  INFO 12376 --- [           main] o.s.b.t.m.w.SpringBootMockServletContext : Initializing Spring TestDispatcherServlet ''
2026-03-31T14:26:28.841+07:00  INFO 12376 --- [           main] o.s.t.web.servlet.TestDispatcherServlet  : Initializing Servlet ''
2026-03-31T14:26:28.844+07:00  INFO 12376 --- [           main] o.s.t.web.servlet.TestDispatcherServlet  : Completed initialization in 2 ms
2026-03-31T14:26:28.876+07:00  INFO 12376 --- [           main] o.s.m.s.b.SimpleBrokerMessageHandler     : Starting...
2026-03-31T14:26:28.879+07:00  INFO 12376 --- [           main] o.s.m.s.b.SimpleBrokerMessageHandler     : BrokerAvailabilityEvent[available=true, SimpleBrokerMessageHandler [org.springframework.messaging.simp.broker.DefaultSubscriptionRegistry@5ac168e3]]
2026-03-31T14:26:28.883+07:00  INFO 12376 --- [           main] o.s.m.s.b.SimpleBrokerMessageHandler     : Started.
2026-03-31T14:26:30.925+07:00  INFO 12376 --- [           main] o.s.m.s.b.SimpleBrokerMessageHandler     : Stopping...
2026-03-31T14:26:30.925+07:00  INFO 12376 --- [           main] o.s.m.s.b.SimpleBrokerMessageHandler     : BrokerAvailabilityEvent[available=false, SimpleBrokerMessageHandler [org.springframework.messaging.simp.broker.DefaultSubscriptionRegistry@5ac168e3]]
2026-03-31T14:26:30.926+07:00  INFO 12376 --- [           main] o.s.m.s.b.SimpleBrokerMessageHandler     : Stopped.
2026-03-31T14:26:30.933+07:00  INFO 12376 --- [           main] j.LocalContainerEntityManagerFactoryBean : Closing JPA EntityManagerFactory for persistence unit 'default'
2026-03-31T14:26:30.948+07:00  INFO 12376 --- [           main] com.zaxxer.hikari.HikariDataSource       : HikariPool-1 - Shutdown initiated...
2026-03-31T14:26:30.952+07:00  INFO 12376 --- [           main] com.zaxxer.hikari.HikariDataSource       : HikariPool-1 - Shutdown completed.
]]></system-out>
  </testcase>
  <testcase name="login_withSeededStaffAccount_returnsToken" classname="com.restaurant.integration.AuthControllerIntegrationTest" time="0.453">
    <system-out><![CDATA[
  .   ____          _            __ _ _
 /\\ / ___'_ __ _ _(_)_ __  __ _ \ \ \ \
( ( )\___ | '_ | '_| | '_ \/ _` | \ \ \ \
 \\/  ___)| |_)| | | | | || (_| |  ) ) ) )
  '  |____| .__|_| |_|_| |_\__, | / / / /
 =========|_|==============|___/=/_/_/_/
 :: Spring Boot ::                (v3.2.3)

2026-03-31T14:26:31.424+07:00  INFO 12376 --- [           main] .s.d.r.c.RepositoryConfigurationDelegate : Bootstrapping Spring Data JPA repositories in DEFAULT mode.
2026-03-31T14:26:31.458+07:00  INFO 12376 --- [           main] .s.d.r.c.RepositoryConfigurationDelegate : Finished Spring Data repository scanning in 32 ms. Found 7 JPA repository interfaces.
2026-03-31T14:26:31.637+07:00  INFO 12376 --- [           main] o.hibernate.jpa.internal.util.LogHelper  : HHH000204: Processing PersistenceUnitInfo [name: default]
2026-03-31T14:26:31.645+07:00  INFO 12376 --- [           main] o.h.c.internal.RegionFactoryInitiator    : HHH000026: Second-level cache disabled
2026-03-31T14:26:31.653+07:00  INFO 12376 --- [           main] o.s.o.j.p.SpringPersistenceUnitInfo      : No LoadTimeWeaver setup: ignoring JPA class transformer
2026-03-31T14:26:31.661+07:00  INFO 12376 --- [           main] com.zaxxer.hikari.HikariDataSource       : HikariPool-2 - Starting...
2026-03-31T14:26:31.662+07:00  INFO 12376 --- [           main] com.zaxxer.hikari.pool.HikariPool        : HikariPool-2 - Added connection conn10: url=jdbc:h2:mem:testdb user=SA
2026-03-31T14:26:31.662+07:00  INFO 12376 --- [           main] com.zaxxer.hikari.HikariDataSource       : HikariPool-2 - Start completed.
2026-03-31T14:26:31.663+07:00  WARN 12376 --- [           main] org.hibernate.orm.deprecation            : HHH90000025: H2Dialect does not need to be specified explicitly using 'hibernate.dialect' (remove the property setting and it will be selected by default)
2026-03-31T14:26:31.987+07:00  INFO 12376 --- [           main] o.h.e.t.j.p.i.JtaPlatformInitiator       : HHH000489: No JTA platform available (set 'hibernate.transaction.jta.platform' to enable JTA platform integration)
2026-03-31T14:26:32.030+07:00  INFO 12376 --- [           main] j.LocalContainerEntityManagerFactoryBean : Initialized JPA EntityManagerFactory for persistence unit 'default'
2026-03-31T14:26:32.736+07:00  WARN 12376 --- [           main] JpaBaseConfiguration$JpaWebConfiguration : spring.jpa.open-in-view is enabled by default. Therefore, database queries may be performed during view rendering. Explicitly configure spring.jpa.open-in-view to disable this warning
2026-03-31T14:26:33.170+07:00  INFO 12376 --- [           main] o.s.b.t.m.w.SpringBootMockServletContext : Initializing Spring TestDispatcherServlet ''
2026-03-31T14:26:33.171+07:00  INFO 12376 --- [           main] o.s.t.web.servlet.TestDispatcherServlet  : Initializing Servlet ''
2026-03-31T14:26:33.172+07:00  INFO 12376 --- [           main] o.s.t.web.servlet.TestDispatcherServlet  : Completed initialization in 1 ms
2026-03-31T14:26:33.183+07:00  INFO 12376 --- [           main] o.s.m.s.b.SimpleBrokerMessageHandler     : Starting...
2026-03-31T14:26:33.183+07:00  INFO 12376 --- [           main] o.s.m.s.b.SimpleBrokerMessageHandler     : BrokerAvailabilityEvent[available=true, SimpleBrokerMessageHandler [org.springframework.messaging.simp.broker.DefaultSubscriptionRegistry@2573cc0c]]
2026-03-31T14:26:33.184+07:00  INFO 12376 --- [           main] o.s.m.s.b.SimpleBrokerMessageHandler     : Started.
2026-03-31T14:26:33.936+07:00  INFO 12376 --- [           main] o.s.m.s.b.SimpleBrokerMessageHandler     : Stopping...
2026-03-31T14:26:33.937+07:00  INFO 12376 --- [           main] o.s.m.s.b.SimpleBrokerMessageHandler     : BrokerAvailabilityEvent[available=false, SimpleBrokerMessageHandler [org.springframework.messaging.simp.broker.DefaultSubscriptionRegistry@2573cc0c]]
2026-03-31T14:26:33.937+07:00  INFO 12376 --- [           main] o.s.m.s.b.SimpleBrokerMessageHandler     : Stopped.
2026-03-31T14:26:33.943+07:00  INFO 12376 --- [           main] j.LocalContainerEntityManagerFactoryBean : Closing JPA EntityManagerFactory for persistence unit 'default'
2026-03-31T14:26:33.951+07:00  INFO 12376 --- [           main] com.zaxxer.hikari.HikariDataSource       : HikariPool-2 - Shutdown initiated...
2026-03-31T14:26:33.952+07:00  INFO 12376 --- [           main] com.zaxxer.hikari.HikariDataSource       : HikariPool-2 - Shutdown completed.
]]></system-out>
  </testcase>
  <testcase name="register_success_returns201WithToken" classname="com.restaurant.integration.AuthControllerIntegrationTest" time="0.16">
    <system-out><![CDATA[
  .   ____          _            __ _ _
 /\\ / ___'_ __ _ _(_)_ __  __ _ \ \ \ \
( ( )\___ | '_ | '_| | '_ \/ _` | \ \ \ \
 \\/  ___)| |_)| | | | | || (_| |  ) ) ) )
  '  |____| .__|_| |_|_| |_\__, | / / / /
 =========|_|==============|___/=/_/_/_/
 :: Spring Boot ::                (v3.2.3)

2026-03-31T14:26:34.366+07:00  INFO 12376 --- [           main] .s.d.r.c.RepositoryConfigurationDelegate : Bootstrapping Spring Data JPA repositories in DEFAULT mode.
2026-03-31T14:26:34.413+07:00  INFO 12376 --- [           main] .s.d.r.c.RepositoryConfigurationDelegate : Finished Spring Data repository scanning in 47 ms. Found 7 JPA repository interfaces.
2026-03-31T14:26:34.602+07:00  INFO 12376 --- [           main] o.hibernate.jpa.internal.util.LogHelper  : HHH000204: Processing PersistenceUnitInfo [name: default]
2026-03-31T14:26:34.623+07:00  INFO 12376 --- [           main] o.h.c.internal.RegionFactoryInitiator    : HHH000026: Second-level cache disabled
2026-03-31T14:26:34.633+07:00  INFO 12376 --- [           main] o.s.o.j.p.SpringPersistenceUnitInfo      : No LoadTimeWeaver setup: ignoring JPA class transformer
2026-03-31T14:26:34.638+07:00  INFO 12376 --- [           main] com.zaxxer.hikari.HikariDataSource       : HikariPool-3 - Starting...
2026-03-31T14:26:34.639+07:00  INFO 12376 --- [           main] com.zaxxer.hikari.pool.HikariPool        : HikariPool-3 - Added connection conn20: url=jdbc:h2:mem:testdb user=SA
2026-03-31T14:26:34.640+07:00  INFO 12376 --- [           main] com.zaxxer.hikari.HikariDataSource       : HikariPool-3 - Start completed.
2026-03-31T14:26:34.641+07:00  WARN 12376 --- [           main] org.hibernate.orm.deprecation            : HHH90000025: H2Dialect does not need to be specified explicitly using 'hibernate.dialect' (remove the property setting and it will be selected by default)
2026-03-31T14:26:34.900+07:00  INFO 12376 --- [           main] o.h.e.t.j.p.i.JtaPlatformInitiator       : HHH000489: No JTA platform available (set 'hibernate.transaction.jta.platform' to enable JTA platform integration)
2026-03-31T14:26:34.933+07:00  INFO 12376 --- [           main] j.LocalContainerEntityManagerFactoryBean : Initialized JPA EntityManagerFactory for persistence unit 'default'
2026-03-31T14:26:35.338+07:00  WARN 12376 --- [           main] JpaBaseConfiguration$JpaWebConfiguration : spring.jpa.open-in-view is enabled by default. Therefore, database queries may be performed during view rendering. Explicitly configure spring.jpa.open-in-view to disable this warning
2026-03-31T14:26:35.704+07:00  INFO 12376 --- [           main] o.s.b.t.m.w.SpringBootMockServletContext : Initializing Spring TestDispatcherServlet ''
2026-03-31T14:26:35.705+07:00  INFO 12376 --- [           main] o.s.t.web.servlet.TestDispatcherServlet  : Initializing Servlet ''
2026-03-31T14:26:35.706+07:00  INFO 12376 --- [           main] o.s.t.web.servlet.TestDispatcherServlet  : Completed initialization in 1 ms
2026-03-31T14:26:35.711+07:00  INFO 12376 --- [           main] o.s.m.s.b.SimpleBrokerMessageHandler     : Starting...
2026-03-31T14:26:35.711+07:00  INFO 12376 --- [           main] o.s.m.s.b.SimpleBrokerMessageHandler     : BrokerAvailabilityEvent[available=true, SimpleBrokerMessageHandler [org.springframework.messaging.simp.broker.DefaultSubscriptionRegistry@3cf6f3aa]]
2026-03-31T14:26:35.711+07:00  INFO 12376 --- [           main] o.s.m.s.b.SimpleBrokerMessageHandler     : Started.
2026-03-31T14:26:36.170+07:00  INFO 12376 --- [           main] o.s.m.s.b.SimpleBrokerMessageHandler     : Stopping...
2026-03-31T14:26:36.170+07:00  INFO 12376 --- [           main] o.s.m.s.b.SimpleBrokerMessageHandler     : BrokerAvailabilityEvent[available=false, SimpleBrokerMessageHandler [org.springframework.messaging.simp.broker.DefaultSubscriptionRegistry@3cf6f3aa]]
2026-03-31T14:26:36.170+07:00  INFO 12376 --- [           main] o.s.m.s.b.SimpleBrokerMessageHandler     : Stopped.
2026-03-31T14:26:36.173+07:00  INFO 12376 --- [           main] j.LocalContainerEntityManagerFactoryBean : Closing JPA EntityManagerFactory for persistence unit 'default'
2026-03-31T14:26:36.177+07:00  INFO 12376 --- [           main] com.zaxxer.hikari.HikariDataSource       : HikariPool-3 - Shutdown initiated...
2026-03-31T14:26:36.178+07:00  INFO 12376 --- [           main] com.zaxxer.hikari.HikariDataSource       : HikariPool-3 - Shutdown completed.
]]></system-out>
  </testcase>
  <testcase name="fullFlow_registerThenLogin_works" classname="com.restaurant.integration.AuthControllerIntegrationTest" time="0.412">
    <system-out><![CDATA[
  .   ____          _            __ _ _
 /\\ / ___'_ __ _ _(_)_ __  __ _ \ \ \ \
( ( )\___ | '_ | '_| | '_ \/ _` | \ \ \ \
 \\/  ___)| |_)| | | | | || (_| |  ) ) ) )
  '  |____| .__|_| |_|_| |_\__, | / / / /
 =========|_|==============|___/=/_/_/_/
 :: Spring Boot ::                (v3.2.3)

2026-03-31T14:26:36.535+07:00  INFO 12376 --- [           main] .s.d.r.c.RepositoryConfigurationDelegate : Bootstrapping Spring Data JPA repositories in DEFAULT mode.
2026-03-31T14:26:36.565+07:00  INFO 12376 --- [           main] .s.d.r.c.RepositoryConfigurationDelegate : Finished Spring Data repository scanning in 29 ms. Found 7 JPA repository interfaces.
2026-03-31T14:26:36.719+07:00  INFO 12376 --- [           main] o.hibernate.jpa.internal.util.LogHelper  : HHH000204: Processing PersistenceUnitInfo [name: default]
2026-03-31T14:26:36.727+07:00  INFO 12376 --- [           main] o.h.c.internal.RegionFactoryInitiator    : HHH000026: Second-level cache disabled
2026-03-31T14:26:36.737+07:00  INFO 12376 --- [           main] o.s.o.j.p.SpringPersistenceUnitInfo      : No LoadTimeWeaver setup: ignoring JPA class transformer
2026-03-31T14:26:36.741+07:00  INFO 12376 --- [           main] com.zaxxer.hikari.HikariDataSource       : HikariPool-4 - Starting...
2026-03-31T14:26:36.742+07:00  INFO 12376 --- [           main] com.zaxxer.hikari.pool.HikariPool        : HikariPool-4 - Added connection conn30: url=jdbc:h2:mem:testdb user=SA
2026-03-31T14:26:36.742+07:00  INFO 12376 --- [           main] com.zaxxer.hikari.HikariDataSource       : HikariPool-4 - Start completed.
2026-03-31T14:26:36.743+07:00  WARN 12376 --- [           main] org.hibernate.orm.deprecation            : HHH90000025: H2Dialect does not need to be specified explicitly using 'hibernate.dialect' (remove the property setting and it will be selected by default)
2026-03-31T14:26:36.987+07:00  INFO 12376 --- [           main] o.h.e.t.j.p.i.JtaPlatformInitiator       : HHH000489: No JTA platform available (set 'hibernate.transaction.jta.platform' to enable JTA platform integration)
2026-03-31T14:26:37.018+07:00  INFO 12376 --- [           main] j.LocalContainerEntityManagerFactoryBean : Initialized JPA EntityManagerFactory for persistence unit 'default'
2026-03-31T14:26:37.440+07:00  WARN 12376 --- [           main] JpaBaseConfiguration$JpaWebConfiguration : spring.jpa.open-in-view is enabled by default. Therefore, database queries may be performed during view rendering. Explicitly configure spring.jpa.open-in-view to disable this warning
2026-03-31T14:26:37.911+07:00  INFO 12376 --- [           main] o.s.b.t.m.w.SpringBootMockServletContext : Initializing Spring TestDispatcherServlet ''
2026-03-31T14:26:37.911+07:00  INFO 12376 --- [           main] o.s.t.web.servlet.TestDispatcherServlet  : Initializing Servlet ''
2026-03-31T14:26:37.922+07:00  INFO 12376 --- [           main] o.s.t.web.servlet.TestDispatcherServlet  : Completed initialization in 11 ms
2026-03-31T14:26:37.928+07:00  INFO 12376 --- [           main] o.s.m.s.b.SimpleBrokerMessageHandler     : Starting...
2026-03-31T14:26:37.928+07:00  INFO 12376 --- [           main] o.s.m.s.b.SimpleBrokerMessageHandler     : BrokerAvailabilityEvent[available=true, SimpleBrokerMessageHandler [org.springframework.messaging.simp.broker.DefaultSubscriptionRegistry@1de2cd6d]]
2026-03-31T14:26:37.929+07:00  INFO 12376 --- [           main] o.s.m.s.b.SimpleBrokerMessageHandler     : Started.
2026-03-31T14:26:38.667+07:00  INFO 12376 --- [           main] o.s.m.s.b.SimpleBrokerMessageHandler     : Stopping...
2026-03-31T14:26:38.669+07:00  INFO 12376 --- [           main] o.s.m.s.b.SimpleBrokerMessageHandler     : BrokerAvailabilityEvent[available=false, SimpleBrokerMessageHandler [org.springframework.messaging.simp.broker.DefaultSubscriptionRegistry@1de2cd6d]]
2026-03-31T14:26:38.669+07:00  INFO 12376 --- [           main] o.s.m.s.b.SimpleBrokerMessageHandler     : Stopped.
2026-03-31T14:26:38.670+07:00  INFO 12376 --- [           main] j.LocalContainerEntityManagerFactoryBean : Closing JPA EntityManagerFactory for persistence unit 'default'
2026-03-31T14:26:38.673+07:00  INFO 12376 --- [           main] com.zaxxer.hikari.HikariDataSource       : HikariPool-4 - Shutdown initiated...
2026-03-31T14:26:38.674+07:00  INFO 12376 --- [           main] com.zaxxer.hikari.HikariDataSource       : HikariPool-4 - Shutdown completed.
]]></system-out>
  </testcase>
  <testcase name="login_withSeededAdminAccount_returnsToken" classname="com.restaurant.integration.AuthControllerIntegrationTest" time="0.245">
    <system-out><![CDATA[
  .   ____          _            __ _ _
 /\\ / ___'_ __ _ _(_)_ __  __ _ \ \ \ \
( ( )\___ | '_ | '_| | '_ \/ _` | \ \ \ \
 \\/  ___)| |_)| | | | | || (_| |  ) ) ) )
  '  |____| .__|_| |_|_| |_\__, | / / / /
 =========|_|==============|___/=/_/_/_/
 :: Spring Boot ::                (v3.2.3)

2026-03-31T14:26:39.003+07:00  INFO 12376 --- [           main] .s.d.r.c.RepositoryConfigurationDelegate : Bootstrapping Spring Data JPA repositories in DEFAULT mode.
2026-03-31T14:26:39.046+07:00  INFO 12376 --- [           main] .s.d.r.c.RepositoryConfigurationDelegate : Finished Spring Data repository scanning in 41 ms. Found 7 JPA repository interfaces.
2026-03-31T14:26:39.195+07:00  INFO 12376 --- [           main] o.hibernate.jpa.internal.util.LogHelper  : HHH000204: Processing PersistenceUnitInfo [name: default]
2026-03-31T14:26:39.203+07:00  INFO 12376 --- [           main] o.h.c.internal.RegionFactoryInitiator    : HHH000026: Second-level cache disabled
2026-03-31T14:26:39.211+07:00  INFO 12376 --- [           main] o.s.o.j.p.SpringPersistenceUnitInfo      : No LoadTimeWeaver setup: ignoring JPA class transformer
2026-03-31T14:26:39.216+07:00  INFO 12376 --- [           main] com.zaxxer.hikari.HikariDataSource       : HikariPool-5 - Starting...
2026-03-31T14:26:39.218+07:00  INFO 12376 --- [           main] com.zaxxer.hikari.pool.HikariPool        : HikariPool-5 - Added connection conn40: url=jdbc:h2:mem:testdb user=SA
2026-03-31T14:26:39.218+07:00  INFO 12376 --- [           main] com.zaxxer.hikari.HikariDataSource       : HikariPool-5 - Start completed.
2026-03-31T14:26:39.219+07:00  WARN 12376 --- [           main] org.hibernate.orm.deprecation            : HHH90000025: H2Dialect does not need to be specified explicitly using 'hibernate.dialect' (remove the property setting and it will be selected by default)
2026-03-31T14:26:39.443+07:00  INFO 12376 --- [           main] o.h.e.t.j.p.i.JtaPlatformInitiator       : HHH000489: No JTA platform available (set 'hibernate.transaction.jta.platform' to enable JTA platform integration)
2026-03-31T14:26:39.467+07:00  INFO 12376 --- [           main] j.LocalContainerEntityManagerFactoryBean : Initialized JPA EntityManagerFactory for persistence unit 'default'
2026-03-31T14:26:39.786+07:00  WARN 12376 --- [           main] JpaBaseConfiguration$JpaWebConfiguration : spring.jpa.open-in-view is enabled by default. Therefore, database queries may be performed during view rendering. Explicitly configure spring.jpa.open-in-view to disable this warning
2026-03-31T14:26:40.022+07:00  INFO 12376 --- [           main] o.s.b.t.m.w.SpringBootMockServletContext : Initializing Spring TestDispatcherServlet ''
2026-03-31T14:26:40.022+07:00  INFO 12376 --- [           main] o.s.t.web.servlet.TestDispatcherServlet  : Initializing Servlet ''
2026-03-31T14:26:40.024+07:00  INFO 12376 --- [           main] o.s.t.web.servlet.TestDispatcherServlet  : Completed initialization in 2 ms
2026-03-31T14:26:40.045+07:00  INFO 12376 --- [           main] o.s.m.s.b.SimpleBrokerMessageHandler     : Starting...
2026-03-31T14:26:40.046+07:00  INFO 12376 --- [           main] o.s.m.s.b.SimpleBrokerMessageHandler     : BrokerAvailabilityEvent[available=true, SimpleBrokerMessageHandler [org.springframework.messaging.simp.broker.DefaultSubscriptionRegistry@38e8488f]]
2026-03-31T14:26:40.046+07:00  INFO 12376 --- [           main] o.s.m.s.b.SimpleBrokerMessageHandler     : Started.
2026-03-31T14:26:40.575+07:00  INFO 12376 --- [           main] o.s.m.s.b.SimpleBrokerMessageHandler     : Stopping...
2026-03-31T14:26:40.575+07:00  INFO 12376 --- [           main] o.s.m.s.b.SimpleBrokerMessageHandler     : BrokerAvailabilityEvent[available=false, SimpleBrokerMessageHandler [org.springframework.messaging.simp.broker.DefaultSubscriptionRegistry@38e8488f]]
2026-03-31T14:26:40.575+07:00  INFO 12376 --- [           main] o.s.m.s.b.SimpleBrokerMessageHandler     : Stopped.
2026-03-31T14:26:40.576+07:00  INFO 12376 --- [           main] j.LocalContainerEntityManagerFactoryBean : Closing JPA EntityManagerFactory for persistence unit 'default'
2026-03-31T14:26:40.578+07:00  INFO 12376 --- [           main] com.zaxxer.hikari.HikariDataSource       : HikariPool-5 - Shutdown initiated...
2026-03-31T14:26:40.580+07:00  INFO 12376 --- [           main] com.zaxxer.hikari.HikariDataSource       : HikariPool-5 - Shutdown completed.
]]></system-out>
  </testcase>
  <testcase name="login_unknownUsername_returns401" classname="com.restaurant.integration.AuthControllerIntegrationTest" time="0.233">
    <system-out><![CDATA[
  .   ____          _            __ _ _
 /\\ / ___'_ __ _ _(_)_ __  __ _ \ \ \ \
( ( )\___ | '_ | '_| | '_ \/ _` | \ \ \ \
 \\/  ___)| |_)| | | | | || (_| |  ) ) ) )
  '  |____| .__|_| |_|_| |_\__, | / / / /
 =========|_|==============|___/=/_/_/_/
 :: Spring Boot ::                (v3.2.3)

2026-03-31T14:26:40.902+07:00  INFO 12376 --- [           main] .s.d.r.c.RepositoryConfigurationDelegate : Bootstrapping Spring Data JPA repositories in DEFAULT mode.
2026-03-31T14:26:40.929+07:00  INFO 12376 --- [           main] .s.d.r.c.RepositoryConfigurationDelegate : Finished Spring Data repository scanning in 25 ms. Found 7 JPA repository interfaces.
2026-03-31T14:26:41.092+07:00  INFO 12376 --- [           main] o.hibernate.jpa.internal.util.LogHelper  : HHH000204: Processing PersistenceUnitInfo [name: default]
2026-03-31T14:26:41.101+07:00  INFO 12376 --- [           main] o.h.c.internal.RegionFactoryInitiator    : HHH000026: Second-level cache disabled
2026-03-31T14:26:41.113+07:00  INFO 12376 --- [           main] o.s.o.j.p.SpringPersistenceUnitInfo      : No LoadTimeWeaver setup: ignoring JPA class transformer
2026-03-31T14:26:41.120+07:00  INFO 12376 --- [           main] com.zaxxer.hikari.HikariDataSource       : HikariPool-6 - Starting...
2026-03-31T14:26:41.121+07:00  INFO 12376 --- [           main] com.zaxxer.hikari.pool.HikariPool        : HikariPool-6 - Added connection conn50: url=jdbc:h2:mem:testdb user=SA
2026-03-31T14:26:41.122+07:00  INFO 12376 --- [           main] com.zaxxer.hikari.HikariDataSource       : HikariPool-6 - Start completed.
2026-03-31T14:26:41.122+07:00  WARN 12376 --- [           main] org.hibernate.orm.deprecation            : HHH90000025: H2Dialect does not need to be specified explicitly using 'hibernate.dialect' (remove the property setting and it will be selected by default)
2026-03-31T14:26:41.372+07:00  INFO 12376 --- [           main] o.h.e.t.j.p.i.JtaPlatformInitiator       : HHH000489: No JTA platform available (set 'hibernate.transaction.jta.platform' to enable JTA platform integration)
2026-03-31T14:26:41.396+07:00  INFO 12376 --- [           main] j.LocalContainerEntityManagerFactoryBean : Initialized JPA EntityManagerFactory for persistence unit 'default'
2026-03-31T14:26:41.795+07:00  WARN 12376 --- [           main] JpaBaseConfiguration$JpaWebConfiguration : spring.jpa.open-in-view is enabled by default. Therefore, database queries may be performed during view rendering. Explicitly configure spring.jpa.open-in-view to disable this warning
2026-03-31T14:26:42.215+07:00  INFO 12376 --- [           main] o.s.b.t.m.w.SpringBootMockServletContext : Initializing Spring TestDispatcherServlet ''
2026-03-31T14:26:42.215+07:00  INFO 12376 --- [           main] o.s.t.web.servlet.TestDispatcherServlet  : Initializing Servlet ''
2026-03-31T14:26:42.217+07:00  INFO 12376 --- [           main] o.s.t.web.servlet.TestDispatcherServlet  : Completed initialization in 2 ms
2026-03-31T14:26:42.226+07:00  INFO 12376 --- [           main] o.s.m.s.b.SimpleBrokerMessageHandler     : Starting...
2026-03-31T14:26:42.226+07:00  INFO 12376 --- [           main] o.s.m.s.b.SimpleBrokerMessageHandler     : BrokerAvailabilityEvent[available=true, SimpleBrokerMessageHandler [org.springframework.messaging.simp.broker.DefaultSubscriptionRegistry@204b128b]]
2026-03-31T14:26:42.227+07:00  INFO 12376 --- [           main] o.s.m.s.b.SimpleBrokerMessageHandler     : Started.
2026-03-31T14:26:42.752+07:00  INFO 12376 --- [           main] o.s.m.s.b.SimpleBrokerMessageHandler     : Stopping...
2026-03-31T14:26:42.752+07:00  INFO 12376 --- [           main] o.s.m.s.b.SimpleBrokerMessageHandler     : BrokerAvailabilityEvent[available=false, SimpleBrokerMessageHandler [org.springframework.messaging.simp.broker.DefaultSubscriptionRegistry@204b128b]]
2026-03-31T14:26:42.753+07:00  INFO 12376 --- [           main] o.s.m.s.b.SimpleBrokerMessageHandler     : Stopped.
2026-03-31T14:26:42.754+07:00  INFO 12376 --- [           main] j.LocalContainerEntityManagerFactoryBean : Closing JPA EntityManagerFactory for persistence unit 'default'
2026-03-31T14:26:42.756+07:00  INFO 12376 --- [           main] com.zaxxer.hikari.HikariDataSource       : HikariPool-6 - Shutdown initiated...
2026-03-31T14:26:42.757+07:00  INFO 12376 --- [           main] com.zaxxer.hikari.HikariDataSource       : HikariPool-6 - Shutdown completed.
]]></system-out>
  </testcase>
  <testcase name="register_weakPassword_returns400" classname="com.restaurant.integration.AuthControllerIntegrationTest" time="0.03">
    <system-out><![CDATA[
  .   ____          _            __ _ _
 /\\ / ___'_ __ _ _(_)_ __  __ _ \ \ \ \
( ( )\___ | '_ | '_| | '_ \/ _` | \ \ \ \
 \\/  ___)| |_)| | | | | || (_| |  ) ) ) )
  '  |____| .__|_| |_|_| |_\__, | / / / /
 =========|_|==============|___/=/_/_/_/
 :: Spring Boot ::                (v3.2.3)

2026-03-31T14:26:43.027+07:00  INFO 12376 --- [           main] .s.d.r.c.RepositoryConfigurationDelegate : Bootstrapping Spring Data JPA repositories in DEFAULT mode.
2026-03-31T14:26:43.058+07:00  INFO 12376 --- [           main] .s.d.r.c.RepositoryConfigurationDelegate : Finished Spring Data repository scanning in 31 ms. Found 7 JPA repository interfaces.
2026-03-31T14:26:43.203+07:00  INFO 12376 --- [           main] o.hibernate.jpa.internal.util.LogHelper  : HHH000204: Processing PersistenceUnitInfo [name: default]
2026-03-31T14:26:43.208+07:00  INFO 12376 --- [           main] o.h.c.internal.RegionFactoryInitiator    : HHH000026: Second-level cache disabled
2026-03-31T14:26:43.215+07:00  INFO 12376 --- [           main] o.s.o.j.p.SpringPersistenceUnitInfo      : No LoadTimeWeaver setup: ignoring JPA class transformer
2026-03-31T14:26:43.217+07:00  INFO 12376 --- [           main] com.zaxxer.hikari.HikariDataSource       : HikariPool-7 - Starting...
2026-03-31T14:26:43.218+07:00  INFO 12376 --- [           main] com.zaxxer.hikari.pool.HikariPool        : HikariPool-7 - Added connection conn60: url=jdbc:h2:mem:testdb user=SA
2026-03-31T14:26:43.219+07:00  INFO 12376 --- [           main] com.zaxxer.hikari.HikariDataSource       : HikariPool-7 - Start completed.
2026-03-31T14:26:43.219+07:00  WARN 12376 --- [           main] org.hibernate.orm.deprecation            : HHH90000025: H2Dialect does not need to be specified explicitly using 'hibernate.dialect' (remove the property setting and it will be selected by default)
2026-03-31T14:26:43.388+07:00  INFO 12376 --- [           main] o.h.e.t.j.p.i.JtaPlatformInitiator       : HHH000489: No JTA platform available (set 'hibernate.transaction.jta.platform' to enable JTA platform integration)
2026-03-31T14:26:43.409+07:00  INFO 12376 --- [           main] j.LocalContainerEntityManagerFactoryBean : Initialized JPA EntityManagerFactory for persistence unit 'default'
2026-03-31T14:26:43.718+07:00  WARN 12376 --- [           main] JpaBaseConfiguration$JpaWebConfiguration : spring.jpa.open-in-view is enabled by default. Therefore, database queries may be performed during view rendering. Explicitly configure spring.jpa.open-in-view to disable this warning
2026-03-31T14:26:43.929+07:00  INFO 12376 --- [           main] o.s.b.t.m.w.SpringBootMockServletContext : Initializing Spring TestDispatcherServlet ''
2026-03-31T14:26:43.930+07:00  INFO 12376 --- [           main] o.s.t.web.servlet.TestDispatcherServlet  : Initializing Servlet ''
2026-03-31T14:26:43.931+07:00  INFO 12376 --- [           main] o.s.t.web.servlet.TestDispatcherServlet  : Completed initialization in 1 ms
2026-03-31T14:26:43.937+07:00  INFO 12376 --- [           main] o.s.m.s.b.SimpleBrokerMessageHandler     : Starting...
2026-03-31T14:26:43.937+07:00  INFO 12376 --- [           main] o.s.m.s.b.SimpleBrokerMessageHandler     : BrokerAvailabilityEvent[available=true, SimpleBrokerMessageHandler [org.springframework.messaging.simp.broker.DefaultSubscriptionRegistry@51b9ee5e]]
2026-03-31T14:26:43.938+07:00  INFO 12376 --- [           main] o.s.m.s.b.SimpleBrokerMessageHandler     : Started.
2026-03-31T14:26:44.206+07:00  INFO 12376 --- [           main] o.s.m.s.b.SimpleBrokerMessageHandler     : Stopping...
2026-03-31T14:26:44.206+07:00  INFO 12376 --- [           main] o.s.m.s.b.SimpleBrokerMessageHandler     : BrokerAvailabilityEvent[available=false, SimpleBrokerMessageHandler [org.springframework.messaging.simp.broker.DefaultSubscriptionRegistry@51b9ee5e]]
2026-03-31T14:26:44.206+07:00  INFO 12376 --- [           main] o.s.m.s.b.SimpleBrokerMessageHandler     : Stopped.
2026-03-31T14:26:44.208+07:00  INFO 12376 --- [           main] j.LocalContainerEntityManagerFactoryBean : Closing JPA EntityManagerFactory for persistence unit 'default'
2026-03-31T14:26:44.211+07:00  INFO 12376 --- [           main] com.zaxxer.hikari.HikariDataSource       : HikariPool-7 - Shutdown initiated...
2026-03-31T14:26:44.212+07:00  INFO 12376 --- [           main] com.zaxxer.hikari.HikariDataSource       : HikariPool-7 - Shutdown completed.
]]></system-out>
  </testcase>
  <testcase name="register_duplicateEmail_returns400" classname="com.restaurant.integration.AuthControllerIntegrationTest" time="0.147">
    <system-out><![CDATA[
  .   ____          _            __ _ _
 /\\ / ___'_ __ _ _(_)_ __  __ _ \ \ \ \
( ( )\___ | '_ | '_| | '_ \/ _` | \ \ \ \
 \\/  ___)| |_)| | | | | || (_| |  ) ) ) )
  '  |____| .__|_| |_|_| |_\__, | / / / /
 =========|_|==============|___/=/_/_/_/
 :: Spring Boot ::                (v3.2.3)

2026-03-31T14:26:44.457+07:00  INFO 12376 --- [           main] .s.d.r.c.RepositoryConfigurationDelegate : Bootstrapping Spring Data JPA repositories in DEFAULT mode.
2026-03-31T14:26:44.483+07:00  INFO 12376 --- [           main] .s.d.r.c.RepositoryConfigurationDelegate : Finished Spring Data repository scanning in 25 ms. Found 7 JPA repository interfaces.
2026-03-31T14:26:44.612+07:00  INFO 12376 --- [           main] o.hibernate.jpa.internal.util.LogHelper  : HHH000204: Processing PersistenceUnitInfo [name: default]
2026-03-31T14:26:44.621+07:00  INFO 12376 --- [           main] o.h.c.internal.RegionFactoryInitiator    : HHH000026: Second-level cache disabled
2026-03-31T14:26:44.627+07:00  INFO 12376 --- [           main] o.s.o.j.p.SpringPersistenceUnitInfo      : No LoadTimeWeaver setup: ignoring JPA class transformer
2026-03-31T14:26:44.631+07:00  INFO 12376 --- [           main] com.zaxxer.hikari.HikariDataSource       : HikariPool-8 - Starting...
2026-03-31T14:26:44.634+07:00  INFO 12376 --- [           main] com.zaxxer.hikari.pool.HikariPool        : HikariPool-8 - Added connection conn70: url=jdbc:h2:mem:testdb user=SA
2026-03-31T14:26:44.634+07:00  INFO 12376 --- [           main] com.zaxxer.hikari.HikariDataSource       : HikariPool-8 - Start completed.
2026-03-31T14:26:44.634+07:00  WARN 12376 --- [           main] org.hibernate.orm.deprecation            : HHH90000025: H2Dialect does not need to be specified explicitly using 'hibernate.dialect' (remove the property setting and it will be selected by default)
2026-03-31T14:26:44.828+07:00  INFO 12376 --- [           main] o.h.e.t.j.p.i.JtaPlatformInitiator       : HHH000489: No JTA platform available (set 'hibernate.transaction.jta.platform' to enable JTA platform integration)
2026-03-31T14:26:44.852+07:00  INFO 12376 --- [           main] j.LocalContainerEntityManagerFactoryBean : Initialized JPA EntityManagerFactory for persistence unit 'default'
2026-03-31T14:26:45.286+07:00  WARN 12376 --- [           main] JpaBaseConfiguration$JpaWebConfiguration : spring.jpa.open-in-view is enabled by default. Therefore, database queries may be performed during view rendering. Explicitly configure spring.jpa.open-in-view to disable this warning
2026-03-31T14:26:45.540+07:00  INFO 12376 --- [           main] o.s.b.t.m.w.SpringBootMockServletContext : Initializing Spring TestDispatcherServlet ''
2026-03-31T14:26:45.540+07:00  INFO 12376 --- [           main] o.s.t.web.servlet.TestDispatcherServlet  : Initializing Servlet ''
2026-03-31T14:26:45.542+07:00  INFO 12376 --- [           main] o.s.t.web.servlet.TestDispatcherServlet  : Completed initialization in 2 ms
2026-03-31T14:26:45.549+07:00  INFO 12376 --- [           main] o.s.m.s.b.SimpleBrokerMessageHandler     : Starting...
2026-03-31T14:26:45.549+07:00  INFO 12376 --- [           main] o.s.m.s.b.SimpleBrokerMessageHandler     : BrokerAvailabilityEvent[available=true, SimpleBrokerMessageHandler [org.springframework.messaging.simp.broker.DefaultSubscriptionRegistry@7a9b56b2]]
2026-03-31T14:26:45.550+07:00  INFO 12376 --- [           main] o.s.m.s.b.SimpleBrokerMessageHandler     : Started.
2026-03-31T14:26:45.959+07:00  INFO 12376 --- [           main] o.s.m.s.b.SimpleBrokerMessageHandler     : Stopping...
2026-03-31T14:26:45.960+07:00  INFO 12376 --- [           main] o.s.m.s.b.SimpleBrokerMessageHandler     : BrokerAvailabilityEvent[available=false, SimpleBrokerMessageHandler [org.springframework.messaging.simp.broker.DefaultSubscriptionRegistry@7a9b56b2]]
2026-03-31T14:26:45.960+07:00  INFO 12376 --- [           main] o.s.m.s.b.SimpleBrokerMessageHandler     : Stopped.
2026-03-31T14:26:45.961+07:00  INFO 12376 --- [           main] j.LocalContainerEntityManagerFactoryBean : Closing JPA EntityManagerFactory for persistence unit 'default'
2026-03-31T14:26:45.964+07:00  INFO 12376 --- [           main] com.zaxxer.hikari.HikariDataSource       : HikariPool-8 - Shutdown initiated...
2026-03-31T14:26:45.965+07:00  INFO 12376 --- [           main] com.zaxxer.hikari.HikariDataSource       : HikariPool-8 - Shutdown completed.
]]></system-out>
  </testcase>
  <testcase name="register_duplicateUsername_returns400" classname="com.restaurant.integration.AuthControllerIntegrationTest" time="0.141">
    <system-out><![CDATA[
  .   ____          _            __ _ _
 /\\ / ___'_ __ _ _(_)_ __  __ _ \ \ \ \
( ( )\___ | '_ | '_| | '_ \/ _` | \ \ \ \
 \\/  ___)| |_)| | | | | || (_| |  ) ) ) )
  '  |____| .__|_| |_|_| |_\__, | / / / /
 =========|_|==============|___/=/_/_/_/
 :: Spring Boot ::                (v3.2.3)

2026-03-31T14:26:46.213+07:00  INFO 12376 --- [           main] .s.d.r.c.RepositoryConfigurationDelegate : Bootstrapping Spring Data JPA repositories in DEFAULT mode.
2026-03-31T14:26:46.242+07:00  INFO 12376 --- [           main] .s.d.r.c.RepositoryConfigurationDelegate : Finished Spring Data repository scanning in 28 ms. Found 7 JPA repository interfaces.
2026-03-31T14:26:46.351+07:00  INFO 12376 --- [           main] o.hibernate.jpa.internal.util.LogHelper  : HHH000204: Processing PersistenceUnitInfo [name: default]
2026-03-31T14:26:46.357+07:00  INFO 12376 --- [           main] o.h.c.internal.RegionFactoryInitiator    : HHH000026: Second-level cache disabled
2026-03-31T14:26:46.364+07:00  INFO 12376 --- [           main] o.s.o.j.p.SpringPersistenceUnitInfo      : No LoadTimeWeaver setup: ignoring JPA class transformer
2026-03-31T14:26:46.367+07:00  INFO 12376 --- [           main] com.zaxxer.hikari.HikariDataSource       : HikariPool-9 - Starting...
2026-03-31T14:26:46.368+07:00  INFO 12376 --- [           main] com.zaxxer.hikari.pool.HikariPool        : HikariPool-9 - Added connection conn80: url=jdbc:h2:mem:testdb user=SA
2026-03-31T14:26:46.368+07:00  INFO 12376 --- [           main] com.zaxxer.hikari.HikariDataSource       : HikariPool-9 - Start completed.
2026-03-31T14:26:46.369+07:00  WARN 12376 --- [           main] org.hibernate.orm.deprecation            : HHH90000025: H2Dialect does not need to be specified explicitly using 'hibernate.dialect' (remove the property setting and it will be selected by default)
2026-03-31T14:26:46.546+07:00  INFO 12376 --- [           main] o.h.e.t.j.p.i.JtaPlatformInitiator       : HHH000489: No JTA platform available (set 'hibernate.transaction.jta.platform' to enable JTA platform integration)
2026-03-31T14:26:46.565+07:00  INFO 12376 --- [           main] j.LocalContainerEntityManagerFactoryBean : Initialized JPA EntityManagerFactory for persistence unit 'default'
2026-03-31T14:26:46.862+07:00  WARN 12376 --- [           main] JpaBaseConfiguration$JpaWebConfiguration : spring.jpa.open-in-view is enabled by default. Therefore, database queries may be performed during view rendering. Explicitly configure spring.jpa.open-in-view to disable this warning
2026-03-31T14:26:47.223+07:00  INFO 12376 --- [           main] o.s.b.t.m.w.SpringBootMockServletContext : Initializing Spring TestDispatcherServlet ''
2026-03-31T14:26:47.223+07:00  INFO 12376 --- [           main] o.s.t.web.servlet.TestDispatcherServlet  : Initializing Servlet ''
2026-03-31T14:26:47.227+07:00  INFO 12376 --- [           main] o.s.t.web.servlet.TestDispatcherServlet  : Completed initialization in 4 ms
2026-03-31T14:26:47.237+07:00  INFO 12376 --- [           main] o.s.m.s.b.SimpleBrokerMessageHandler     : Starting...
2026-03-31T14:26:47.237+07:00  INFO 12376 --- [           main] o.s.m.s.b.SimpleBrokerMessageHandler     : BrokerAvailabilityEvent[available=true, SimpleBrokerMessageHandler [org.springframework.messaging.simp.broker.DefaultSubscriptionRegistry@6cb71851]]
2026-03-31T14:26:47.239+07:00  INFO 12376 --- [           main] o.s.m.s.b.SimpleBrokerMessageHandler     : Started.
2026-03-31T14:26:47.667+07:00  INFO 12376 --- [           main] o.s.m.s.b.SimpleBrokerMessageHandler     : Stopping...
2026-03-31T14:26:47.667+07:00  INFO 12376 --- [           main] o.s.m.s.b.SimpleBrokerMessageHandler     : BrokerAvailabilityEvent[available=false, SimpleBrokerMessageHandler [org.springframework.messaging.simp.broker.DefaultSubscriptionRegistry@6cb71851]]
2026-03-31T14:26:47.667+07:00  INFO 12376 --- [           main] o.s.m.s.b.SimpleBrokerMessageHandler     : Stopped.
2026-03-31T14:26:47.668+07:00  INFO 12376 --- [           main] j.LocalContainerEntityManagerFactoryBean : Closing JPA EntityManagerFactory for persistence unit 'default'
2026-03-31T14:26:47.671+07:00  INFO 12376 --- [           main] com.zaxxer.hikari.HikariDataSource       : HikariPool-9 - Shutdown initiated...
2026-03-31T14:26:47.672+07:00  INFO 12376 --- [           main] com.zaxxer.hikari.HikariDataSource       : HikariPool-9 - Shutdown completed.
]]></system-out>
  </testcase>
  <testcase name="login_wrongPassword_returns401" classname="com.restaurant.integration.AuthControllerIntegrationTest" time="0.212">
    <system-out><![CDATA[
  .   ____          _            __ _ _
 /\\ / ___'_ __ _ _(_)_ __  __ _ \ \ \ \
( ( )\___ | '_ | '_| | '_ \/ _` | \ \ \ \
 \\/  ___)| |_)| | | | | || (_| |  ) ) ) )
  '  |____| .__|_| |_|_| |_\__, | / / / /
 =========|_|==============|___/=/_/_/_/
 :: Spring Boot ::                (v3.2.3)

2026-03-31T14:26:47.908+07:00  INFO 12376 --- [           main] .s.d.r.c.RepositoryConfigurationDelegate : Bootstrapping Spring Data JPA repositories in DEFAULT mode.
2026-03-31T14:26:47.934+07:00  INFO 12376 --- [           main] .s.d.r.c.RepositoryConfigurationDelegate : Finished Spring Data repository scanning in 25 ms. Found 7 JPA repository interfaces.
2026-03-31T14:26:48.023+07:00  INFO 12376 --- [           main] o.hibernate.jpa.internal.util.LogHelper  : HHH000204: Processing PersistenceUnitInfo [name: default]
2026-03-31T14:26:48.029+07:00  INFO 12376 --- [           main] o.h.c.internal.RegionFactoryInitiator    : HHH000026: Second-level cache disabled
2026-03-31T14:26:48.039+07:00  INFO 12376 --- [           main] o.s.o.j.p.SpringPersistenceUnitInfo      : No LoadTimeWeaver setup: ignoring JPA class transformer
2026-03-31T14:26:48.042+07:00  INFO 12376 --- [           main] com.zaxxer.hikari.HikariDataSource       : HikariPool-10 - Starting...
2026-03-31T14:26:48.043+07:00  INFO 12376 --- [           main] com.zaxxer.hikari.pool.HikariPool        : HikariPool-10 - Added connection conn90: url=jdbc:h2:mem:testdb user=SA
2026-03-31T14:26:48.043+07:00  INFO 12376 --- [           main] com.zaxxer.hikari.HikariDataSource       : HikariPool-10 - Start completed.
2026-03-31T14:26:48.043+07:00  WARN 12376 --- [           main] org.hibernate.orm.deprecation            : HHH90000025: H2Dialect does not need to be specified explicitly using 'hibernate.dialect' (remove the property setting and it will be selected by default)
2026-03-31T14:26:48.197+07:00  INFO 12376 --- [           main] o.h.e.t.j.p.i.JtaPlatformInitiator       : HHH000489: No JTA platform available (set 'hibernate.transaction.jta.platform' to enable JTA platform integration)
2026-03-31T14:26:48.223+07:00  INFO 12376 --- [           main] j.LocalContainerEntityManagerFactoryBean : Initialized JPA EntityManagerFactory for persistence unit 'default'
2026-03-31T14:26:48.461+07:00  WARN 12376 --- [           main] JpaBaseConfiguration$JpaWebConfiguration : spring.jpa.open-in-view is enabled by default. Therefore, database queries may be performed during view rendering. Explicitly configure spring.jpa.open-in-view to disable this warning
2026-03-31T14:26:48.675+07:00  INFO 12376 --- [           main] o.s.b.t.m.w.SpringBootMockServletContext : Initializing Spring TestDispatcherServlet ''
2026-03-31T14:26:48.675+07:00  INFO 12376 --- [           main] o.s.t.web.servlet.TestDispatcherServlet  : Initializing Servlet ''
2026-03-31T14:26:48.676+07:00  INFO 12376 --- [           main] o.s.t.web.servlet.TestDispatcherServlet  : Completed initialization in 1 ms
2026-03-31T14:26:48.684+07:00  INFO 12376 --- [           main] o.s.m.s.b.SimpleBrokerMessageHandler     : Starting...
2026-03-31T14:26:48.684+07:00  INFO 12376 --- [           main] o.s.m.s.b.SimpleBrokerMessageHandler     : BrokerAvailabilityEvent[available=true, SimpleBrokerMessageHandler [org.springframework.messaging.simp.broker.DefaultSubscriptionRegistry@2dfb9368]]
2026-03-31T14:26:48.684+07:00  INFO 12376 --- [           main] o.s.m.s.b.SimpleBrokerMessageHandler     : Started.
2026-03-31T14:26:49.127+07:00  INFO 12376 --- [           main] o.s.m.s.b.SimpleBrokerMessageHandler     : Stopping...
2026-03-31T14:26:49.127+07:00  INFO 12376 --- [           main] o.s.m.s.b.SimpleBrokerMessageHandler     : BrokerAvailabilityEvent[available=false, SimpleBrokerMessageHandler [org.springframework.messaging.simp.broker.DefaultSubscriptionRegistry@2dfb9368]]
2026-03-31T14:26:49.127+07:00  INFO 12376 --- [           main] o.s.m.s.b.SimpleBrokerMessageHandler     : Stopped.
2026-03-31T14:26:49.129+07:00  INFO 12376 --- [           main] j.LocalContainerEntityManagerFactoryBean : Closing JPA EntityManagerFactory for persistence unit 'default'
2026-03-31T14:26:49.133+07:00  INFO 12376 --- [           main] com.zaxxer.hikari.HikariDataSource       : HikariPool-10 - Shutdown initiated...
2026-03-31T14:26:49.134+07:00  INFO 12376 --- [           main] com.zaxxer.hikari.HikariDataSource       : HikariPool-10 - Shutdown completed.
]]></system-out>
  </testcase>
</testsuite>