<?xml version="1.0" encoding="UTF-8"?>
<testsuite xmlns:xsi="http://www.w3.org/2001/XMLSchema-instance" xsi:noNamespaceSchemaLocation="https://maven.apache.org/surefire/maven-surefire-plugin/xsd/surefire-test-report-3.0.xsd" version="3.0" name="com.restaurant.integration.OrderControllerIntegrationTest" time="15.084" tests="9" errors="0" skipped="0" failures="0">
  <properties>
[...]
</properties>
  <testcase name="placeOrder_multipleFromSameTable_createsSeparateOrdersInSameSession" classname="com.restaurant.integration.OrderControllerIntegrationTest" time="0.394">
    <system-out><![CDATA[2026-03-31T14:26:49.144+07:00  INFO 12376 --- [           main] t.c.s.AnnotationConfigContextLoaderUtils : Could not detect default configuration classes for test class [com.restaurant.integration.OrderControllerIntegrationTest]: OrderControllerIntegrationTest does not declare any static, non-private, non-final, nested classes annotated with @Configuration.
2026-03-31T14:26:49.150+07:00  INFO 12376 --- [           main] .b.t.c.SpringBootTestContextBootstrapper : Found @SpringBootConfiguration com.restaurant.RestaurantApplication for test class com.restaurant.integration.OrderControllerIntegrationTest

  .   ____          _            __ _ _
 /\\ / ___'_ __ _ _(_)_ __  __ _ \ \ \ \
( ( )\___ | '_ | '_| | '_ \/ _` | \ \ \ \
 \\/  ___)| |_)| | | | | || (_| |  ) ) ) )
  '  |____| .__|_| |_|_| |_\__, | / / / /
 =========|_|==============|___/=/_/_/_/
 :: Spring Boot ::                (v3.2.3)

2026-03-31T14:26:49.438+07:00  INFO 12376 --- [           main] .s.d.r.c.RepositoryConfigurationDelegate : Bootstrapping Spring Data JPA repositories in DEFAULT mode.
2026-03-31T14:26:49.464+07:00  INFO 12376 --- [           main] .s.d.r.c.RepositoryConfigurationDelegate : Finished Spring Data repository scanning in 26 ms. Found 7 JPA repository interfaces.
2026-03-31T14:26:49.564+07:00  INFO 12376 --- [           main] o.hibernate.jpa.internal.util.LogHelper  : HHH000204: Processing PersistenceUnitInfo [name: default]
2026-03-31T14:26:49.574+07:00  INFO 12376 --- [           main] o.h.c.internal.RegionFactoryInitiator    : HHH000026: Second-level cache disabled
2026-03-31T14:26:49.581+07:00  INFO 12376 --- [           main] o.s.o.j.p.SpringPersistenceUnitInfo      : No LoadTimeWeaver setup: ignoring JPA class transformer
2026-03-31T14:26:49.585+07:00  INFO 12376 --- [           main] com.zaxxer.hikari.HikariDataSource       : HikariPool-11 - Starting...
2026-03-31T14:26:49.586+07:00  INFO 12376 --- [           main] com.zaxxer.hikari.pool.HikariPool        : HikariPool-11 - Added connection conn100: url=jdbc:h2:mem:testdb user=SA
2026-03-31T14:26:49.587+07:00  INFO 12376 --- [           main] com.zaxxer.hikari.HikariDataSource       : HikariPool-11 - Start completed.
2026-03-31T14:26:49.587+07:00  WARN 12376 --- [           main] org.hibernate.orm.deprecation            : HHH90000025: H2Dialect does not need to be specified explicitly using 'hibernate.dialect' (remove the property setting and it will be selected by default)
2026-03-31T14:26:49.751+07:00  INFO 12376 --- [           main] o.h.e.t.j.p.i.JtaPlatformInitiator       : HHH000489: No JTA platform available (set 'hibernate.transaction.jta.platform' to enable JTA platform integration)
2026-03-31T14:26:49.770+07:00  INFO 12376 --- [           main] j.LocalContainerEntityManagerFactoryBean : Initialized JPA EntityManagerFactory for persistence unit 'default'
2026-03-31T14:26:50.088+07:00  WARN 12376 --- [           main] JpaBaseConfiguration$JpaWebConfiguration : spring.jpa.open-in-view is enabled by default. Therefore, database queries may be performed during view rendering. Explicitly configure spring.jpa.open-in-view to disable this warning
2026-03-31T14:26:50.482+07:00  INFO 12376 --- [           main] o.s.b.t.m.w.SpringBootMockServletContext : Initializing Spring TestDispatcherServlet ''
2026-03-31T14:26:50.482+07:00  INFO 12376 --- [           main] o.s.t.web.servlet.TestDispatcherServlet  : Initializing Servlet ''
2026-03-31T14:26:50.484+07:00  INFO 12376 --- [           main] o.s.t.web.servlet.TestDispatcherServlet  : Completed initialization in 2 ms
2026-03-31T14:26:50.494+07:00  INFO 12376 --- [           main] o.s.m.s.b.SimpleBrokerMessageHandler     : Starting...
2026-03-31T14:26:50.494+07:00  INFO 12376 --- [           main] o.s.m.s.b.SimpleBrokerMessageHandler     : BrokerAvailabilityEvent[available=true, SimpleBrokerMessageHandler [org.springframework.messaging.simp.broker.DefaultSubscriptionRegistry@72b06c51]]
2026-03-31T14:26:50.494+07:00  INFO 12376 --- [           main] o.s.m.s.b.SimpleBrokerMessageHandler     : Started.
2026-03-31T14:26:51.267+07:00  INFO 12376 --- [           main] o.s.m.s.b.SimpleBrokerMessageHandler     : Stopping...
2026-03-31T14:26:51.267+07:00  INFO 12376 --- [           main] o.s.m.s.b.SimpleBrokerMessageHandler     : BrokerAvailabilityEvent[available=false, SimpleBrokerMessageHandler [org.springframework.messaging.simp.broker.DefaultSubscriptionRegistry@72b06c51]]
2026-03-31T14:26:51.267+07:00  INFO 12376 --- [           main] o.s.m.s.b.SimpleBrokerMessageHandler     : Stopped.
2026-03-31T14:26:51.270+07:00  INFO 12376 --- [           main] j.LocalContainerEntityManagerFactoryBean : Closing JPA EntityManagerFactory for persistence unit 'default'
2026-03-31T14:26:51.273+07:00  INFO 12376 --- [           main] com.zaxxer.hikari.HikariDataSource       : HikariPool-11 - Shutdown initiated...
2026-03-31T14:26:51.274+07:00  INFO 12376 --- [           main] com.zaxxer.hikari.HikariDataSource       : HikariPool-11 - Shutdown completed.
]]></system-out>
  </testcase>
  <testcase name="trackOrder_unknownOrderNumber_returns400" classname="com.restaurant.integration.OrderControllerIntegrationTest" time="0.021">
    <system-out><![CDATA[
  .   ____          _            __ _ _
 /\\ / ___'_ __ _ _(_)_ __  __ _ \ \ \ \
( ( )\___ | '_ | '_| | '_ \/ _` | \ \ \ \
 \\/  ___)| |_)| | | | | || (_| |  ) ) ) )
  '  |____| .__|_| |_|_| |_\__, | / / / /
 =========|_|==============|___/=/_/_/_/
 :: Spring Boot ::                (v3.2.3)

2026-03-31T14:26:51.621+07:00  INFO 12376 --- [           main] .s.d.r.c.RepositoryConfigurationDelegate : Bootstrapping Spring Data JPA repositories in DEFAULT mode.
2026-03-31T14:26:51.648+07:00  INFO 12376 --- [           main] .s.d.r.c.RepositoryConfigurationDelegate : Finished Spring Data repository scanning in 26 ms. Found 7 JPA repository interfaces.
2026-03-31T14:26:51.786+07:00  INFO 12376 --- [           main] o.hibernate.jpa.internal.util.LogHelper  : HHH000204: Processing PersistenceUnitInfo [name: default]
2026-03-31T14:26:51.794+07:00  INFO 12376 --- [           main] o.h.c.internal.RegionFactoryInitiator    : HHH000026: Second-level cache disabled
2026-03-31T14:26:51.803+07:00  INFO 12376 --- [           main] o.s.o.j.p.SpringPersistenceUnitInfo      : No LoadTimeWeaver setup: ignoring JPA class transformer
2026-03-31T14:26:51.806+07:00  INFO 12376 --- [           main] com.zaxxer.hikari.HikariDataSource       : HikariPool-12 - Starting...
2026-03-31T14:26:51.808+07:00  INFO 12376 --- [           main] com.zaxxer.hikari.pool.HikariPool        : HikariPool-12 - Added connection conn110: url=jdbc:h2:mem:testdb user=SA
2026-03-31T14:26:51.808+07:00  INFO 12376 --- [           main] com.zaxxer.hikari.HikariDataSource       : HikariPool-12 - Start completed.
2026-03-31T14:26:51.808+07:00  WARN 12376 --- [           main] org.hibernate.orm.deprecation            : HHH90000025: H2Dialect does not need to be specified explicitly using 'hibernate.dialect' (remove the property setting and it will be selected by default)
2026-03-31T14:26:52.006+07:00  INFO 12376 --- [           main] o.h.e.t.j.p.i.JtaPlatformInitiator       : HHH000489: No JTA platform available (set 'hibernate.transaction.jta.platform' to enable JTA platform integration)
2026-03-31T14:26:52.028+07:00  INFO 12376 --- [           main] j.LocalContainerEntityManagerFactoryBean : Initialized JPA EntityManagerFactory for persistence unit 'default'
2026-03-31T14:26:52.475+07:00  WARN 12376 --- [           main] JpaBaseConfiguration$JpaWebConfiguration : spring.jpa.open-in-view is enabled by default. Therefore, database queries may be performed during view rendering. Explicitly configure spring.jpa.open-in-view to disable this warning
2026-03-31T14:26:52.715+07:00  INFO 12376 --- [           main] o.s.b.t.m.w.SpringBootMockServletContext : Initializing Spring TestDispatcherServlet ''
2026-03-31T14:26:52.716+07:00  INFO 12376 --- [           main] o.s.t.web.servlet.TestDispatcherServlet  : Initializing Servlet ''
2026-03-31T14:26:52.717+07:00  INFO 12376 --- [           main] o.s.t.web.servlet.TestDispatcherServlet  : Completed initialization in 1 ms
2026-03-31T14:26:52.723+07:00  INFO 12376 --- [           main] o.s.m.s.b.SimpleBrokerMessageHandler     : Starting...
2026-03-31T14:26:52.724+07:00  INFO 12376 --- [           main] o.s.m.s.b.SimpleBrokerMessageHandler     : BrokerAvailabilityEvent[available=true, SimpleBrokerMessageHandler [org.springframework.messaging.simp.broker.DefaultSubscriptionRegistry@324da127]]
2026-03-31T14:26:52.724+07:00  INFO 12376 --- [           main] o.s.m.s.b.SimpleBrokerMessageHandler     : Started.
2026-03-31T14:26:52.981+07:00  INFO 12376 --- [           main] o.s.m.s.b.SimpleBrokerMessageHandler     : Stopping...
2026-03-31T14:26:52.981+07:00  INFO 12376 --- [           main] o.s.m.s.b.SimpleBrokerMessageHandler     : BrokerAvailabilityEvent[available=false, SimpleBrokerMessageHandler [org.springframework.messaging.simp.broker.DefaultSubscriptionRegistry@324da127]]
2026-03-31T14:26:52.981+07:00  INFO 12376 --- [           main] o.s.m.s.b.SimpleBrokerMessageHandler     : Stopped.
2026-03-31T14:26:52.983+07:00  INFO 12376 --- [           main] j.LocalContainerEntityManagerFactoryBean : Closing JPA EntityManagerFactory for persistence unit 'default'
2026-03-31T14:26:52.986+07:00  INFO 12376 --- [           main] com.zaxxer.hikari.HikariDataSource       : HikariPool-12 - Shutdown initiated...
2026-03-31T14:26:52.987+07:00  INFO 12376 --- [           main] com.zaxxer.hikari.HikariDataSource       : HikariPool-12 - Shutdown completed.
]]></system-out>
  </testcase>
  <testcase name="placeOrder_emptyItems_returns400" classname="com.restaurant.integration.OrderControllerIntegrationTest" time="0.044">
    <system-out><![CDATA[
  .   ____          _            __ _ _
 /\\ / ___'_ __ _ _(_)_ __  __ _ \ \ \ \
( ( )\___ | '_ | '_| | '_ \/ _` | \ \ \ \
 \\/  ___)| |_)| | | | | || (_| |  ) ) ) )
  '  |____| .__|_| |_|_| |_\__, | / / / /
 =========|_|==============|___/=/_/_/_/
 :: Spring Boot ::                (v3.2.3)

2026-03-31T14:26:53.222+07:00  INFO 12376 --- [           main] .s.d.r.c.RepositoryConfigurationDelegate : Bootstrapping Spring Data JPA repositories in DEFAULT mode.
2026-03-31T14:26:53.245+07:00  INFO 12376 --- [           main] .s.d.r.c.RepositoryConfigurationDelegate : Finished Spring Data repository scanning in 22 ms. Found 7 JPA repository interfaces.
2026-03-31T14:26:53.333+07:00  INFO 12376 --- [           main] o.hibernate.jpa.internal.util.LogHelper  : HHH000204: Processing PersistenceUnitInfo [name: default]
2026-03-31T14:26:53.338+07:00  INFO 12376 --- [           main] o.h.c.internal.RegionFactoryInitiator    : HHH000026: Second-level cache disabled
2026-03-31T14:26:53.345+07:00  INFO 12376 --- [           main] o.s.o.j.p.SpringPersistenceUnitInfo      : No LoadTimeWeaver setup: ignoring JPA class transformer
2026-03-31T14:26:53.348+07:00  INFO 12376 --- [           main] com.zaxxer.hikari.HikariDataSource       : HikariPool-13 - Starting...
2026-03-31T14:26:53.349+07:00  INFO 12376 --- [           main] com.zaxxer.hikari.pool.HikariPool        : HikariPool-13 - Added connection conn120: url=jdbc:h2:mem:testdb user=SA
2026-03-31T14:26:53.349+07:00  INFO 12376 --- [           main] com.zaxxer.hikari.HikariDataSource       : HikariPool-13 - Start completed.
2026-03-31T14:26:53.349+07:00  WARN 12376 --- [           main] org.hibernate.orm.deprecation            : HHH90000025: H2Dialect does not need to be specified explicitly using 'hibernate.dialect' (remove the property setting and it will be selected by default)
2026-03-31T14:26:53.503+07:00  INFO 12376 --- [           main] o.h.e.t.j.p.i.JtaPlatformInitiator       : HHH000489: No JTA platform available (set 'hibernate.transaction.jta.platform' to enable JTA platform integration)
2026-03-31T14:26:53.522+07:00  INFO 12376 --- [           main] j.LocalContainerEntityManagerFactoryBean : Initialized JPA EntityManagerFactory for persistence unit 'default'
2026-03-31T14:26:53.822+07:00  WARN 12376 --- [           main] JpaBaseConfiguration$JpaWebConfiguration : spring.jpa.open-in-view is enabled by default. Therefore, database queries may be performed during view rendering. Explicitly configure spring.jpa.open-in-view to disable this warning
2026-03-31T14:26:54.026+07:00  INFO 12376 --- [           main] o.s.b.t.m.w.SpringBootMockServletContext : Initializing Spring TestDispatcherServlet ''
2026-03-31T14:26:54.026+07:00  INFO 12376 --- [           main] o.s.t.web.servlet.TestDispatcherServlet  : Initializing Servlet ''
2026-03-31T14:26:54.027+07:00  INFO 12376 --- [           main] o.s.t.web.servlet.TestDispatcherServlet  : Completed initialization in 1 ms
2026-03-31T14:26:54.030+07:00  INFO 12376 --- [           main] o.s.m.s.b.SimpleBrokerMessageHandler     : Starting...
2026-03-31T14:26:54.031+07:00  INFO 12376 --- [           main] o.s.m.s.b.SimpleBrokerMessageHandler     : BrokerAvailabilityEvent[available=true, SimpleBrokerMessageHandler [org.springframework.messaging.simp.broker.DefaultSubscriptionRegistry@6d0a7e80]]
2026-03-31T14:26:54.031+07:00  INFO 12376 --- [           main] o.s.m.s.b.SimpleBrokerMessageHandler     : Started.
2026-03-31T14:26:54.305+07:00  INFO 12376 --- [           main] o.s.m.s.b.SimpleBrokerMessageHandler     : Stopping...
2026-03-31T14:26:54.305+07:00  INFO 12376 --- [           main] o.s.m.s.b.SimpleBrokerMessageHandler     : BrokerAvailabilityEvent[available=false, SimpleBrokerMessageHandler [org.springframework.messaging.simp.broker.DefaultSubscriptionRegistry@6d0a7e80]]
2026-03-31T14:26:54.305+07:00  INFO 12376 --- [           main] o.s.m.s.b.SimpleBrokerMessageHandler     : Stopped.
2026-03-31T14:26:54.307+07:00  INFO 12376 --- [           main] j.LocalContainerEntityManagerFactoryBean : Closing JPA EntityManagerFactory for persistence unit 'default'
2026-03-31T14:26:54.309+07:00  INFO 12376 --- [           main] com.zaxxer.hikari.HikariDataSource       : HikariPool-13 - Shutdown initiated...
2026-03-31T14:26:54.310+07:00  INFO 12376 --- [           main] com.zaxxer.hikari.HikariDataSource       : HikariPool-13 - Shutdown completed.
]]></system-out>
  </testcase>
  <testcase name="placeOrder_nonExistentMenuItem_returns400" classname="com.restaurant.integration.OrderControllerIntegrationTest" time="0.036">
    <system-out><![CDATA[
  .   ____          _            __ _ _
 /\\ / ___'_ __ _ _(_)_ __  __ _ \ \ \ \
( ( )\___ | '_ | '_| | '_ \/ _` | \ \ \ \
 \\/  ___)| |_)| | | | | || (_| |  ) ) ) )
  '  |____| .__|_| |_|_| |_\__, | / / / /
 =========|_|==============|___/=/_/_/_/
 :: Spring Boot ::                (v3.2.3)

2026-03-31T14:26:54.556+07:00  INFO 12376 --- [           main] .s.d.r.c.RepositoryConfigurationDelegate : Bootstrapping Spring Data JPA repositories in DEFAULT mode.
2026-03-31T14:26:54.576+07:00  INFO 12376 --- [           main] .s.d.r.c.RepositoryConfigurationDelegate : Finished Spring Data repository scanning in 20 ms. Found 7 JPA repository interfaces.
2026-03-31T14:26:54.668+07:00  INFO 12376 --- [           main] o.hibernate.jpa.internal.util.LogHelper  : HHH000204: Processing PersistenceUnitInfo [name: default]
2026-03-31T14:26:54.673+07:00  INFO 12376 --- [           main] o.h.c.internal.RegionFactoryInitiator    : HHH000026: Second-level cache disabled
2026-03-31T14:26:54.679+07:00  INFO 12376 --- [           main] o.s.o.j.p.SpringPersistenceUnitInfo      : No LoadTimeWeaver setup: ignoring JPA class transformer
2026-03-31T14:26:54.684+07:00  INFO 12376 --- [           main] com.zaxxer.hikari.HikariDataSource       : HikariPool-14 - Starting...
2026-03-31T14:26:54.685+07:00  INFO 12376 --- [           main] com.zaxxer.hikari.pool.HikariPool        : HikariPool-14 - Added connection conn130: url=jdbc:h2:mem:testdb user=SA
2026-03-31T14:26:54.686+07:00  INFO 12376 --- [           main] com.zaxxer.hikari.HikariDataSource       : HikariPool-14 - Start completed.
2026-03-31T14:26:54.686+07:00  WARN 12376 --- [           main] org.hibernate.orm.deprecation            : HHH90000025: H2Dialect does not need to be specified explicitly using 'hibernate.dialect' (remove the property setting and it will be selected by default)
2026-03-31T14:26:54.841+07:00  INFO 12376 --- [           main] o.h.e.t.j.p.i.JtaPlatformInitiator       : HHH000489: No JTA platform available (set 'hibernate.transaction.jta.platform' to enable JTA platform integration)
2026-03-31T14:26:54.859+07:00  INFO 12376 --- [           main] j.LocalContainerEntityManagerFactoryBean : Initialized JPA EntityManagerFactory for persistence unit 'default'
2026-03-31T14:26:55.117+07:00  WARN 12376 --- [           main] JpaBaseConfiguration$JpaWebConfiguration : spring.jpa.open-in-view is enabled by default. Therefore, database queries may be performed during view rendering. Explicitly configure spring.jpa.open-in-view to disable this warning
2026-03-31T14:26:55.326+07:00  INFO 12376 --- [           main] o.s.b.t.m.w.SpringBootMockServletContext : Initializing Spring TestDispatcherServlet ''
2026-03-31T14:26:55.326+07:00  INFO 12376 --- [           main] o.s.t.web.servlet.TestDispatcherServlet  : Initializing Servlet ''
2026-03-31T14:26:55.327+07:00  INFO 12376 --- [           main] o.s.t.web.servlet.TestDispatcherServlet  : Completed initialization in 1 ms
2026-03-31T14:26:55.332+07:00  INFO 12376 --- [           main] o.s.m.s.b.SimpleBrokerMessageHandler     : Starting...
2026-03-31T14:26:55.332+07:00  INFO 12376 --- [           main] o.s.m.s.b.SimpleBrokerMessageHandler     : BrokerAvailabilityEvent[available=true, SimpleBrokerMessageHandler [org.springframework.messaging.simp.broker.DefaultSubscriptionRegistry@4b68eb87]]
2026-03-31T14:26:55.332+07:00  INFO 12376 --- [           main] o.s.m.s.b.SimpleBrokerMessageHandler     : Started.
2026-03-31T14:26:55.601+07:00  INFO 12376 --- [           main] o.s.m.s.b.SimpleBrokerMessageHandler     : Stopping...
2026-03-31T14:26:55.601+07:00  INFO 12376 --- [           main] o.s.m.s.b.SimpleBrokerMessageHandler     : BrokerAvailabilityEvent[available=false, SimpleBrokerMessageHandler [org.springframework.messaging.simp.broker.DefaultSubscriptionRegistry@4b68eb87]]
2026-03-31T14:26:55.601+07:00  INFO 12376 --- [           main] o.s.m.s.b.SimpleBrokerMessageHandler     : Stopped.
2026-03-31T14:26:55.602+07:00  INFO 12376 --- [           main] j.LocalContainerEntityManagerFactoryBean : Closing JPA EntityManagerFactory for persistence unit 'default'
2026-03-31T14:26:55.605+07:00  INFO 12376 --- [           main] com.zaxxer.hikari.HikariDataSource       : HikariPool-14 - Shutdown initiated...
2026-03-31T14:26:55.605+07:00  INFO 12376 --- [           main] com.zaxxer.hikari.HikariDataSource       : HikariPool-14 - Shutdown completed.
]]></system-out>
  </testcase>
  <testcase name="updateOrderStatus_withoutToken_returns403" classname="com.restaurant.integration.OrderControllerIntegrationTest" time="0.03">
    <system-out><![CDATA[
  .   ____          _            __ _ _
 /\\ / ___'_ __ _ _(_)_ __  __ _ \ \ \ \
( ( )\___ | '_ | '_| | '_ \/ _` | \ \ \ \
 \\/  ___)| |_)| | | | | || (_| |  ) ) ) )
  '  |____| .__|_| |_|_| |_\__, | / / / /
 =========|_|==============|___/=/_/_/_/
 :: Spring Boot ::                (v3.2.3)

2026-03-31T14:26:55.804+07:00  INFO 12376 --- [           main] .s.d.r.c.RepositoryConfigurationDelegate : Bootstrapping Spring Data JPA repositories in DEFAULT mode.
2026-03-31T14:26:55.824+07:00  INFO 12376 --- [           main] .s.d.r.c.RepositoryConfigurationDelegate : Finished Spring Data repository scanning in 19 ms. Found 7 JPA repository interfaces.
2026-03-31T14:26:55.914+07:00  INFO 12376 --- [           main] o.hibernate.jpa.internal.util.LogHelper  : HHH000204: Processing PersistenceUnitInfo [name: default]
2026-03-31T14:26:55.921+07:00  INFO 12376 --- [           main] o.h.c.internal.RegionFactoryInitiator    : HHH000026: Second-level cache disabled
2026-03-31T14:26:55.928+07:00  INFO 12376 --- [           main] o.s.o.j.p.SpringPersistenceUnitInfo      : No LoadTimeWeaver setup: ignoring JPA class transformer
2026-03-31T14:26:55.930+07:00  INFO 12376 --- [           main] com.zaxxer.hikari.HikariDataSource       : HikariPool-15 - Starting...
2026-03-31T14:26:55.931+07:00  INFO 12376 --- [           main] com.zaxxer.hikari.pool.HikariPool        : HikariPool-15 - Added connection conn140: url=jdbc:h2:mem:testdb user=SA
2026-03-31T14:26:55.931+07:00  INFO 12376 --- [           main] com.zaxxer.hikari.HikariDataSource       : HikariPool-15 - Start completed.
2026-03-31T14:26:55.931+07:00  WARN 12376 --- [           main] org.hibernate.orm.deprecation            : HHH90000025: H2Dialect does not need to be specified explicitly using 'hibernate.dialect' (remove the property setting and it will be selected by default)
2026-03-31T14:26:56.060+07:00  INFO 12376 --- [           main] o.h.e.t.j.p.i.JtaPlatformInitiator       : HHH000489: No JTA platform available (set 'hibernate.transaction.jta.platform' to enable JTA platform integration)
2026-03-31T14:26:56.080+07:00  INFO 12376 --- [           main] j.LocalContainerEntityManagerFactoryBean : Initialized JPA EntityManagerFactory for persistence unit 'default'
2026-03-31T14:26:56.355+07:00  WARN 12376 --- [           main] JpaBaseConfiguration$JpaWebConfiguration : spring.jpa.open-in-view is enabled by default. Therefore, database queries may be performed during view rendering. Explicitly configure spring.jpa.open-in-view to disable this warning
2026-03-31T14:26:56.619+07:00  INFO 12376 --- [           main] o.s.b.t.m.w.SpringBootMockServletContext : Initializing Spring TestDispatcherServlet ''
2026-03-31T14:26:56.619+07:00  INFO 12376 --- [           main] o.s.t.web.servlet.TestDispatcherServlet  : Initializing Servlet ''
2026-03-31T14:26:56.620+07:00  INFO 12376 --- [           main] o.s.t.web.servlet.TestDispatcherServlet  : Completed initialization in 1 ms
2026-03-31T14:26:56.627+07:00  INFO 12376 --- [           main] o.s.m.s.b.SimpleBrokerMessageHandler     : Starting...
2026-03-31T14:26:56.627+07:00  INFO 12376 --- [           main] o.s.m.s.b.SimpleBrokerMessageHandler     : BrokerAvailabilityEvent[available=true, SimpleBrokerMessageHandler [org.springframework.messaging.simp.broker.DefaultSubscriptionRegistry@716e124a]]
2026-03-31T14:26:56.627+07:00  INFO 12376 --- [           main] o.s.m.s.b.SimpleBrokerMessageHandler     : Started.
2026-03-31T14:26:56.925+07:00  INFO 12376 --- [           main] o.s.m.s.b.SimpleBrokerMessageHandler     : Stopping...
2026-03-31T14:26:56.925+07:00  INFO 12376 --- [           main] o.s.m.s.b.SimpleBrokerMessageHandler     : BrokerAvailabilityEvent[available=false, SimpleBrokerMessageHandler [org.springframework.messaging.simp.broker.DefaultSubscriptionRegistry@716e124a]]
2026-03-31T14:26:56.925+07:00  INFO 12376 --- [           main] o.s.m.s.b.SimpleBrokerMessageHandler     : Stopped.
2026-03-31T14:26:56.928+07:00  INFO 12376 --- [           main] j.LocalContainerEntityManagerFactoryBean : Closing JPA EntityManagerFactory for persistence unit 'default'
2026-03-31T14:26:56.937+07:00  INFO 12376 --- [           main] com.zaxxer.hikari.HikariDataSource       : HikariPool-15 - Shutdown initiated...
2026-03-31T14:26:56.938+07:00  INFO 12376 --- [           main] com.zaxxer.hikari.HikariDataSource       : HikariPool-15 - Shutdown completed.
]]></system-out>
  </testcase>
  <testcase name="updateOrderStatus_asAdmin_changesStatus" classname="com.restaurant.integration.OrderControllerIntegrationTest" time="0.36">
    <system-out><![CDATA[
  .   ____          _            __ _ _
 /\\ / ___'_ __ _ _(_)_ __  __ _ \ \ \ \
( ( )\___ | '_ | '_| | '_ \/ _` | \ \ \ \
 \\/  ___)| |_)| | | | | || (_| |  ) ) ) )
  '  |____| .__|_| |_|_| |_\__, | / / / /
 =========|_|==============|___/=/_/_/_/
 :: Spring Boot ::                (v3.2.3)

2026-03-31T14:26:57.361+07:00  INFO 12376 --- [           main] .s.d.r.c.RepositoryConfigurationDelegate : Bootstrapping Spring Data JPA repositories in DEFAULT mode.
2026-03-31T14:26:57.417+07:00  INFO 12376 --- [           main] .s.d.r.c.RepositoryConfigurationDelegate : Finished Spring Data repository scanning in 54 ms. Found 7 JPA repository interfaces.
2026-03-31T14:26:57.612+07:00  INFO 12376 --- [           main] o.hibernate.jpa.internal.util.LogHelper  : HHH000204: Processing PersistenceUnitInfo [name: default]
2026-03-31T14:26:57.621+07:00  INFO 12376 --- [           main] o.h.c.internal.RegionFactoryInitiator    : HHH000026: Second-level cache disabled
2026-03-31T14:26:57.631+07:00  INFO 12376 --- [           main] o.s.o.j.p.SpringPersistenceUnitInfo      : No LoadTimeWeaver setup: ignoring JPA class transformer
2026-03-31T14:26:57.636+07:00  INFO 12376 --- [           main] com.zaxxer.hikari.HikariDataSource       : HikariPool-16 - Starting...
2026-03-31T14:26:57.637+07:00  INFO 12376 --- [           main] com.zaxxer.hikari.pool.HikariPool        : HikariPool-16 - Added connection conn150: url=jdbc:h2:mem:testdb user=SA
2026-03-31T14:26:57.638+07:00  INFO 12376 --- [           main] com.zaxxer.hikari.HikariDataSource       : HikariPool-16 - Start completed.
2026-03-31T14:26:57.638+07:00  WARN 12376 --- [           main] org.hibernate.orm.deprecation            : HHH90000025: H2Dialect does not need to be specified explicitly using 'hibernate.dialect' (remove the property setting and it will be selected by default)
2026-03-31T14:26:57.793+07:00  INFO 12376 --- [           main] o.h.e.t.j.p.i.JtaPlatformInitiator       : HHH000489: No JTA platform available (set 'hibernate.transaction.jta.platform' to enable JTA platform integration)
2026-03-31T14:26:57.814+07:00  INFO 12376 --- [           main] j.LocalContainerEntityManagerFactoryBean : Initialized JPA EntityManagerFactory for persistence unit 'default'
2026-03-31T14:26:58.155+07:00  WARN 12376 --- [           main] JpaBaseConfiguration$JpaWebConfiguration : spring.jpa.open-in-view is enabled by default. Therefore, database queries may be performed during view rendering. Explicitly configure spring.jpa.open-in-view to disable this warning
2026-03-31T14:26:58.643+07:00  INFO 12376 --- [           main] o.s.b.t.m.w.SpringBootMockServletContext : Initializing Spring TestDispatcherServlet ''
2026-03-31T14:26:58.644+07:00  INFO 12376 --- [           main] o.s.t.web.servlet.TestDispatcherServlet  : Initializing Servlet ''
2026-03-31T14:26:58.645+07:00  INFO 12376 --- [           main] o.s.t.web.servlet.TestDispatcherServlet  : Completed initialization in 1 ms
2026-03-31T14:26:58.651+07:00  INFO 12376 --- [           main] o.s.m.s.b.SimpleBrokerMessageHandler     : Starting...
2026-03-31T14:26:58.651+07:00  INFO 12376 --- [           main] o.s.m.s.b.SimpleBrokerMessageHandler     : BrokerAvailabilityEvent[available=true, SimpleBrokerMessageHandler [org.springframework.messaging.simp.broker.DefaultSubscriptionRegistry@3cae6fcd]]
2026-03-31T14:26:58.652+07:00  INFO 12376 --- [           main] o.s.m.s.b.SimpleBrokerMessageHandler     : Started.
2026-03-31T14:26:59.271+07:00  INFO 12376 --- [           main] o.s.m.s.b.SimpleBrokerMessageHandler     : Stopping...
2026-03-31T14:26:59.271+07:00  INFO 12376 --- [           main] o.s.m.s.b.SimpleBrokerMessageHandler     : BrokerAvailabilityEvent[available=false, SimpleBrokerMessageHandler [org.springframework.messaging.simp.broker.DefaultSubscriptionRegistry@3cae6fcd]]
2026-03-31T14:26:59.271+07:00  INFO 12376 --- [           main] o.s.m.s.b.SimpleBrokerMessageHandler     : Stopped.
2026-03-31T14:26:59.272+07:00  INFO 12376 --- [           main] j.LocalContainerEntityManagerFactoryBean : Closing JPA EntityManagerFactory for persistence unit 'default'
2026-03-31T14:26:59.274+07:00  INFO 12376 --- [           main] com.zaxxer.hikari.HikariDataSource       : HikariPool-16 - Shutdown initiated...
2026-03-31T14:26:59.275+07:00  INFO 12376 --- [           main] com.zaxxer.hikari.HikariDataSource       : HikariPool-16 - Shutdown completed.
]]></system-out>
  </testcase>
  <testcase name="trackOrder_returnsOrderDetails" classname="com.restaurant.integration.OrderControllerIntegrationTest" time="0.093">
    <system-out><![CDATA[
  .   ____          _            __ _ _
 /\\ / ___'_ __ _ _(_)_ __  __ _ \ \ \ \
( ( )\___ | '_ | '_| | '_ \/ _` | \ \ \ \
 \\/  ___)| |_)| | | | | || (_| |  ) ) ) )
  '  |____| .__|_| |_|_| |_\__, | / / / /
 =========|_|==============|___/=/_/_/_/
 :: Spring Boot ::                (v3.2.3)

2026-03-31T14:26:59.442+07:00  INFO 12376 --- [           main] .s.d.r.c.RepositoryConfigurationDelegate : Bootstrapping Spring Data JPA repositories in DEFAULT mode.
2026-03-31T14:26:59.459+07:00  INFO 12376 --- [           main] .s.d.r.c.RepositoryConfigurationDelegate : Finished Spring Data repository scanning in 17 ms. Found 7 JPA repository interfaces.
2026-03-31T14:26:59.533+07:00  INFO 12376 --- [           main] o.hibernate.jpa.internal.util.LogHelper  : HHH000204: Processing PersistenceUnitInfo [name: default]
2026-03-31T14:26:59.544+07:00  INFO 12376 --- [           main] o.h.c.internal.RegionFactoryInitiator    : HHH000026: Second-level cache disabled
2026-03-31T14:26:59.556+07:00  INFO 12376 --- [           main] o.s.o.j.p.SpringPersistenceUnitInfo      : No LoadTimeWeaver setup: ignoring JPA class transformer
2026-03-31T14:26:59.558+07:00  INFO 12376 --- [           main] com.zaxxer.hikari.HikariDataSource       : HikariPool-17 - Starting...
2026-03-31T14:26:59.559+07:00  INFO 12376 --- [           main] com.zaxxer.hikari.pool.HikariPool        : HikariPool-17 - Added connection conn160: url=jdbc:h2:mem:testdb user=SA
2026-03-31T14:26:59.559+07:00  INFO 12376 --- [           main] com.zaxxer.hikari.HikariDataSource       : HikariPool-17 - Start completed.
2026-03-31T14:26:59.560+07:00  WARN 12376 --- [           main] org.hibernate.orm.deprecation            : HHH90000025: H2Dialect does not need to be specified explicitly using 'hibernate.dialect' (remove the property setting and it will be selected by default)
2026-03-31T14:26:59.684+07:00  INFO 12376 --- [           main] o.h.e.t.j.p.i.JtaPlatformInitiator       : HHH000489: No JTA platform available (set 'hibernate.transaction.jta.platform' to enable JTA platform integration)
2026-03-31T14:26:59.697+07:00  INFO 12376 --- [           main] j.LocalContainerEntityManagerFactoryBean : Initialized JPA EntityManagerFactory for persistence unit 'default'
2026-03-31T14:26:59.937+07:00  WARN 12376 --- [           main] JpaBaseConfiguration$JpaWebConfiguration : spring.jpa.open-in-view is enabled by default. Therefore, database queries may be performed during view rendering. Explicitly configure spring.jpa.open-in-view to disable this warning
2026-03-31T14:27:00.126+07:00  INFO 12376 --- [           main] o.s.b.t.m.w.SpringBootMockServletContext : Initializing Spring TestDispatcherServlet ''
2026-03-31T14:27:00.126+07:00  INFO 12376 --- [           main] o.s.t.web.servlet.TestDispatcherServlet  : Initializing Servlet ''
2026-03-31T14:27:00.127+07:00  INFO 12376 --- [           main] o.s.t.web.servlet.TestDispatcherServlet  : Completed initialization in 1 ms
2026-03-31T14:27:00.131+07:00  INFO 12376 --- [           main] o.s.m.s.b.SimpleBrokerMessageHandler     : Starting...
2026-03-31T14:27:00.131+07:00  INFO 12376 --- [           main] o.s.m.s.b.SimpleBrokerMessageHandler     : BrokerAvailabilityEvent[available=true, SimpleBrokerMessageHandler [org.springframework.messaging.simp.broker.DefaultSubscriptionRegistry@7b5570dc]]
2026-03-31T14:27:00.131+07:00  INFO 12376 --- [           main] o.s.m.s.b.SimpleBrokerMessageHandler     : Started.
2026-03-31T14:27:00.470+07:00  INFO 12376 --- [           main] o.s.m.s.b.SimpleBrokerMessageHandler     : Stopping...
2026-03-31T14:27:00.470+07:00  INFO 12376 --- [           main] o.s.m.s.b.SimpleBrokerMessageHandler     : BrokerAvailabilityEvent[available=false, SimpleBrokerMessageHandler [org.springframework.messaging.simp.broker.DefaultSubscriptionRegistry@7b5570dc]]
2026-03-31T14:27:00.470+07:00  INFO 12376 --- [           main] o.s.m.s.b.SimpleBrokerMessageHandler     : Stopped.
2026-03-31T14:27:00.472+07:00  INFO 12376 --- [           main] j.LocalContainerEntityManagerFactoryBean : Closing JPA EntityManagerFactory for persistence unit 'default'
2026-03-31T14:27:00.475+07:00  INFO 12376 --- [           main] com.zaxxer.hikari.HikariDataSource       : HikariPool-17 - Shutdown initiated...
2026-03-31T14:27:00.476+07:00  INFO 12376 --- [           main] com.zaxxer.hikari.HikariDataSource       : HikariPool-17 - Shutdown completed.
]]></system-out>
  </testcase>
  <testcase name="placeOrder_missingTableNumber_returns400" classname="com.restaurant.integration.OrderControllerIntegrationTest" time="0.039">
    <system-out><![CDATA[
  .   ____          _            __ _ _
 /\\ / ___'_ __ _ _(_)_ __  __ _ \ \ \ \
( ( )\___ | '_ | '_| | '_ \/ _` | \ \ \ \
 \\/  ___)| |_)| | | | | || (_| |  ) ) ) )
  '  |____| .__|_| |_|_| |_\__, | / / / /
 =========|_|==============|___/=/_/_/_/
 :: Spring Boot ::                (v3.2.3)

2026-03-31T14:27:00.779+07:00  INFO 12376 --- [           main] .s.d.r.c.RepositoryConfigurationDelegate : Bootstrapping Spring Data JPA repositories in DEFAULT mode.
2026-03-31T14:27:00.811+07:00  INFO 12376 --- [           main] .s.d.r.c.RepositoryConfigurationDelegate : Finished Spring Data repository scanning in 32 ms. Found 7 JPA repository interfaces.
2026-03-31T14:27:01.035+07:00  INFO 12376 --- [           main] o.hibernate.jpa.internal.util.LogHelper  : HHH000204: Processing PersistenceUnitInfo [name: default]
2026-03-31T14:27:01.063+07:00  INFO 12376 --- [           main] o.h.c.internal.RegionFactoryInitiator    : HHH000026: Second-level cache disabled
2026-03-31T14:27:01.084+07:00  INFO 12376 --- [           main] o.s.o.j.p.SpringPersistenceUnitInfo      : No LoadTimeWeaver setup: ignoring JPA class transformer
2026-03-31T14:27:01.094+07:00  INFO 12376 --- [           main] com.zaxxer.hikari.HikariDataSource       : HikariPool-18 - Starting...
2026-03-31T14:27:01.100+07:00  INFO 12376 --- [           main] com.zaxxer.hikari.pool.HikariPool        : HikariPool-18 - Added connection conn170: url=jdbc:h2:mem:testdb user=SA
2026-03-31T14:27:01.100+07:00  INFO 12376 --- [           main] com.zaxxer.hikari.HikariDataSource       : HikariPool-18 - Start completed.
2026-03-31T14:27:01.100+07:00  WARN 12376 --- [           main] org.hibernate.orm.deprecation            : HHH90000025: H2Dialect does not need to be specified explicitly using 'hibernate.dialect' (remove the property setting and it will be selected by default)
2026-03-31T14:27:01.805+07:00  INFO 12376 --- [           main] o.h.e.t.j.p.i.JtaPlatformInitiator       : HHH000489: No JTA platform available (set 'hibernate.transaction.jta.platform' to enable JTA platform integration)
2026-03-31T14:27:01.850+07:00  INFO 12376 --- [           main] j.LocalContainerEntityManagerFactoryBean : Initialized JPA EntityManagerFactory for persistence unit 'default'
2026-03-31T14:27:02.363+07:00  WARN 12376 --- [           main] JpaBaseConfiguration$JpaWebConfiguration : spring.jpa.open-in-view is enabled by default. Therefore, database queries may be performed during view rendering. Explicitly configure spring.jpa.open-in-view to disable this warning
2026-03-31T14:27:02.657+07:00  INFO 12376 --- [           main] o.s.b.t.m.w.SpringBootMockServletContext : Initializing Spring TestDispatcherServlet ''
2026-03-31T14:27:02.657+07:00  INFO 12376 --- [           main] o.s.t.web.servlet.TestDispatcherServlet  : Initializing Servlet ''
2026-03-31T14:27:02.658+07:00  INFO 12376 --- [           main] o.s.t.web.servlet.TestDispatcherServlet  : Completed initialization in 1 ms
2026-03-31T14:27:02.665+07:00  INFO 12376 --- [           main] o.s.m.s.b.SimpleBrokerMessageHandler     : Starting...
2026-03-31T14:27:02.665+07:00  INFO 12376 --- [           main] o.s.m.s.b.SimpleBrokerMessageHandler     : BrokerAvailabilityEvent[available=true, SimpleBrokerMessageHandler [org.springframework.messaging.simp.broker.DefaultSubscriptionRegistry@7c6edd94]]
2026-03-31T14:27:02.666+07:00  INFO 12376 --- [           main] o.s.m.s.b.SimpleBrokerMessageHandler     : Started.
2026-03-31T14:27:02.939+07:00  INFO 12376 --- [           main] o.s.m.s.b.SimpleBrokerMessageHandler     : Stopping...
2026-03-31T14:27:02.939+07:00  INFO 12376 --- [           main] o.s.m.s.b.SimpleBrokerMessageHandler     : BrokerAvailabilityEvent[available=false, SimpleBrokerMessageHandler [org.springframework.messaging.simp.broker.DefaultSubscriptionRegistry@7c6edd94]]
2026-03-31T14:27:02.939+07:00  INFO 12376 --- [           main] o.s.m.s.b.SimpleBrokerMessageHandler     : Stopped.
2026-03-31T14:27:02.941+07:00  INFO 12376 --- [           main] j.LocalContainerEntityManagerFactoryBean : Closing JPA EntityManagerFactory for persistence unit 'default'
2026-03-31T14:27:02.943+07:00  INFO 12376 --- [           main] com.zaxxer.hikari.HikariDataSource       : HikariPool-18 - Shutdown initiated...
2026-03-31T14:27:02.945+07:00  INFO 12376 --- [           main] com.zaxxer.hikari.HikariDataSource       : HikariPool-18 - Shutdown completed.
]]></system-out>
  </testcase>
  <testcase name="placeOrder_asGuest_returnsOrderInPendingState" classname="com.restaurant.integration.OrderControllerIntegrationTest" time="0.069">
    <system-out><![CDATA[
  .   ____          _            __ _ _
 /\\ / ___'_ __ _ _(_)_ __  __ _ \ \ \ \
( ( )\___ | '_ | '_| | '_ \/ _` | \ \ \ \
 \\/  ___)| |_)| | | | | || (_| |  ) ) ) )
  '  |____| .__|_| |_|_| |_\__, | / / / /
 =========|_|==============|___/=/_/_/_/
 :: Spring Boot ::                (v3.2.3)

2026-03-31T14:27:03.167+07:00  INFO 12376 --- [           main] .s.d.r.c.RepositoryConfigurationDelegate : Bootstrapping Spring Data JPA repositories in DEFAULT mode.
2026-03-31T14:27:03.189+07:00  INFO 12376 --- [           main] .s.d.r.c.RepositoryConfigurationDelegate : Finished Spring Data repository scanning in 21 ms. Found 7 JPA repository interfaces.
2026-03-31T14:27:03.292+07:00  INFO 12376 --- [           main] o.hibernate.jpa.internal.util.LogHelper  : HHH000204: Processing PersistenceUnitInfo [name: default]
2026-03-31T14:27:03.297+07:00  INFO 12376 --- [           main] o.h.c.internal.RegionFactoryInitiator    : HHH000026: Second-level cache disabled
2026-03-31T14:27:03.304+07:00  INFO 12376 --- [           main] o.s.o.j.p.SpringPersistenceUnitInfo      : No LoadTimeWeaver setup: ignoring JPA class transformer
2026-03-31T14:27:03.307+07:00  INFO 12376 --- [           main] com.zaxxer.hikari.HikariDataSource       : HikariPool-19 - Starting...
2026-03-31T14:27:03.308+07:00  INFO 12376 --- [           main] com.zaxxer.hikari.pool.HikariPool        : HikariPool-19 - Added connection conn180: url=jdbc:h2:mem:testdb user=SA
2026-03-31T14:27:03.308+07:00  INFO 12376 --- [           main] com.zaxxer.hikari.HikariDataSource       : HikariPool-19 - Start completed.
2026-03-31T14:27:03.308+07:00  WARN 12376 --- [           main] org.hibernate.orm.deprecation            : HHH90000025: H2Dialect does not need to be specified explicitly using 'hibernate.dialect' (remove the property setting and it will be selected by default)
2026-03-31T14:27:03.452+07:00  INFO 12376 --- [           main] o.h.e.t.j.p.i.JtaPlatformInitiator       : HHH000489: No JTA platform available (set 'hibernate.transaction.jta.platform' to enable JTA platform integration)
2026-03-31T14:27:03.467+07:00  INFO 12376 --- [           main] j.LocalContainerEntityManagerFactoryBean : Initialized JPA EntityManagerFactory for persistence unit 'default'
2026-03-31T14:27:03.686+07:00  WARN 12376 --- [           main] JpaBaseConfiguration$JpaWebConfiguration : spring.jpa.open-in-view is enabled by default. Therefore, database queries may be performed during view rendering. Explicitly configure spring.jpa.open-in-view to disable this warning
2026-03-31T14:27:03.910+07:00  INFO 12376 --- [           main] o.s.b.t.m.w.SpringBootMockServletContext : Initializing Spring TestDispatcherServlet ''
2026-03-31T14:27:03.910+07:00  INFO 12376 --- [           main] o.s.t.web.servlet.TestDispatcherServlet  : Initializing Servlet ''
2026-03-31T14:27:03.911+07:00  INFO 12376 --- [           main] o.s.t.web.servlet.TestDispatcherServlet  : Completed initialization in 1 ms
2026-03-31T14:27:03.916+07:00  INFO 12376 --- [           main] o.s.m.s.b.SimpleBrokerMessageHandler     : Starting...
2026-03-31T14:27:03.916+07:00  INFO 12376 --- [           main] o.s.m.s.b.SimpleBrokerMessageHandler     : BrokerAvailabilityEvent[available=true, SimpleBrokerMessageHandler [org.springframework.messaging.simp.broker.DefaultSubscriptionRegistry@3a999253]]
2026-03-31T14:27:03.916+07:00  INFO 12376 --- [           main] o.s.m.s.b.SimpleBrokerMessageHandler     : Started.
2026-03-31T14:27:04.220+07:00  INFO 12376 --- [           main] o.s.m.s.b.SimpleBrokerMessageHandler     : Stopping...
2026-03-31T14:27:04.220+07:00  INFO 12376 --- [           main] o.s.m.s.b.SimpleBrokerMessageHandler     : BrokerAvailabilityEvent[available=false, SimpleBrokerMessageHandler [org.springframework.messaging.simp.broker.DefaultSubscriptionRegistry@3a999253]]
2026-03-31T14:27:04.220+07:00  INFO 12376 --- [           main] o.s.m.s.b.SimpleBrokerMessageHandler     : Stopped.
2026-03-31T14:27:04.222+07:00  INFO 12376 --- [           main] j.LocalContainerEntityManagerFactoryBean : Closing JPA EntityManagerFactory for persistence unit 'default'
2026-03-31T14:27:04.224+07:00  INFO 12376 --- [           main] com.zaxxer.hikari.HikariDataSource       : HikariPool-19 - Shutdown initiated...
2026-03-31T14:27:04.225+07:00  INFO 12376 --- [           main] com.zaxxer.hikari.HikariDataSource       : HikariPool-19 - Shutdown completed.
]]></system-out>
  </testcase>
</testsuite>