<?xml version="1.0" encoding="UTF-8"?>
<testsuite xmlns:xsi="http://www.w3.org/2001/XMLSchema-instance" xsi:noNamespaceSchemaLocation="https://maven.apache.org/surefire/maven-surefire-plugin/xsd/surefire-test-report-3.0.xsd" version="3.0" name="com.restaurant.integration.TableSessionControllerIntegrationTest" time="11.984" tests="8" errors="0" skipped="0" failures="0">
  <properties>
[...]
</properties>
  <testcase name="paySession_withCard_recordsPaymentMethod" classname="com.restaurant.integration.TableSessionControllerIntegrationTest" time="0.115">
    <system-out><![CDATA[2026-03-31T10:40:31.841+07:00  INFO 14264 --- [           main] t.c.s.AnnotationConfigContextLoaderUtils : Could not detect default configuration classes for test class [com.restaurant.integration.TableSessionControllerIntegrationTest]: TableSessionControllerIntegrationTest does not declare any static, non-private, non-final, nested classes annotated with @Configuration.
2026-03-31T10:40:31.847+07:00  INFO 14264 --- [           main] .b.t.c.SpringBootTestContextBootstrapper : Found @SpringBootConfiguration com.restaurant.RestaurantApplication for test class com.restaurant.integration.TableSessionControllerIntegrationTest

  .   ____          _            __ _ _
 /\\ / ___'_ __ _ _(_)_ __  __ _ \ \ \ \
( ( )\___ | '_ | '_| | '_ \/ _` | \ \ \ \
 \\/  ___)| |_)| | | | | || (_| |  ) ) ) )
  '  |____| .__|_| |_|_| |_\__, | / / / /
 =========|_|==============|___/=/_/_/_/
 :: Spring Boot ::                (v3.2.3)

2026-03-31T10:40:32.082+07:00  INFO 14264 --- [           main] .s.d.r.c.RepositoryConfigurationDelegate : Bootstrapping Spring Data JPA repositories in DEFAULT mode.
2026-03-31T10:40:32.106+07:00  INFO 14264 --- [           main] .s.d.r.c.RepositoryConfigurationDelegate : Finished Spring Data repository scanning in 22 ms. Found 7 JPA repository interfaces.
2026-03-31T10:40:32.206+07:00  INFO 14264 --- [           main] o.hibernate.jpa.internal.util.LogHelper  : HHH000204: Processing PersistenceUnitInfo [name: default]
2026-03-31T10:40:32.213+07:00  INFO 14264 --- [           main] o.h.c.internal.RegionFactoryInitiator    : HHH000026: Second-level cache disabled
2026-03-31T10:40:32.218+07:00  INFO 14264 --- [           main] o.s.o.j.p.SpringPersistenceUnitInfo      : No LoadTimeWeaver setup: ignoring JPA class transformer
2026-03-31T10:40:32.220+07:00  INFO 14264 --- [           main] com.zaxxer.hikari.HikariDataSource       : HikariPool-20 - Starting...
2026-03-31T10:40:32.221+07:00  INFO 14264 --- [           main] com.zaxxer.hikari.pool.HikariPool        : HikariPool-20 - Added connection conn190: url=jdbc:h2:mem:testdb user=SA
2026-03-31T10:40:32.221+07:00  INFO 14264 --- [           main] com.zaxxer.hikari.HikariDataSource       : HikariPool-20 - Start completed.
2026-03-31T10:40:32.221+07:00  WARN 14264 --- [           main] org.hibernate.orm.deprecation            : HHH90000025: H2Dialect does not need to be specified explicitly using 'hibernate.dialect' (remove the property setting and it will be selected by default)
2026-03-31T10:40:32.329+07:00  INFO 14264 --- [           main] o.h.e.t.j.p.i.JtaPlatformInitiator       : HHH000489: No JTA platform available (set 'hibernate.transaction.jta.platform' to enable JTA platform integration)
2026-03-31T10:40:32.343+07:00  INFO 14264 --- [           main] j.LocalContainerEntityManagerFactoryBean : Initialized JPA EntityManagerFactory for persistence unit 'default'
2026-03-31T10:40:32.636+07:00  WARN 14264 --- [           main] JpaBaseConfiguration$JpaWebConfiguration : spring.jpa.open-in-view is enabled by default. Therefore, database queries may be performed during view rendering. Explicitly configure spring.jpa.open-in-view to disable this warning
2026-03-31T10:40:33.367+07:00  INFO 14264 --- [           main] o.s.b.t.m.w.SpringBootMockServletContext : Initializing Spring TestDispatcherServlet ''
2026-03-31T10:40:33.367+07:00  INFO 14264 --- [           main] o.s.t.web.servlet.TestDispatcherServlet  : Initializing Servlet ''
2026-03-31T10:40:33.369+07:00  INFO 14264 --- [           main] o.s.t.web.servlet.TestDispatcherServlet  : Completed initialization in 2 ms
2026-03-31T10:40:33.383+07:00  INFO 14264 --- [           main] o.s.m.s.b.SimpleBrokerMessageHandler     : Starting...
2026-03-31T10:40:33.383+07:00  INFO 14264 --- [           main] o.s.m.s.b.SimpleBrokerMessageHandler     : BrokerAvailabilityEvent[available=true, SimpleBrokerMessageHandler [org.springframework.messaging.simp.broker.DefaultSubscriptionRegistry@6f84940e]]
2026-03-31T10:40:33.383+07:00  INFO 14264 --- [           main] o.s.m.s.b.SimpleBrokerMessageHandler     : Started.
2026-03-31T10:40:33.868+07:00  INFO 14264 --- [           main] o.s.m.s.b.SimpleBrokerMessageHandler     : Stopping...
2026-03-31T10:40:33.868+07:00  INFO 14264 --- [           main] o.s.m.s.b.SimpleBrokerMessageHandler     : BrokerAvailabilityEvent[available=false, SimpleBrokerMessageHandler [org.springframework.messaging.simp.broker.DefaultSubscriptionRegistry@6f84940e]]
2026-03-31T10:40:33.868+07:00  INFO 14264 --- [           main] o.s.m.s.b.SimpleBrokerMessageHandler     : Stopped.
2026-03-31T10:40:33.870+07:00  INFO 14264 --- [           main] j.LocalContainerEntityManagerFactoryBean : Closing JPA EntityManagerFactory for persistence unit 'default'
2026-03-31T10:40:33.874+07:00  INFO 14264 --- [           main] com.zaxxer.hikari.HikariDataSource       : HikariPool-20 - Shutdown initiated...
2026-03-31T10:40:33.875+07:00  INFO 14264 --- [           main] com.zaxxer.hikari.HikariDataSource       : HikariPool-20 - Shutdown completed.
]]></system-out>
  </testcase>
  <testcase name="getSession_accumulatesMultipleOrders" classname="com.restaurant.integration.TableSessionControllerIntegrationTest" time="0.119">
    <system-out><![CDATA[
  .   ____          _            __ _ _
 /\\ / ___'_ __ _ _(_)_ __  __ _ \ \ \ \
( ( )\___ | '_ | '_| | '_ \/ _` | \ \ \ \
 \\/  ___)| |_)| | | | | || (_| |  ) ) ) )
  '  |____| .__|_| |_|_| |_\__, | / / / /
 =========|_|==============|___/=/_/_/_/
 :: Spring Boot ::                (v3.2.3)

2026-03-31T10:40:34.181+07:00  INFO 14264 --- [           main] .s.d.r.c.RepositoryConfigurationDelegate : Bootstrapping Spring Data JPA repositories in DEFAULT mode.
2026-03-31T10:40:34.204+07:00  INFO 14264 --- [           main] .s.d.r.c.RepositoryConfigurationDelegate : Finished Spring Data repository scanning in 22 ms. Found 7 JPA repository interfaces.
2026-03-31T10:40:34.314+07:00  INFO 14264 --- [           main] o.hibernate.jpa.internal.util.LogHelper  : HHH000204: Processing PersistenceUnitInfo [name: default]
2026-03-31T10:40:34.319+07:00  INFO 14264 --- [           main] o.h.c.internal.RegionFactoryInitiator    : HHH000026: Second-level cache disabled
2026-03-31T10:40:34.326+07:00  INFO 14264 --- [           main] o.s.o.j.p.SpringPersistenceUnitInfo      : No LoadTimeWeaver setup: ignoring JPA class transformer
2026-03-31T10:40:34.331+07:00  INFO 14264 --- [           main] com.zaxxer.hikari.HikariDataSource       : HikariPool-21 - Starting...
2026-03-31T10:40:34.332+07:00  INFO 14264 --- [           main] com.zaxxer.hikari.pool.HikariPool        : HikariPool-21 - Added connection conn200: url=jdbc:h2:mem:testdb user=SA
2026-03-31T10:40:34.333+07:00  INFO 14264 --- [           main] com.zaxxer.hikari.HikariDataSource       : HikariPool-21 - Start completed.
2026-03-31T10:40:34.333+07:00  WARN 14264 --- [           main] org.hibernate.orm.deprecation            : HHH90000025: H2Dialect does not need to be specified explicitly using 'hibernate.dialect' (remove the property setting and it will be selected by default)
2026-03-31T10:40:34.502+07:00  INFO 14264 --- [           main] o.h.e.t.j.p.i.JtaPlatformInitiator       : HHH000489: No JTA platform available (set 'hibernate.transaction.jta.platform' to enable JTA platform integration)
2026-03-31T10:40:34.519+07:00  INFO 14264 --- [           main] j.LocalContainerEntityManagerFactoryBean : Initialized JPA EntityManagerFactory for persistence unit 'default'
2026-03-31T10:40:34.803+07:00  WARN 14264 --- [           main] JpaBaseConfiguration$JpaWebConfiguration : spring.jpa.open-in-view is enabled by default. Therefore, database queries may be performed during view rendering. Explicitly configure spring.jpa.open-in-view to disable this warning
2026-03-31T10:40:35.271+07:00  INFO 14264 --- [           main] o.s.b.t.m.w.SpringBootMockServletContext : Initializing Spring TestDispatcherServlet ''
2026-03-31T10:40:35.271+07:00  INFO 14264 --- [           main] o.s.t.web.servlet.TestDispatcherServlet  : Initializing Servlet ''
2026-03-31T10:40:35.272+07:00  INFO 14264 --- [           main] o.s.t.web.servlet.TestDispatcherServlet  : Completed initialization in 0 ms
2026-03-31T10:40:35.283+07:00  INFO 14264 --- [           main] o.s.m.s.b.SimpleBrokerMessageHandler     : Starting...
2026-03-31T10:40:35.283+07:00  INFO 14264 --- [           main] o.s.m.s.b.SimpleBrokerMessageHandler     : BrokerAvailabilityEvent[available=true, SimpleBrokerMessageHandler [org.springframework.messaging.simp.broker.DefaultSubscriptionRegistry@54be68a3]]
2026-03-31T10:40:35.283+07:00  INFO 14264 --- [           main] o.s.m.s.b.SimpleBrokerMessageHandler     : Started.
2026-03-31T10:40:35.708+07:00  INFO 14264 --- [           main] o.s.m.s.b.SimpleBrokerMessageHandler     : Stopping...
2026-03-31T10:40:35.708+07:00  INFO 14264 --- [           main] o.s.m.s.b.SimpleBrokerMessageHandler     : BrokerAvailabilityEvent[available=false, SimpleBrokerMessageHandler [org.springframework.messaging.simp.broker.DefaultSubscriptionRegistry@54be68a3]]
2026-03-31T10:40:35.708+07:00  INFO 14264 --- [           main] o.s.m.s.b.SimpleBrokerMessageHandler     : Stopped.
2026-03-31T10:40:35.711+07:00  INFO 14264 --- [           main] j.LocalContainerEntityManagerFactoryBean : Closing JPA EntityManagerFactory for persistence unit 'default'
2026-03-31T10:40:35.715+07:00  INFO 14264 --- [           main] com.zaxxer.hikari.HikariDataSource       : HikariPool-21 - Shutdown initiated...
2026-03-31T10:40:35.716+07:00  INFO 14264 --- [           main] com.zaxxer.hikari.HikariDataSource       : HikariPool-21 - Shutdown completed.
]]></system-out>
  </testcase>
  <testcase name="getSession_returnsNotFound_whenNoActiveSession" classname="com.restaurant.integration.TableSessionControllerIntegrationTest" time="0.018">
    <system-out><![CDATA[
  .   ____          _            __ _ _
 /\\ / ___'_ __ _ _(_)_ __  __ _ \ \ \ \
( ( )\___ | '_ | '_| | '_ \/ _` | \ \ \ \
 \\/  ___)| |_)| | | | | || (_| |  ) ) ) )
  '  |____| .__|_| |_|_| |_\__, | / / / /
 =========|_|==============|___/=/_/_/_/
 :: Spring Boot ::                (v3.2.3)

2026-03-31T10:40:36.006+07:00  INFO 14264 --- [           main] .s.d.r.c.RepositoryConfigurationDelegate : Bootstrapping Spring Data JPA repositories in DEFAULT mode.
2026-03-31T10:40:36.024+07:00  INFO 14264 --- [           main] .s.d.r.c.RepositoryConfigurationDelegate : Finished Spring Data repository scanning in 18 ms. Found 7 JPA repository interfaces.
2026-03-31T10:40:36.121+07:00  INFO 14264 --- [           main] o.hibernate.jpa.internal.util.LogHelper  : HHH000204: Processing PersistenceUnitInfo [name: default]
2026-03-31T10:40:36.131+07:00  INFO 14264 --- [           main] o.h.c.internal.RegionFactoryInitiator    : HHH000026: Second-level cache disabled
2026-03-31T10:40:36.139+07:00  INFO 14264 --- [           main] o.s.o.j.p.SpringPersistenceUnitInfo      : No LoadTimeWeaver setup: ignoring JPA class transformer
2026-03-31T10:40:36.142+07:00  INFO 14264 --- [           main] com.zaxxer.hikari.HikariDataSource       : HikariPool-22 - Starting...
2026-03-31T10:40:36.144+07:00  INFO 14264 --- [           main] com.zaxxer.hikari.pool.HikariPool        : HikariPool-22 - Added connection conn210: url=jdbc:h2:mem:testdb user=SA
2026-03-31T10:40:36.146+07:00  INFO 14264 --- [           main] com.zaxxer.hikari.HikariDataSource       : HikariPool-22 - Start completed.
2026-03-31T10:40:36.147+07:00  WARN 14264 --- [           main] org.hibernate.orm.deprecation            : HHH90000025: H2Dialect does not need to be specified explicitly using 'hibernate.dialect' (remove the property setting and it will be selected by default)
2026-03-31T10:40:36.288+07:00  INFO 14264 --- [           main] o.h.e.t.j.p.i.JtaPlatformInitiator       : HHH000489: No JTA platform available (set 'hibernate.transaction.jta.platform' to enable JTA platform integration)
2026-03-31T10:40:36.308+07:00  INFO 14264 --- [           main] j.LocalContainerEntityManagerFactoryBean : Initialized JPA EntityManagerFactory for persistence unit 'default'
2026-03-31T10:40:36.619+07:00  WARN 14264 --- [           main] JpaBaseConfiguration$JpaWebConfiguration : spring.jpa.open-in-view is enabled by default. Therefore, database queries may be performed during view rendering. Explicitly configure spring.jpa.open-in-view to disable this warning
2026-03-31T10:40:36.810+07:00  INFO 14264 --- [           main] o.s.b.t.m.w.SpringBootMockServletContext : Initializing Spring TestDispatcherServlet ''
2026-03-31T10:40:36.810+07:00  INFO 14264 --- [           main] o.s.t.web.servlet.TestDispatcherServlet  : Initializing Servlet ''
2026-03-31T10:40:36.811+07:00  INFO 14264 --- [           main] o.s.t.web.servlet.TestDispatcherServlet  : Completed initialization in 0 ms
2026-03-31T10:40:36.814+07:00  INFO 14264 --- [           main] o.s.m.s.b.SimpleBrokerMessageHandler     : Starting...
2026-03-31T10:40:36.814+07:00  INFO 14264 --- [           main] o.s.m.s.b.SimpleBrokerMessageHandler     : BrokerAvailabilityEvent[available=true, SimpleBrokerMessageHandler [org.springframework.messaging.simp.broker.DefaultSubscriptionRegistry@a284e1b]]
2026-03-31T10:40:36.816+07:00  INFO 14264 --- [           main] o.s.m.s.b.SimpleBrokerMessageHandler     : Started.
2026-03-31T10:40:37.046+07:00  INFO 14264 --- [           main] o.s.m.s.b.SimpleBrokerMessageHandler     : Stopping...
2026-03-31T10:40:37.046+07:00  INFO 14264 --- [           main] o.s.m.s.b.SimpleBrokerMessageHandler     : BrokerAvailabilityEvent[available=false, SimpleBrokerMessageHandler [org.springframework.messaging.simp.broker.DefaultSubscriptionRegistry@a284e1b]]
2026-03-31T10:40:37.046+07:00  INFO 14264 --- [           main] o.s.m.s.b.SimpleBrokerMessageHandler     : Stopped.
2026-03-31T10:40:37.047+07:00  INFO 14264 --- [           main] j.LocalContainerEntityManagerFactoryBean : Closing JPA EntityManagerFactory for persistence unit 'default'
2026-03-31T10:40:37.049+07:00  INFO 14264 --- [           main] com.zaxxer.hikari.HikariDataSource       : HikariPool-22 - Shutdown initiated...
2026-03-31T10:40:37.050+07:00  INFO 14264 --- [           main] com.zaxxer.hikari.HikariDataSource       : HikariPool-22 - Shutdown completed.
]]></system-out>
  </testcase>
  <testcase name="getSession_differentTables_areIsolated" classname="com.restaurant.integration.TableSessionControllerIntegrationTest" time="0.103">
    <system-out><![CDATA[
  .   ____          _            __ _ _
 /\\ / ___'_ __ _ _(_)_ __  __ _ \ \ \ \
( ( )\___ | '_ | '_| | '_ \/ _` | \ \ \ \
 \\/  ___)| |_)| | | | | || (_| |  ) ) ) )
  '  |____| .__|_| |_|_| |_\__, | / / / /
 =========|_|==============|___/=/_/_/_/
 :: Spring Boot ::                (v3.2.3)

2026-03-31T10:40:37.220+07:00  INFO 14264 --- [           main] .s.d.r.c.RepositoryConfigurationDelegate : Bootstrapping Spring Data JPA repositories in DEFAULT mode.
2026-03-31T10:40:37.235+07:00  INFO 14264 --- [           main] .s.d.r.c.RepositoryConfigurationDelegate : Finished Spring Data repository scanning in 15 ms. Found 7 JPA repository interfaces.
2026-03-31T10:40:37.306+07:00  INFO 14264 --- [           main] o.hibernate.jpa.internal.util.LogHelper  : HHH000204: Processing PersistenceUnitInfo [name: default]
2026-03-31T10:40:37.310+07:00  INFO 14264 --- [           main] o.h.c.internal.RegionFactoryInitiator    : HHH000026: Second-level cache disabled
2026-03-31T10:40:37.316+07:00  INFO 14264 --- [           main] o.s.o.j.p.SpringPersistenceUnitInfo      : No LoadTimeWeaver setup: ignoring JPA class transformer
2026-03-31T10:40:37.316+07:00  INFO 14264 --- [           main] com.zaxxer.hikari.HikariDataSource       : HikariPool-23 - Starting...
2026-03-31T10:40:37.318+07:00  INFO 14264 --- [           main] com.zaxxer.hikari.pool.HikariPool        : HikariPool-23 - Added connection conn220: url=jdbc:h2:mem:testdb user=SA
2026-03-31T10:40:37.318+07:00  INFO 14264 --- [           main] com.zaxxer.hikari.HikariDataSource       : HikariPool-23 - Start completed.
2026-03-31T10:40:37.318+07:00  WARN 14264 --- [           main] org.hibernate.orm.deprecation            : HHH90000025: H2Dialect does not need to be specified explicitly using 'hibernate.dialect' (remove the property setting and it will be selected by default)
2026-03-31T10:40:37.422+07:00  INFO 14264 --- [           main] o.h.e.t.j.p.i.JtaPlatformInitiator       : HHH000489: No JTA platform available (set 'hibernate.transaction.jta.platform' to enable JTA platform integration)
2026-03-31T10:40:37.434+07:00  INFO 14264 --- [           main] j.LocalContainerEntityManagerFactoryBean : Initialized JPA EntityManagerFactory for persistence unit 'default'
2026-03-31T10:40:37.705+07:00  WARN 14264 --- [           main] JpaBaseConfiguration$JpaWebConfiguration : spring.jpa.open-in-view is enabled by default. Therefore, database queries may be performed during view rendering. Explicitly configure spring.jpa.open-in-view to disable this warning
2026-03-31T10:40:37.935+07:00  INFO 14264 --- [           main] o.s.b.t.m.w.SpringBootMockServletContext : Initializing Spring TestDispatcherServlet ''
2026-03-31T10:40:37.935+07:00  INFO 14264 --- [           main] o.s.t.web.servlet.TestDispatcherServlet  : Initializing Servlet ''
2026-03-31T10:40:37.936+07:00  INFO 14264 --- [           main] o.s.t.web.servlet.TestDispatcherServlet  : Completed initialization in 1 ms
2026-03-31T10:40:37.940+07:00  INFO 14264 --- [           main] o.s.m.s.b.SimpleBrokerMessageHandler     : Starting...
2026-03-31T10:40:37.940+07:00  INFO 14264 --- [           main] o.s.m.s.b.SimpleBrokerMessageHandler     : BrokerAvailabilityEvent[available=true, SimpleBrokerMessageHandler [org.springframework.messaging.simp.broker.DefaultSubscriptionRegistry@a2ca24]]
2026-03-31T10:40:37.940+07:00  INFO 14264 --- [           main] o.s.m.s.b.SimpleBrokerMessageHandler     : Started.
2026-03-31T10:40:38.267+07:00  INFO 14264 --- [           main] o.s.m.s.b.SimpleBrokerMessageHandler     : Stopping...
2026-03-31T10:40:38.268+07:00  INFO 14264 --- [           main] o.s.m.s.b.SimpleBrokerMessageHandler     : BrokerAvailabilityEvent[available=false, SimpleBrokerMessageHandler [org.springframework.messaging.simp.broker.DefaultSubscriptionRegistry@a2ca24]]
2026-03-31T10:40:38.268+07:00  INFO 14264 --- [           main] o.s.m.s.b.SimpleBrokerMessageHandler     : Stopped.
2026-03-31T10:40:38.270+07:00  INFO 14264 --- [           main] j.LocalContainerEntityManagerFactoryBean : Closing JPA EntityManagerFactory for persistence unit 'default'
2026-03-31T10:40:38.272+07:00  INFO 14264 --- [           main] com.zaxxer.hikari.HikariDataSource       : HikariPool-23 - Shutdown initiated...
2026-03-31T10:40:38.273+07:00  INFO 14264 --- [           main] com.zaxxer.hikari.HikariDataSource       : HikariPool-23 - Shutdown completed.
]]></system-out>
  </testcase>
  <testcase name="paySession_markSessionAsPaid" classname="com.restaurant.integration.TableSessionControllerIntegrationTest" time="0.065">
    <system-out><![CDATA[
  .   ____          _            __ _ _
 /\\ / ___'_ __ _ _(_)_ __  __ _ \ \ \ \
( ( )\___ | '_ | '_| | '_ \/ _` | \ \ \ \
 \\/  ___)| |_)| | | | | || (_| |  ) ) ) )
  '  |____| .__|_| |_|_| |_\__, | / / / /
 =========|_|==============|___/=/_/_/_/
 :: Spring Boot ::                (v3.2.3)

2026-03-31T10:40:38.541+07:00  INFO 14264 --- [           main] .s.d.r.c.RepositoryConfigurationDelegate : Bootstrapping Spring Data JPA repositories in DEFAULT mode.
2026-03-31T10:40:38.568+07:00  INFO 14264 --- [           main] .s.d.r.c.RepositoryConfigurationDelegate : Finished Spring Data repository scanning in 25 ms. Found 7 JPA repository interfaces.
2026-03-31T10:40:38.677+07:00  INFO 14264 --- [           main] o.hibernate.jpa.internal.util.LogHelper  : HHH000204: Processing PersistenceUnitInfo [name: default]
2026-03-31T10:40:38.684+07:00  INFO 14264 --- [           main] o.h.c.internal.RegionFactoryInitiator    : HHH000026: Second-level cache disabled
2026-03-31T10:40:38.694+07:00  INFO 14264 --- [           main] o.s.o.j.p.SpringPersistenceUnitInfo      : No LoadTimeWeaver setup: ignoring JPA class transformer
2026-03-31T10:40:38.697+07:00  INFO 14264 --- [           main] com.zaxxer.hikari.HikariDataSource       : HikariPool-24 - Starting...
2026-03-31T10:40:38.699+07:00  INFO 14264 --- [           main] com.zaxxer.hikari.pool.HikariPool        : HikariPool-24 - Added connection conn230: url=jdbc:h2:mem:testdb user=SA
2026-03-31T10:40:38.699+07:00  INFO 14264 --- [           main] com.zaxxer.hikari.HikariDataSource       : HikariPool-24 - Start completed.
2026-03-31T10:40:38.700+07:00  WARN 14264 --- [           main] org.hibernate.orm.deprecation            : HHH90000025: H2Dialect does not need to be specified explicitly using 'hibernate.dialect' (remove the property setting and it will be selected by default)
2026-03-31T10:40:38.868+07:00  INFO 14264 --- [           main] o.h.e.t.j.p.i.JtaPlatformInitiator       : HHH000489: No JTA platform available (set 'hibernate.transaction.jta.platform' to enable JTA platform integration)
2026-03-31T10:40:38.888+07:00  INFO 14264 --- [           main] j.LocalContainerEntityManagerFactoryBean : Initialized JPA EntityManagerFactory for persistence unit 'default'
2026-03-31T10:40:39.155+07:00  WARN 14264 --- [           main] JpaBaseConfiguration$JpaWebConfiguration : spring.jpa.open-in-view is enabled by default. Therefore, database queries may be performed during view rendering. Explicitly configure spring.jpa.open-in-view to disable this warning
2026-03-31T10:40:39.386+07:00  INFO 14264 --- [           main] o.s.b.t.m.w.SpringBootMockServletContext : Initializing Spring TestDispatcherServlet ''
2026-03-31T10:40:39.387+07:00  INFO 14264 --- [           main] o.s.t.web.servlet.TestDispatcherServlet  : Initializing Servlet ''
2026-03-31T10:40:39.387+07:00  INFO 14264 --- [           main] o.s.t.web.servlet.TestDispatcherServlet  : Completed initialization in 0 ms
2026-03-31T10:40:39.391+07:00  INFO 14264 --- [           main] o.s.m.s.b.SimpleBrokerMessageHandler     : Starting...
2026-03-31T10:40:39.391+07:00  INFO 14264 --- [           main] o.s.m.s.b.SimpleBrokerMessageHandler     : BrokerAvailabilityEvent[available=true, SimpleBrokerMessageHandler [org.springframework.messaging.simp.broker.DefaultSubscriptionRegistry@3c041e8a]]
2026-03-31T10:40:39.391+07:00  INFO 14264 --- [           main] o.s.m.s.b.SimpleBrokerMessageHandler     : Started.
2026-03-31T10:40:39.677+07:00  INFO 14264 --- [           main] o.s.m.s.b.SimpleBrokerMessageHandler     : Stopping...
2026-03-31T10:40:39.677+07:00  INFO 14264 --- [           main] o.s.m.s.b.SimpleBrokerMessageHandler     : BrokerAvailabilityEvent[available=false, SimpleBrokerMessageHandler [org.springframework.messaging.simp.broker.DefaultSubscriptionRegistry@3c041e8a]]
2026-03-31T10:40:39.677+07:00  INFO 14264 --- [           main] o.s.m.s.b.SimpleBrokerMessageHandler     : Stopped.
2026-03-31T10:40:39.678+07:00  INFO 14264 --- [           main] j.LocalContainerEntityManagerFactoryBean : Closing JPA EntityManagerFactory for persistence unit 'default'
2026-03-31T10:40:39.679+07:00  INFO 14264 --- [           main] com.zaxxer.hikari.HikariDataSource       : HikariPool-24 - Shutdown initiated...
2026-03-31T10:40:39.680+07:00  INFO 14264 --- [           main] com.zaxxer.hikari.HikariDataSource       : HikariPool-24 - Shutdown completed.
]]></system-out>
  </testcase>
  <testcase name="paySession_noActiveSession_returns400" classname="com.restaurant.integration.TableSessionControllerIntegrationTest" time="0.021">
    <system-out><![CDATA[
  .   ____          _            __ _ _
 /\\ / ___'_ __ _ _(_)_ __  __ _ \ \ \ \
( ( )\___ | '_ | '_| | '_ \/ _` | \ \ \ \
 \\/  ___)| |_)| | | | | || (_| |  ) ) ) )
  '  |____| .__|_| |_|_| |_\__, | / / / /
 =========|_|==============|___/=/_/_/_/
 :: Spring Boot ::                (v3.2.3)

2026-03-31T10:40:39.895+07:00  INFO 14264 --- [           main] .s.d.r.c.RepositoryConfigurationDelegate : Bootstrapping Spring Data JPA repositories in DEFAULT mode.
2026-03-31T10:40:39.916+07:00  INFO 14264 --- [           main] .s.d.r.c.RepositoryConfigurationDelegate : Finished Spring Data repository scanning in 19 ms. Found 7 JPA repository interfaces.
2026-03-31T10:40:40.026+07:00  INFO 14264 --- [           main] o.hibernate.jpa.internal.util.LogHelper  : HHH000204: Processing PersistenceUnitInfo [name: default]
2026-03-31T10:40:40.092+07:00  INFO 14264 --- [           main] o.h.c.internal.RegionFactoryInitiator    : HHH000026: Second-level cache disabled
2026-03-31T10:40:40.104+07:00  INFO 14264 --- [           main] o.s.o.j.p.SpringPersistenceUnitInfo      : No LoadTimeWeaver setup: ignoring JPA class transformer
2026-03-31T10:40:40.110+07:00  INFO 14264 --- [           main] com.zaxxer.hikari.HikariDataSource       : HikariPool-25 - Starting...
2026-03-31T10:40:40.111+07:00  INFO 14264 --- [           main] com.zaxxer.hikari.pool.HikariPool        : HikariPool-25 - Added connection conn240: url=jdbc:h2:mem:testdb user=SA
2026-03-31T10:40:40.111+07:00  INFO 14264 --- [           main] com.zaxxer.hikari.HikariDataSource       : HikariPool-25 - Start completed.
2026-03-31T10:40:40.112+07:00  WARN 14264 --- [           main] org.hibernate.orm.deprecation            : HHH90000025: H2Dialect does not need to be specified explicitly using 'hibernate.dialect' (remove the property setting and it will be selected by default)
2026-03-31T10:40:40.333+07:00  INFO 14264 --- [           main] o.h.e.t.j.p.i.JtaPlatformInitiator       : HHH000489: No JTA platform available (set 'hibernate.transaction.jta.platform' to enable JTA platform integration)
2026-03-31T10:40:40.350+07:00  INFO 14264 --- [           main] j.LocalContainerEntityManagerFactoryBean : Initialized JPA EntityManagerFactory for persistence unit 'default'
2026-03-31T10:40:40.606+07:00  WARN 14264 --- [           main] JpaBaseConfiguration$JpaWebConfiguration : spring.jpa.open-in-view is enabled by default. Therefore, database queries may be performed during view rendering. Explicitly configure spring.jpa.open-in-view to disable this warning
2026-03-31T10:40:40.846+07:00  INFO 14264 --- [           main] o.s.b.t.m.w.SpringBootMockServletContext : Initializing Spring TestDispatcherServlet ''
2026-03-31T10:40:40.846+07:00  INFO 14264 --- [           main] o.s.t.web.servlet.TestDispatcherServlet  : Initializing Servlet ''
2026-03-31T10:40:40.847+07:00  INFO 14264 --- [           main] o.s.t.web.servlet.TestDispatcherServlet  : Completed initialization in 1 ms
2026-03-31T10:40:40.851+07:00  INFO 14264 --- [           main] o.s.m.s.b.SimpleBrokerMessageHandler     : Starting...
2026-03-31T10:40:40.851+07:00  INFO 14264 --- [           main] o.s.m.s.b.SimpleBrokerMessageHandler     : BrokerAvailabilityEvent[available=true, SimpleBrokerMessageHandler [org.springframework.messaging.simp.broker.DefaultSubscriptionRegistry@28397aa7]]
2026-03-31T10:40:40.851+07:00  INFO 14264 --- [           main] o.s.m.s.b.SimpleBrokerMessageHandler     : Started.
2026-03-31T10:40:41.095+07:00  INFO 14264 --- [           main] o.s.m.s.b.SimpleBrokerMessageHandler     : Stopping...
2026-03-31T10:40:41.095+07:00  INFO 14264 --- [           main] o.s.m.s.b.SimpleBrokerMessageHandler     : BrokerAvailabilityEvent[available=false, SimpleBrokerMessageHandler [org.springframework.messaging.simp.broker.DefaultSubscriptionRegistry@28397aa7]]
2026-03-31T10:40:41.095+07:00  INFO 14264 --- [           main] o.s.m.s.b.SimpleBrokerMessageHandler     : Stopped.
2026-03-31T10:40:41.096+07:00  INFO 14264 --- [           main] j.LocalContainerEntityManagerFactoryBean : Closing JPA EntityManagerFactory for persistence unit 'default'
2026-03-31T10:40:41.097+07:00  INFO 14264 --- [           main] com.zaxxer.hikari.HikariDataSource       : HikariPool-25 - Shutdown initiated...
2026-03-31T10:40:41.099+07:00  INFO 14264 --- [           main] com.zaxxer.hikari.HikariDataSource       : HikariPool-25 - Shutdown completed.
]]></system-out>
  </testcase>
  <testcase name="paySession_createsNewSession_forSubsequentOrders" classname="com.restaurant.integration.TableSessionControllerIntegrationTest" time="0.093">
    <system-out><![CDATA[
  .   ____          _            __ _ _
 /\\ / ___'_ __ _ _(_)_ __  __ _ \ \ \ \
( ( )\___ | '_ | '_| | '_ \/ _` | \ \ \ \
 \\/  ___)| |_)| | | | | || (_| |  ) ) ) )
  '  |____| .__|_| |_|_| |_\__, | / / / /
 =========|_|==============|___/=/_/_/_/
 :: Spring Boot ::                (v3.2.3)

2026-03-31T10:40:41.309+07:00  INFO 14264 --- [           main] .s.d.r.c.RepositoryConfigurationDelegate : Bootstrapping Spring Data JPA repositories in DEFAULT mode.
2026-03-31T10:40:41.327+07:00  INFO 14264 --- [           main] .s.d.r.c.RepositoryConfigurationDelegate : Finished Spring Data repository scanning in 16 ms. Found 7 JPA repository interfaces.
2026-03-31T10:40:41.409+07:00  INFO 14264 --- [           main] o.hibernate.jpa.internal.util.LogHelper  : HHH000204: Processing PersistenceUnitInfo [name: default]
2026-03-31T10:40:41.415+07:00  INFO 14264 --- [           main] o.h.c.internal.RegionFactoryInitiator    : HHH000026: Second-level cache disabled
2026-03-31T10:40:41.421+07:00  INFO 14264 --- [           main] o.s.o.j.p.SpringPersistenceUnitInfo      : No LoadTimeWeaver setup: ignoring JPA class transformer
2026-03-31T10:40:41.423+07:00  INFO 14264 --- [           main] com.zaxxer.hikari.HikariDataSource       : HikariPool-26 - Starting...
2026-03-31T10:40:41.424+07:00  INFO 14264 --- [           main] com.zaxxer.hikari.pool.HikariPool        : HikariPool-26 - Added connection conn250: url=jdbc:h2:mem:testdb user=SA
2026-03-31T10:40:41.424+07:00  INFO 14264 --- [           main] com.zaxxer.hikari.HikariDataSource       : HikariPool-26 - Start completed.
2026-03-31T10:40:41.424+07:00  WARN 14264 --- [           main] org.hibernate.orm.deprecation            : HHH90000025: H2Dialect does not need to be specified explicitly using 'hibernate.dialect' (remove the property setting and it will be selected by default)
2026-03-31T10:40:41.582+07:00  INFO 14264 --- [           main] o.h.e.t.j.p.i.JtaPlatformInitiator       : HHH000489: No JTA platform available (set 'hibernate.transaction.jta.platform' to enable JTA platform integration)
2026-03-31T10:40:41.612+07:00  INFO 14264 --- [           main] j.LocalContainerEntityManagerFactoryBean : Initialized JPA EntityManagerFactory for persistence unit 'default'
2026-03-31T10:40:42.020+07:00  WARN 14264 --- [           main] JpaBaseConfiguration$JpaWebConfiguration : spring.jpa.open-in-view is enabled by default. Therefore, database queries may be performed during view rendering. Explicitly configure spring.jpa.open-in-view to disable this warning
2026-03-31T10:40:42.252+07:00  INFO 14264 --- [           main] o.s.b.t.m.w.SpringBootMockServletContext : Initializing Spring TestDispatcherServlet ''
2026-03-31T10:40:42.252+07:00  INFO 14264 --- [           main] o.s.t.web.servlet.TestDispatcherServlet  : Initializing Servlet ''
2026-03-31T10:40:42.253+07:00  INFO 14264 --- [           main] o.s.t.web.servlet.TestDispatcherServlet  : Completed initialization in 1 ms
2026-03-31T10:40:42.257+07:00  INFO 14264 --- [           main] o.s.m.s.b.SimpleBrokerMessageHandler     : Starting...
2026-03-31T10:40:42.257+07:00  INFO 14264 --- [           main] o.s.m.s.b.SimpleBrokerMessageHandler     : BrokerAvailabilityEvent[available=true, SimpleBrokerMessageHandler [org.springframework.messaging.simp.broker.DefaultSubscriptionRegistry@2056493f]]
2026-03-31T10:40:42.257+07:00  INFO 14264 --- [           main] o.s.m.s.b.SimpleBrokerMessageHandler     : Started.
2026-03-31T10:40:42.570+07:00  INFO 14264 --- [           main] o.s.m.s.b.SimpleBrokerMessageHandler     : Stopping...
2026-03-31T10:40:42.570+07:00  INFO 14264 --- [           main] o.s.m.s.b.SimpleBrokerMessageHandler     : BrokerAvailabilityEvent[available=false, SimpleBrokerMessageHandler [org.springframework.messaging.simp.broker.DefaultSubscriptionRegistry@2056493f]]
2026-03-31T10:40:42.570+07:00  INFO 14264 --- [           main] o.s.m.s.b.SimpleBrokerMessageHandler     : Stopped.
2026-03-31T10:40:42.571+07:00  INFO 14264 --- [           main] j.LocalContainerEntityManagerFactoryBean : Closing JPA EntityManagerFactory for persistence unit 'default'
2026-03-31T10:40:42.573+07:00  INFO 14264 --- [           main] com.zaxxer.hikari.HikariDataSource       : HikariPool-26 - Shutdown initiated...
2026-03-31T10:40:42.574+07:00  INFO 14264 --- [           main] com.zaxxer.hikari.HikariDataSource       : HikariPool-26 - Shutdown completed.
]]></system-out>
  </testcase>
  <testcase name="getSession_returnsSession_afterOrderPlaced" classname="com.restaurant.integration.TableSessionControllerIntegrationTest" time="0.049">
    <system-out><![CDATA[
  .   ____          _            __ _ _
 /\\ / ___'_ __ _ _(_)_ __  __ _ \ \ \ \
( ( )\___ | '_ | '_| | '_ \/ _` | \ \ \ \
 \\/  ___)| |_)| | | | | || (_| |  ) ) ) )
  '  |____| .__|_| |_|_| |_\__, | / / / /
 =========|_|==============|___/=/_/_/_/
 :: Spring Boot ::                (v3.2.3)

2026-03-31T10:40:42.881+07:00  INFO 14264 --- [           main] .s.d.r.c.RepositoryConfigurationDelegate : Bootstrapping Spring Data JPA repositories in DEFAULT mode.
2026-03-31T10:40:42.920+07:00  INFO 14264 --- [           main] .s.d.r.c.RepositoryConfigurationDelegate : Finished Spring Data repository scanning in 37 ms. Found 7 JPA repository interfaces.
2026-03-31T10:40:43.017+07:00  INFO 14264 --- [           main] o.hibernate.jpa.internal.util.LogHelper  : HHH000204: Processing PersistenceUnitInfo [name: default]
2026-03-31T10:40:43.021+07:00  INFO 14264 --- [           main] o.h.c.internal.RegionFactoryInitiator    : HHH000026: Second-level cache disabled
2026-03-31T10:40:43.028+07:00  INFO 14264 --- [           main] o.s.o.j.p.SpringPersistenceUnitInfo      : No LoadTimeWeaver setup: ignoring JPA class transformer
2026-03-31T10:40:43.031+07:00  INFO 14264 --- [           main] com.zaxxer.hikari.HikariDataSource       : HikariPool-27 - Starting...
2026-03-31T10:40:43.031+07:00  INFO 14264 --- [           main] com.zaxxer.hikari.pool.HikariPool        : HikariPool-27 - Added connection conn260: url=jdbc:h2:mem:testdb user=SA
2026-03-31T10:40:43.032+07:00  INFO 14264 --- [           main] com.zaxxer.hikari.HikariDataSource       : HikariPool-27 - Start completed.
2026-03-31T10:40:43.032+07:00  WARN 14264 --- [           main] org.hibernate.orm.deprecation            : HHH90000025: H2Dialect does not need to be specified explicitly using 'hibernate.dialect' (remove the property setting and it will be selected by default)
2026-03-31T10:40:43.150+07:00  INFO 14264 --- [           main] o.h.e.t.j.p.i.JtaPlatformInitiator       : HHH000489: No JTA platform available (set 'hibernate.transaction.jta.platform' to enable JTA platform integration)
2026-03-31T10:40:43.163+07:00  INFO 14264 --- [           main] j.LocalContainerEntityManagerFactoryBean : Initialized JPA EntityManagerFactory for persistence unit 'default'
2026-03-31T10:40:43.375+07:00  WARN 14264 --- [           main] JpaBaseConfiguration$JpaWebConfiguration : spring.jpa.open-in-view is enabled by default. Therefore, database queries may be performed during view rendering. Explicitly configure spring.jpa.open-in-view to disable this warning
2026-03-31T10:40:43.555+07:00  INFO 14264 --- [           main] o.s.b.t.m.w.SpringBootMockServletContext : Initializing Spring TestDispatcherServlet ''
2026-03-31T10:40:43.555+07:00  INFO 14264 --- [           main] o.s.t.web.servlet.TestDispatcherServlet  : Initializing Servlet ''
2026-03-31T10:40:43.556+07:00  INFO 14264 --- [           main] o.s.t.web.servlet.TestDispatcherServlet  : Completed initialization in 1 ms
2026-03-31T10:40:43.561+07:00  INFO 14264 --- [           main] o.s.m.s.b.SimpleBrokerMessageHandler     : Starting...
2026-03-31T10:40:43.561+07:00  INFO 14264 --- [           main] o.s.m.s.b.SimpleBrokerMessageHandler     : BrokerAvailabilityEvent[available=true, SimpleBrokerMessageHandler [org.springframework.messaging.simp.broker.DefaultSubscriptionRegistry@23c2719f]]
2026-03-31T10:40:43.561+07:00  INFO 14264 --- [           main] o.s.m.s.b.SimpleBrokerMessageHandler     : Started.
2026-03-31T10:40:43.821+07:00  INFO 14264 --- [           main] o.s.m.s.b.SimpleBrokerMessageHandler     : Stopping...
2026-03-31T10:40:43.821+07:00  INFO 14264 --- [           main] o.s.m.s.b.SimpleBrokerMessageHandler     : BrokerAvailabilityEvent[available=false, SimpleBrokerMessageHandler [org.springframework.messaging.simp.broker.DefaultSubscriptionRegistry@23c2719f]]
2026-03-31T10:40:43.821+07:00  INFO 14264 --- [           main] o.s.m.s.b.SimpleBrokerMessageHandler     : Stopped.
2026-03-31T10:40:43.821+07:00  INFO 14264 --- [           main] j.LocalContainerEntityManagerFactoryBean : Closing JPA EntityManagerFactory for persistence unit 'default'
2026-03-31T10:40:43.822+07:00  INFO 14264 --- [           main] com.zaxxer.hikari.HikariDataSource       : HikariPool-27 - Shutdown initiated...
2026-03-31T10:40:43.823+07:00  INFO 14264 --- [           main] com.zaxxer.hikari.HikariDataSource       : HikariPool-27 - Shutdown completed.
]]></system-out>
  </testcase>
</testsuite>