<?xml version="1.0" encoding="UTF-8"?>
<testsuite xmlns:xsi="http://www.w3.org/2001/XMLSchema-instance" xsi:noNamespaceSchemaLocation="https://maven.apache.org/surefire/maven-surefire-plugin/xsd/surefire-test-report-3.0.xsd" version="3.0" name="com.restaurant.integration.TableSessionControllerIntegrationTest" time="16.572" tests="8" errors="0" skipped="0" failures="0">
  <properties>
[...]
</properties>
  <testcase name="paySession_withCard_recordsPaymentMethod" classname="com.restaurant.integration.TableSessionControllerIntegrationTest" time="0.112">
    <system-out><![CDATA[2026-03-31T14:42:51.837+07:00  INFO 17404 --- [           main] t.c.s.AnnotationConfigContextLoaderUtils : Could not detect default configuration classes for test class [com.restaurant.integration.TableSessionControllerIntegrationTest]: TableSessionControllerIntegrationTest does not declare any static, non-private, non-final, nested classes annotated with @Configuration.
2026-03-31T14:42:51.844+07:00  INFO 17404 --- [           main] .b.t.c.SpringBootTestContextBootstrapper : Found @SpringBootConfiguration com.restaurant.RestaurantApplication for test class com.restaurant.integration.TableSessionControllerIntegrationTest

  .   ____          _            __ _ _
 /\\ / ___'_ __ _ _(_)_ __  __ _ \ \ \ \
( ( )\___ | '_ | '_| | '_ \/ _` | \ \ \ \
 \\/  ___)| |_)| | | | | || (_| |  ) ) ) )
  '  |____| .__|_| |_|_| |_\__, | / / / /
 =========|_|==============|___/=/_/_/_/
 :: Spring Boot ::                (v3.2.3)

2026-03-31T14:42:52.088+07:00  INFO 17404 --- [           main] .s.d.r.c.RepositoryConfigurationDelegate : Bootstrapping Spring Data JPA repositories in DEFAULT mode.
2026-03-31T14:42:52.114+07:00  INFO 17404 --- [           main] .s.d.r.c.RepositoryConfigurationDelegate : Finished Spring Data repository scanning in 25 ms. Found 7 JPA repository interfaces.
2026-03-31T14:42:52.222+07:00  INFO 17404 --- [           main] o.hibernate.jpa.internal.util.LogHelper  : HHH000204: Processing PersistenceUnitInfo [name: default]
2026-03-31T14:42:52.231+07:00  INFO 17404 --- [           main] o.h.c.internal.RegionFactoryInitiator    : HHH000026: Second-level cache disabled
2026-03-31T14:42:52.239+07:00  INFO 17404 --- [           main] o.s.o.j.p.SpringPersistenceUnitInfo      : No LoadTimeWeaver setup: ignoring JPA class transformer
2026-03-31T14:42:52.244+07:00  INFO 17404 --- [           main] com.zaxxer.hikari.HikariDataSource       : HikariPool-22 - Starting...
2026-03-31T14:42:52.245+07:00  INFO 17404 --- [           main] com.zaxxer.hikari.pool.HikariPool        : HikariPool-22 - Added connection conn210: url=jdbc:h2:mem:testdb user=SA
2026-03-31T14:42:52.245+07:00  INFO 17404 --- [           main] com.zaxxer.hikari.HikariDataSource       : HikariPool-22 - Start completed.
2026-03-31T14:42:52.245+07:00  WARN 17404 --- [           main] org.hibernate.orm.deprecation            : HHH90000025: H2Dialect does not need to be specified explicitly using 'hibernate.dialect' (remove the property setting and it will be selected by default)
2026-03-31T14:42:52.403+07:00  INFO 17404 --- [           main] o.h.e.t.j.p.i.JtaPlatformInitiator       : HHH000489: No JTA platform available (set 'hibernate.transaction.jta.platform' to enable JTA platform integration)
2026-03-31T14:42:52.422+07:00  INFO 17404 --- [           main] j.LocalContainerEntityManagerFactoryBean : Initialized JPA EntityManagerFactory for persistence unit 'default'
2026-03-31T14:42:52.815+07:00  WARN 17404 --- [           main] JpaBaseConfiguration$JpaWebConfiguration : spring.jpa.open-in-view is enabled by default. Therefore, database queries may be performed during view rendering. Explicitly configure spring.jpa.open-in-view to disable this warning
2026-03-31T14:42:53.086+07:00  INFO 17404 --- [           main] o.s.b.t.m.w.SpringBootMockServletContext : Initializing Spring TestDispatcherServlet ''
2026-03-31T14:42:53.086+07:00  INFO 17404 --- [           main] o.s.t.web.servlet.TestDispatcherServlet  : Initializing Servlet ''
2026-03-31T14:42:53.087+07:00  INFO 17404 --- [           main] o.s.t.web.servlet.TestDispatcherServlet  : Completed initialization in 1 ms
2026-03-31T14:42:53.093+07:00  INFO 17404 --- [           main] o.s.m.s.b.SimpleBrokerMessageHandler     : Starting...
2026-03-31T14:42:53.093+07:00  INFO 17404 --- [           main] o.s.m.s.b.SimpleBrokerMessageHandler     : BrokerAvailabilityEvent[available=true, SimpleBrokerMessageHandler [org.springframework.messaging.simp.broker.DefaultSubscriptionRegistry@249e6b7c]]
2026-03-31T14:42:53.093+07:00  INFO 17404 --- [           main] o.s.m.s.b.SimpleBrokerMessageHandler     : Started.
2026-03-31T14:42:53.569+07:00  INFO 17404 --- [           main] o.s.m.s.b.SimpleBrokerMessageHandler     : Stopping...
2026-03-31T14:42:53.569+07:00  INFO 17404 --- [           main] o.s.m.s.b.SimpleBrokerMessageHandler     : BrokerAvailabilityEvent[available=false, SimpleBrokerMessageHandler [org.springframework.messaging.simp.broker.DefaultSubscriptionRegistry@249e6b7c]]
2026-03-31T14:42:53.569+07:00  INFO 17404 --- [           main] o.s.m.s.b.SimpleBrokerMessageHandler     : Stopped.
2026-03-31T14:42:53.571+07:00  INFO 17404 --- [           main] j.LocalContainerEntityManagerFactoryBean : Closing JPA EntityManagerFactory for persistence unit 'default'
2026-03-31T14:42:53.573+07:00  INFO 17404 --- [           main] com.zaxxer.hikari.HikariDataSource       : HikariPool-22 - Shutdown initiated...
2026-03-31T14:42:53.575+07:00  INFO 17404 --- [           main] com.zaxxer.hikari.HikariDataSource       : HikariPool-22 - Shutdown completed.
]]></system-out>
  </testcase>
  <testcase name="getSession_accumulatesMultipleOrders" classname="com.restaurant.integration.TableSessionControllerIntegrationTest" time="0.117">
    <system-out><![CDATA[
  .   ____          _            __ _ _
 /\\ / ___'_ __ _ _(_)_ __  __ _ \ \ \ \
( ( )\___ | '_ | '_| | '_ \/ _` | \ \ \ \
 \\/  ___)| |_)| | | | | || (_| |  ) ) ) )
  '  |____| .__|_| |_|_| |_\__, | / / / /
 =========|_|==============|___/=/_/_/_/
 :: Spring Boot ::                (v3.2.3)

2026-03-31T14:42:53.822+07:00  INFO 17404 --- [           main] .s.d.r.c.RepositoryConfigurationDelegate : Bootstrapping Spring Data JPA repositories in DEFAULT mode.
2026-03-31T14:42:53.844+07:00  INFO 17404 --- [           main] .s.d.r.c.RepositoryConfigurationDelegate : Finished Spring Data repository scanning in 21 ms. Found 7 JPA repository interfaces.
2026-03-31T14:42:53.950+07:00  INFO 17404 --- [           main] o.hibernate.jpa.internal.util.LogHelper  : HHH000204: Processing PersistenceUnitInfo [name: default]
2026-03-31T14:42:53.958+07:00  INFO 17404 --- [           main] o.h.c.internal.RegionFactoryInitiator    : HHH000026: Second-level cache disabled
2026-03-31T14:42:53.965+07:00  INFO 17404 --- [           main] o.s.o.j.p.SpringPersistenceUnitInfo      : No LoadTimeWeaver setup: ignoring JPA class transformer
2026-03-31T14:42:53.968+07:00  INFO 17404 --- [           main] com.zaxxer.hikari.HikariDataSource       : HikariPool-23 - Starting...
2026-03-31T14:42:53.969+07:00  INFO 17404 --- [           main] com.zaxxer.hikari.pool.HikariPool        : HikariPool-23 - Added connection conn220: url=jdbc:h2:mem:testdb user=SA
2026-03-31T14:42:53.969+07:00  INFO 17404 --- [           main] com.zaxxer.hikari.HikariDataSource       : HikariPool-23 - Start completed.
2026-03-31T14:42:53.970+07:00  WARN 17404 --- [           main] org.hibernate.orm.deprecation            : HHH90000025: H2Dialect does not need to be specified explicitly using 'hibernate.dialect' (remove the property setting and it will be selected by default)
2026-03-31T14:42:54.144+07:00  INFO 17404 --- [           main] o.h.e.t.j.p.i.JtaPlatformInitiator       : HHH000489: No JTA platform available (set 'hibernate.transaction.jta.platform' to enable JTA platform integration)
2026-03-31T14:42:54.161+07:00  INFO 17404 --- [           main] j.LocalContainerEntityManagerFactoryBean : Initialized JPA EntityManagerFactory for persistence unit 'default'
2026-03-31T14:42:54.520+07:00  WARN 17404 --- [           main] JpaBaseConfiguration$JpaWebConfiguration : spring.jpa.open-in-view is enabled by default. Therefore, database queries may be performed during view rendering. Explicitly configure spring.jpa.open-in-view to disable this warning
2026-03-31T14:42:54.872+07:00  INFO 17404 --- [           main] o.s.b.t.m.w.SpringBootMockServletContext : Initializing Spring TestDispatcherServlet ''
2026-03-31T14:42:54.872+07:00  INFO 17404 --- [           main] o.s.t.web.servlet.TestDispatcherServlet  : Initializing Servlet ''
2026-03-31T14:42:54.873+07:00  INFO 17404 --- [           main] o.s.t.web.servlet.TestDispatcherServlet  : Completed initialization in 1 ms
2026-03-31T14:42:54.881+07:00  INFO 17404 --- [           main] o.s.m.s.b.SimpleBrokerMessageHandler     : Starting...
2026-03-31T14:42:54.881+07:00  INFO 17404 --- [           main] o.s.m.s.b.SimpleBrokerMessageHandler     : BrokerAvailabilityEvent[available=true, SimpleBrokerMessageHandler [org.springframework.messaging.simp.broker.DefaultSubscriptionRegistry@42fd65b5]]
2026-03-31T14:42:54.881+07:00  INFO 17404 --- [           main] o.s.m.s.b.SimpleBrokerMessageHandler     : Started.
2026-03-31T14:42:55.246+07:00  INFO 17404 --- [           main] o.s.m.s.b.SimpleBrokerMessageHandler     : Stopping...
2026-03-31T14:42:55.246+07:00  INFO 17404 --- [           main] o.s.m.s.b.SimpleBrokerMessageHandler     : BrokerAvailabilityEvent[available=false, SimpleBrokerMessageHandler [org.springframework.messaging.simp.broker.DefaultSubscriptionRegistry@42fd65b5]]
2026-03-31T14:42:55.246+07:00  INFO 17404 --- [           main] o.s.m.s.b.SimpleBrokerMessageHandler     : Stopped.
2026-03-31T14:42:55.248+07:00  INFO 17404 --- [           main] j.LocalContainerEntityManagerFactoryBean : Closing JPA EntityManagerFactory for persistence unit 'default'
2026-03-31T14:42:55.251+07:00  INFO 17404 --- [           main] com.zaxxer.hikari.HikariDataSource       : HikariPool-23 - Shutdown initiated...
2026-03-31T14:42:55.252+07:00  INFO 17404 --- [           main] com.zaxxer.hikari.HikariDataSource       : HikariPool-23 - Shutdown completed.
]]></system-out>
  </testcase>
  <testcase name="getSession_returnsNotFound_whenNoActiveSession" classname="com.restaurant.integration.TableSessionControllerIntegrationTest" time="0.025">
    <system-out><![CDATA[
  .   ____          _            __ _ _
 /\\ / ___'_ __ _ _(_)_ __  __ _ \ \ \ \
( ( )\___ | '_ | '_| | '_ \/ _` | \ \ \ \
 \\/  ___)| |_)| | | | | || (_| |  ) ) ) )
  '  |____| .__|_| |_|_| |_\__, | / / / /
 =========|_|==============|___/=/_/_/_/
 :: Spring Boot ::                (v3.2.3)

2026-03-31T14:42:55.621+07:00  INFO 17404 --- [           main] .s.d.r.c.RepositoryConfigurationDelegate : Bootstrapping Spring Data JPA repositories in DEFAULT mode.
2026-03-31T14:42:55.653+07:00  INFO 17404 --- [           main] .s.d.r.c.RepositoryConfigurationDelegate : Finished Spring Data repository scanning in 31 ms. Found 7 JPA repository interfaces.
2026-03-31T14:42:55.779+07:00  INFO 17404 --- [           main] o.hibernate.jpa.internal.util.LogHelper  : HHH000204: Processing PersistenceUnitInfo [name: default]
2026-03-31T14:42:55.785+07:00  INFO 17404 --- [           main] o.h.c.internal.RegionFactoryInitiator    : HHH000026: Second-level cache disabled
2026-03-31T14:42:55.796+07:00  INFO 17404 --- [           main] o.s.o.j.p.SpringPersistenceUnitInfo      : No LoadTimeWeaver setup: ignoring JPA class transformer
2026-03-31T14:42:55.800+07:00  INFO 17404 --- [           main] com.zaxxer.hikari.HikariDataSource       : HikariPool-24 - Starting...
2026-03-31T14:42:55.801+07:00  INFO 17404 --- [           main] com.zaxxer.hikari.pool.HikariPool        : HikariPool-24 - Added connection conn230: url=jdbc:h2:mem:testdb user=SA
2026-03-31T14:42:55.802+07:00  INFO 17404 --- [           main] com.zaxxer.hikari.HikariDataSource       : HikariPool-24 - Start completed.
2026-03-31T14:42:55.803+07:00  WARN 17404 --- [           main] org.hibernate.orm.deprecation            : HHH90000025: H2Dialect does not need to be specified explicitly using 'hibernate.dialect' (remove the property setting and it will be selected by default)
2026-03-31T14:42:56.028+07:00  INFO 17404 --- [           main] o.h.e.t.j.p.i.JtaPlatformInitiator       : HHH000489: No JTA platform available (set 'hibernate.transaction.jta.platform' to enable JTA platform integration)
2026-03-31T14:42:56.042+07:00  INFO 17404 --- [           main] j.LocalContainerEntityManagerFactoryBean : Initialized JPA EntityManagerFactory for persistence unit 'default'
2026-03-31T14:42:56.324+07:00  WARN 17404 --- [           main] JpaBaseConfiguration$JpaWebConfiguration : spring.jpa.open-in-view is enabled by default. Therefore, database queries may be performed during view rendering. Explicitly configure spring.jpa.open-in-view to disable this warning
2026-03-31T14:42:56.583+07:00  INFO 17404 --- [           main] o.s.b.t.m.w.SpringBootMockServletContext : Initializing Spring TestDispatcherServlet ''
2026-03-31T14:42:56.583+07:00  INFO 17404 --- [           main] o.s.t.web.servlet.TestDispatcherServlet  : Initializing Servlet ''
2026-03-31T14:42:56.584+07:00  INFO 17404 --- [           main] o.s.t.web.servlet.TestDispatcherServlet  : Completed initialization in 1 ms
2026-03-31T14:42:56.592+07:00  INFO 17404 --- [           main] o.s.m.s.b.SimpleBrokerMessageHandler     : Starting...
2026-03-31T14:42:56.592+07:00  INFO 17404 --- [           main] o.s.m.s.b.SimpleBrokerMessageHandler     : BrokerAvailabilityEvent[available=true, SimpleBrokerMessageHandler [org.springframework.messaging.simp.broker.DefaultSubscriptionRegistry@7d585777]]
2026-03-31T14:42:56.593+07:00  INFO 17404 --- [           main] o.s.m.s.b.SimpleBrokerMessageHandler     : Started.
2026-03-31T14:42:56.870+07:00  INFO 17404 --- [           main] o.s.m.s.b.SimpleBrokerMessageHandler     : Stopping...
2026-03-31T14:42:56.870+07:00  INFO 17404 --- [           main] o.s.m.s.b.SimpleBrokerMessageHandler     : BrokerAvailabilityEvent[available=false, SimpleBrokerMessageHandler [org.springframework.messaging.simp.broker.DefaultSubscriptionRegistry@7d585777]]
2026-03-31T14:42:56.870+07:00  INFO 17404 --- [           main] o.s.m.s.b.SimpleBrokerMessageHandler     : Stopped.
2026-03-31T14:42:56.872+07:00  INFO 17404 --- [           main] j.LocalContainerEntityManagerFactoryBean : Closing JPA EntityManagerFactory for persistence unit 'default'
2026-03-31T14:42:56.874+07:00  INFO 17404 --- [           main] com.zaxxer.hikari.HikariDataSource       : HikariPool-24 - Shutdown initiated...
2026-03-31T14:42:56.875+07:00  INFO 17404 --- [           main] com.zaxxer.hikari.HikariDataSource       : HikariPool-24 - Shutdown completed.
]]></system-out>
  </testcase>
  <testcase name="getSession_differentTables_areIsolated" classname="com.restaurant.integration.TableSessionControllerIntegrationTest" time="0.169">
    <system-out><![CDATA[
  .   ____          _            __ _ _
 /\\ / ___'_ __ _ _(_)_ __  __ _ \ \ \ \
( ( )\___ | '_ | '_| | '_ \/ _` | \ \ \ \
 \\/  ___)| |_)| | | | | || (_| |  ) ) ) )
  '  |____| .__|_| |_|_| |_\__, | / / / /
 =========|_|==============|___/=/_/_/_/
 :: Spring Boot ::                (v3.2.3)

2026-03-31T14:42:57.074+07:00  INFO 17404 --- [           main] .s.d.r.c.RepositoryConfigurationDelegate : Bootstrapping Spring Data JPA repositories in DEFAULT mode.
2026-03-31T14:42:57.090+07:00  INFO 17404 --- [           main] .s.d.r.c.RepositoryConfigurationDelegate : Finished Spring Data repository scanning in 15 ms. Found 7 JPA repository interfaces.
2026-03-31T14:42:57.168+07:00  INFO 17404 --- [           main] o.hibernate.jpa.internal.util.LogHelper  : HHH000204: Processing PersistenceUnitInfo [name: default]
2026-03-31T14:42:57.171+07:00  INFO 17404 --- [           main] o.h.c.internal.RegionFactoryInitiator    : HHH000026: Second-level cache disabled
2026-03-31T14:42:57.180+07:00  INFO 17404 --- [           main] o.s.o.j.p.SpringPersistenceUnitInfo      : No LoadTimeWeaver setup: ignoring JPA class transformer
2026-03-31T14:42:57.182+07:00  INFO 17404 --- [           main] com.zaxxer.hikari.HikariDataSource       : HikariPool-25 - Starting...
2026-03-31T14:42:57.183+07:00  INFO 17404 --- [           main] com.zaxxer.hikari.pool.HikariPool        : HikariPool-25 - Added connection conn240: url=jdbc:h2:mem:testdb user=SA
2026-03-31T14:42:57.183+07:00  INFO 17404 --- [           main] com.zaxxer.hikari.HikariDataSource       : HikariPool-25 - Start completed.
2026-03-31T14:42:57.183+07:00  WARN 17404 --- [           main] org.hibernate.orm.deprecation            : HHH90000025: H2Dialect does not need to be specified explicitly using 'hibernate.dialect' (remove the property setting and it will be selected by default)
2026-03-31T14:42:57.315+07:00  INFO 17404 --- [           main] o.h.e.t.j.p.i.JtaPlatformInitiator       : HHH000489: No JTA platform available (set 'hibernate.transaction.jta.platform' to enable JTA platform integration)
2026-03-31T14:42:57.336+07:00  INFO 17404 --- [           main] j.LocalContainerEntityManagerFactoryBean : Initialized JPA EntityManagerFactory for persistence unit 'default'
2026-03-31T14:42:57.712+07:00  WARN 17404 --- [           main] JpaBaseConfiguration$JpaWebConfiguration : spring.jpa.open-in-view is enabled by default. Therefore, database queries may be performed during view rendering. Explicitly configure spring.jpa.open-in-view to disable this warning
2026-03-31T14:42:58.034+07:00  INFO 17404 --- [           main] o.s.b.t.m.w.SpringBootMockServletContext : Initializing Spring TestDispatcherServlet ''
2026-03-31T14:42:58.034+07:00  INFO 17404 --- [           main] o.s.t.web.servlet.TestDispatcherServlet  : Initializing Servlet ''
2026-03-31T14:42:58.035+07:00  INFO 17404 --- [           main] o.s.t.web.servlet.TestDispatcherServlet  : Completed initialization in 0 ms
2026-03-31T14:42:58.044+07:00  INFO 17404 --- [           main] o.s.m.s.b.SimpleBrokerMessageHandler     : Starting...
2026-03-31T14:42:58.044+07:00  INFO 17404 --- [           main] o.s.m.s.b.SimpleBrokerMessageHandler     : BrokerAvailabilityEvent[available=true, SimpleBrokerMessageHandler [org.springframework.messaging.simp.broker.DefaultSubscriptionRegistry@3ba8aee5]]
2026-03-31T14:42:58.044+07:00  INFO 17404 --- [           main] o.s.m.s.b.SimpleBrokerMessageHandler     : Started.
2026-03-31T14:42:58.513+07:00  INFO 17404 --- [           main] o.s.m.s.b.SimpleBrokerMessageHandler     : Stopping...
2026-03-31T14:42:58.513+07:00  INFO 17404 --- [           main] o.s.m.s.b.SimpleBrokerMessageHandler     : BrokerAvailabilityEvent[available=false, SimpleBrokerMessageHandler [org.springframework.messaging.simp.broker.DefaultSubscriptionRegistry@3ba8aee5]]
2026-03-31T14:42:58.513+07:00  INFO 17404 --- [           main] o.s.m.s.b.SimpleBrokerMessageHandler     : Stopped.
2026-03-31T14:42:58.515+07:00  INFO 17404 --- [           main] j.LocalContainerEntityManagerFactoryBean : Closing JPA EntityManagerFactory for persistence unit 'default'
2026-03-31T14:42:58.520+07:00  INFO 17404 --- [           main] com.zaxxer.hikari.HikariDataSource       : HikariPool-25 - Shutdown initiated...
2026-03-31T14:42:58.527+07:00  INFO 17404 --- [           main] com.zaxxer.hikari.HikariDataSource       : HikariPool-25 - Shutdown completed.
]]></system-out>
  </testcase>
  <testcase name="paySession_markSessionAsPaid" classname="com.restaurant.integration.TableSessionControllerIntegrationTest" time="0.094">
    <system-out><![CDATA[
  .   ____          _            __ _ _
 /\\ / ___'_ __ _ _(_)_ __  __ _ \ \ \ \
( ( )\___ | '_ | '_| | '_ \/ _` | \ \ \ \
 \\/  ___)| |_)| | | | | || (_| |  ) ) ) )
  '  |____| .__|_| |_|_| |_\__, | / / / /
 =========|_|==============|___/=/_/_/_/
 :: Spring Boot ::                (v3.2.3)

2026-03-31T14:42:59.134+07:00  INFO 17404 --- [           main] .s.d.r.c.RepositoryConfigurationDelegate : Bootstrapping Spring Data JPA repositories in DEFAULT mode.
2026-03-31T14:42:59.181+07:00  INFO 17404 --- [           main] .s.d.r.c.RepositoryConfigurationDelegate : Finished Spring Data repository scanning in 47 ms. Found 7 JPA repository interfaces.
2026-03-31T14:42:59.405+07:00  INFO 17404 --- [           main] o.hibernate.jpa.internal.util.LogHelper  : HHH000204: Processing PersistenceUnitInfo [name: default]
2026-03-31T14:42:59.416+07:00  INFO 17404 --- [           main] o.h.c.internal.RegionFactoryInitiator    : HHH000026: Second-level cache disabled
2026-03-31T14:42:59.427+07:00  INFO 17404 --- [           main] o.s.o.j.p.SpringPersistenceUnitInfo      : No LoadTimeWeaver setup: ignoring JPA class transformer
2026-03-31T14:42:59.431+07:00  INFO 17404 --- [           main] com.zaxxer.hikari.HikariDataSource       : HikariPool-26 - Starting...
2026-03-31T14:42:59.433+07:00  INFO 17404 --- [           main] com.zaxxer.hikari.pool.HikariPool        : HikariPool-26 - Added connection conn250: url=jdbc:h2:mem:testdb user=SA
2026-03-31T14:42:59.433+07:00  INFO 17404 --- [           main] com.zaxxer.hikari.HikariDataSource       : HikariPool-26 - Start completed.
2026-03-31T14:42:59.434+07:00  WARN 17404 --- [           main] org.hibernate.orm.deprecation            : HHH90000025: H2Dialect does not need to be specified explicitly using 'hibernate.dialect' (remove the property setting and it will be selected by default)
2026-03-31T14:42:59.611+07:00  INFO 17404 --- [           main] o.h.e.t.j.p.i.JtaPlatformInitiator       : HHH000489: No JTA platform available (set 'hibernate.transaction.jta.platform' to enable JTA platform integration)
2026-03-31T14:42:59.632+07:00  INFO 17404 --- [           main] j.LocalContainerEntityManagerFactoryBean : Initialized JPA EntityManagerFactory for persistence unit 'default'
2026-03-31T14:43:00.729+07:00  WARN 17404 --- [           main] JpaBaseConfiguration$JpaWebConfiguration : spring.jpa.open-in-view is enabled by default. Therefore, database queries may be performed during view rendering. Explicitly configure spring.jpa.open-in-view to disable this warning
2026-03-31T14:43:01.364+07:00  INFO 17404 --- [           main] o.s.b.t.m.w.SpringBootMockServletContext : Initializing Spring TestDispatcherServlet ''
2026-03-31T14:43:01.364+07:00  INFO 17404 --- [           main] o.s.t.web.servlet.TestDispatcherServlet  : Initializing Servlet ''
2026-03-31T14:43:01.366+07:00  INFO 17404 --- [           main] o.s.t.web.servlet.TestDispatcherServlet  : Completed initialization in 2 ms
2026-03-31T14:43:01.376+07:00  INFO 17404 --- [           main] o.s.m.s.b.SimpleBrokerMessageHandler     : Starting...
2026-03-31T14:43:01.376+07:00  INFO 17404 --- [           main] o.s.m.s.b.SimpleBrokerMessageHandler     : BrokerAvailabilityEvent[available=true, SimpleBrokerMessageHandler [org.springframework.messaging.simp.broker.DefaultSubscriptionRegistry@477d5a0f]]
2026-03-31T14:43:01.376+07:00  INFO 17404 --- [           main] o.s.m.s.b.SimpleBrokerMessageHandler     : Started.
2026-03-31T14:43:01.911+07:00  INFO 17404 --- [           main] o.s.m.s.b.SimpleBrokerMessageHandler     : Stopping...
2026-03-31T14:43:01.911+07:00  INFO 17404 --- [           main] o.s.m.s.b.SimpleBrokerMessageHandler     : BrokerAvailabilityEvent[available=false, SimpleBrokerMessageHandler [org.springframework.messaging.simp.broker.DefaultSubscriptionRegistry@477d5a0f]]
2026-03-31T14:43:01.911+07:00  INFO 17404 --- [           main] o.s.m.s.b.SimpleBrokerMessageHandler     : Stopped.
2026-03-31T14:43:01.913+07:00  INFO 17404 --- [           main] j.LocalContainerEntityManagerFactoryBean : Closing JPA EntityManagerFactory for persistence unit 'default'
2026-03-31T14:43:01.914+07:00  INFO 17404 --- [           main] com.zaxxer.hikari.HikariDataSource       : HikariPool-26 - Shutdown initiated...
2026-03-31T14:43:01.915+07:00  INFO 17404 --- [           main] com.zaxxer.hikari.HikariDataSource       : HikariPool-26 - Shutdown completed.
]]></system-out>
  </testcase>
  <testcase name="paySession_noActiveSession_returns400" classname="com.restaurant.integration.TableSessionControllerIntegrationTest" time="0.033">
    <system-out><![CDATA[
  .   ____          _            __ _ _
 /\\ / ___'_ __ _ _(_)_ __  __ _ \ \ \ \
( ( )\___ | '_ | '_| | '_ \/ _` | \ \ \ \
 \\/  ___)| |_)| | | | | || (_| |  ) ) ) )
  '  |____| .__|_| |_|_| |_\__, | / / / /
 =========|_|==============|___/=/_/_/_/
 :: Spring Boot ::                (v3.2.3)

2026-03-31T14:43:02.301+07:00  INFO 17404 --- [           main] .s.d.r.c.RepositoryConfigurationDelegate : Bootstrapping Spring Data JPA repositories in DEFAULT mode.
2026-03-31T14:43:02.352+07:00  INFO 17404 --- [           main] .s.d.r.c.RepositoryConfigurationDelegate : Finished Spring Data repository scanning in 50 ms. Found 7 JPA repository interfaces.
2026-03-31T14:43:02.500+07:00  INFO 17404 --- [           main] o.hibernate.jpa.internal.util.LogHelper  : HHH000204: Processing PersistenceUnitInfo [name: default]
2026-03-31T14:43:02.505+07:00  INFO 17404 --- [           main] o.h.c.internal.RegionFactoryInitiator    : HHH000026: Second-level cache disabled
2026-03-31T14:43:02.514+07:00  INFO 17404 --- [           main] o.s.o.j.p.SpringPersistenceUnitInfo      : No LoadTimeWeaver setup: ignoring JPA class transformer
2026-03-31T14:43:02.518+07:00  INFO 17404 --- [           main] com.zaxxer.hikari.HikariDataSource       : HikariPool-27 - Starting...
2026-03-31T14:43:02.519+07:00  INFO 17404 --- [           main] com.zaxxer.hikari.pool.HikariPool        : HikariPool-27 - Added connection conn260: url=jdbc:h2:mem:testdb user=SA
2026-03-31T14:43:02.519+07:00  INFO 17404 --- [           main] com.zaxxer.hikari.HikariDataSource       : HikariPool-27 - Start completed.
2026-03-31T14:43:02.521+07:00  WARN 17404 --- [           main] org.hibernate.orm.deprecation            : HHH90000025: H2Dialect does not need to be specified explicitly using 'hibernate.dialect' (remove the property setting and it will be selected by default)
2026-03-31T14:43:02.937+07:00  INFO 17404 --- [           main] o.h.e.t.j.p.i.JtaPlatformInitiator       : HHH000489: No JTA platform available (set 'hibernate.transaction.jta.platform' to enable JTA platform integration)
2026-03-31T14:43:03.001+07:00  INFO 17404 --- [           main] j.LocalContainerEntityManagerFactoryBean : Initialized JPA EntityManagerFactory for persistence unit 'default'
2026-03-31T14:43:03.780+07:00  WARN 17404 --- [           main] JpaBaseConfiguration$JpaWebConfiguration : spring.jpa.open-in-view is enabled by default. Therefore, database queries may be performed during view rendering. Explicitly configure spring.jpa.open-in-view to disable this warning
2026-03-31T14:43:04.317+07:00  INFO 17404 --- [           main] o.s.b.t.m.w.SpringBootMockServletContext : Initializing Spring TestDispatcherServlet ''
2026-03-31T14:43:04.317+07:00  INFO 17404 --- [           main] o.s.t.web.servlet.TestDispatcherServlet  : Initializing Servlet ''
2026-03-31T14:43:04.320+07:00  INFO 17404 --- [           main] o.s.t.web.servlet.TestDispatcherServlet  : Completed initialization in 3 ms
2026-03-31T14:43:04.328+07:00  INFO 17404 --- [           main] o.s.m.s.b.SimpleBrokerMessageHandler     : Starting...
2026-03-31T14:43:04.328+07:00  INFO 17404 --- [           main] o.s.m.s.b.SimpleBrokerMessageHandler     : BrokerAvailabilityEvent[available=true, SimpleBrokerMessageHandler [org.springframework.messaging.simp.broker.DefaultSubscriptionRegistry@4c11697a]]
2026-03-31T14:43:04.328+07:00  INFO 17404 --- [           main] o.s.m.s.b.SimpleBrokerMessageHandler     : Started.
2026-03-31T14:43:04.695+07:00  INFO 17404 --- [           main] o.s.m.s.b.SimpleBrokerMessageHandler     : Stopping...
2026-03-31T14:43:04.695+07:00  INFO 17404 --- [           main] o.s.m.s.b.SimpleBrokerMessageHandler     : BrokerAvailabilityEvent[available=false, SimpleBrokerMessageHandler [org.springframework.messaging.simp.broker.DefaultSubscriptionRegistry@4c11697a]]
2026-03-31T14:43:04.695+07:00  INFO 17404 --- [           main] o.s.m.s.b.SimpleBrokerMessageHandler     : Stopped.
2026-03-31T14:43:04.698+07:00  INFO 17404 --- [           main] j.LocalContainerEntityManagerFactoryBean : Closing JPA EntityManagerFactory for persistence unit 'default'
2026-03-31T14:43:04.700+07:00  INFO 17404 --- [           main] com.zaxxer.hikari.HikariDataSource       : HikariPool-27 - Shutdown initiated...
2026-03-31T14:43:04.702+07:00  INFO 17404 --- [           main] com.zaxxer.hikari.HikariDataSource       : HikariPool-27 - Shutdown completed.
]]></system-out>
  </testcase>
  <testcase name="paySession_createsNewSession_forSubsequentOrders" classname="com.restaurant.integration.TableSessionControllerIntegrationTest" time="0.214">
    <system-out><![CDATA[
  .   ____          _            __ _ _
 /\\ / ___'_ __ _ _(_)_ __  __ _ \ \ \ \
( ( )\___ | '_ | '_| | '_ \/ _` | \ \ \ \
 \\/  ___)| |_)| | | | | || (_| |  ) ) ) )
  '  |____| .__|_| |_|_| |_\__, | / / / /
 =========|_|==============|___/=/_/_/_/
 :: Spring Boot ::                (v3.2.3)

2026-03-31T14:43:05.062+07:00  INFO 17404 --- [           main] .s.d.r.c.RepositoryConfigurationDelegate : Bootstrapping Spring Data JPA repositories in DEFAULT mode.
2026-03-31T14:43:05.098+07:00  INFO 17404 --- [           main] .s.d.r.c.RepositoryConfigurationDelegate : Finished Spring Data repository scanning in 35 ms. Found 7 JPA repository interfaces.
2026-03-31T14:43:05.240+07:00  INFO 17404 --- [           main] o.hibernate.jpa.internal.util.LogHelper  : HHH000204: Processing PersistenceUnitInfo [name: default]
2026-03-31T14:43:05.245+07:00  INFO 17404 --- [           main] o.h.c.internal.RegionFactoryInitiator    : HHH000026: Second-level cache disabled
2026-03-31T14:43:05.257+07:00  INFO 17404 --- [           main] o.s.o.j.p.SpringPersistenceUnitInfo      : No LoadTimeWeaver setup: ignoring JPA class transformer
2026-03-31T14:43:05.261+07:00  INFO 17404 --- [           main] com.zaxxer.hikari.HikariDataSource       : HikariPool-28 - Starting...
2026-03-31T14:43:05.262+07:00  INFO 17404 --- [           main] com.zaxxer.hikari.pool.HikariPool        : HikariPool-28 - Added connection conn270: url=jdbc:h2:mem:testdb user=SA
2026-03-31T14:43:05.262+07:00  INFO 17404 --- [           main] com.zaxxer.hikari.HikariDataSource       : HikariPool-28 - Start completed.
2026-03-31T14:43:05.263+07:00  WARN 17404 --- [           main] org.hibernate.orm.deprecation            : HHH90000025: H2Dialect does not need to be specified explicitly using 'hibernate.dialect' (remove the property setting and it will be selected by default)
2026-03-31T14:43:05.420+07:00  INFO 17404 --- [           main] o.h.e.t.j.p.i.JtaPlatformInitiator       : HHH000489: No JTA platform available (set 'hibernate.transaction.jta.platform' to enable JTA platform integration)
2026-03-31T14:43:05.434+07:00  INFO 17404 --- [           main] j.LocalContainerEntityManagerFactoryBean : Initialized JPA EntityManagerFactory for persistence unit 'default'
2026-03-31T14:43:05.671+07:00  WARN 17404 --- [           main] JpaBaseConfiguration$JpaWebConfiguration : spring.jpa.open-in-view is enabled by default. Therefore, database queries may be performed during view rendering. Explicitly configure spring.jpa.open-in-view to disable this warning
2026-03-31T14:43:05.913+07:00  INFO 17404 --- [           main] o.s.b.t.m.w.SpringBootMockServletContext : Initializing Spring TestDispatcherServlet ''
2026-03-31T14:43:05.913+07:00  INFO 17404 --- [           main] o.s.t.web.servlet.TestDispatcherServlet  : Initializing Servlet ''
2026-03-31T14:43:05.913+07:00  INFO 17404 --- [           main] o.s.t.web.servlet.TestDispatcherServlet  : Completed initialization in 0 ms
2026-03-31T14:43:05.935+07:00  INFO 17404 --- [           main] o.s.m.s.b.SimpleBrokerMessageHandler     : Starting...
2026-03-31T14:43:05.935+07:00  INFO 17404 --- [           main] o.s.m.s.b.SimpleBrokerMessageHandler     : BrokerAvailabilityEvent[available=true, SimpleBrokerMessageHandler [org.springframework.messaging.simp.broker.DefaultSubscriptionRegistry@2d561ac7]]
2026-03-31T14:43:05.935+07:00  INFO 17404 --- [           main] o.s.m.s.b.SimpleBrokerMessageHandler     : Started.
2026-03-31T14:43:06.437+07:00  INFO 17404 --- [           main] o.s.m.s.b.SimpleBrokerMessageHandler     : Stopping...
2026-03-31T14:43:06.437+07:00  INFO 17404 --- [           main] o.s.m.s.b.SimpleBrokerMessageHandler     : BrokerAvailabilityEvent[available=false, SimpleBrokerMessageHandler [org.springframework.messaging.simp.broker.DefaultSubscriptionRegistry@2d561ac7]]
2026-03-31T14:43:06.437+07:00  INFO 17404 --- [           main] o.s.m.s.b.SimpleBrokerMessageHandler     : Stopped.
2026-03-31T14:43:06.439+07:00  INFO 17404 --- [           main] j.LocalContainerEntityManagerFactoryBean : Closing JPA EntityManagerFactory for persistence unit 'default'
2026-03-31T14:43:06.444+07:00  INFO 17404 --- [           main] com.zaxxer.hikari.HikariDataSource       : HikariPool-28 - Shutdown initiated...
2026-03-31T14:43:06.451+07:00  INFO 17404 --- [           main] com.zaxxer.hikari.HikariDataSource       : HikariPool-28 - Shutdown completed.
]]></system-out>
  </testcase>
  <testcase name="getSession_returnsSession_afterOrderPlaced" classname="com.restaurant.integration.TableSessionControllerIntegrationTest" time="0.083">
    <system-out><![CDATA[
  .   ____          _            __ _ _
 /\\ / ___'_ __ _ _(_)_ __  __ _ \ \ \ \
( ( )\___ | '_ | '_| | '_ \/ _` | \ \ \ \
 \\/  ___)| |_)| | | | | || (_| |  ) ) ) )
  '  |____| .__|_| |_|_| |_\__, | / / / /
 =========|_|==============|___/=/_/_/_/
 :: Spring Boot ::                (v3.2.3)

2026-03-31T14:43:06.834+07:00  INFO 17404 --- [           main] .s.d.r.c.RepositoryConfigurationDelegate : Bootstrapping Spring Data JPA repositories in DEFAULT mode.
2026-03-31T14:43:06.878+07:00  INFO 17404 --- [           main] .s.d.r.c.RepositoryConfigurationDelegate : Finished Spring Data repository scanning in 43 ms. Found 7 JPA repository interfaces.
2026-03-31T14:43:07.021+07:00  INFO 17404 --- [           main] o.hibernate.jpa.internal.util.LogHelper  : HHH000204: Processing PersistenceUnitInfo [name: default]
2026-03-31T14:43:07.030+07:00  INFO 17404 --- [           main] o.h.c.internal.RegionFactoryInitiator    : HHH000026: Second-level cache disabled
2026-03-31T14:43:07.040+07:00  INFO 17404 --- [           main] o.s.o.j.p.SpringPersistenceUnitInfo      : No LoadTimeWeaver setup: ignoring JPA class transformer
2026-03-31T14:43:07.044+07:00  INFO 17404 --- [           main] com.zaxxer.hikari.HikariDataSource       : HikariPool-29 - Starting...
2026-03-31T14:43:07.045+07:00  INFO 17404 --- [           main] com.zaxxer.hikari.pool.HikariPool        : HikariPool-29 - Added connection conn280: url=jdbc:h2:mem:testdb user=SA
2026-03-31T14:43:07.045+07:00  INFO 17404 --- [           main] com.zaxxer.hikari.HikariDataSource       : HikariPool-29 - Start completed.
2026-03-31T14:43:07.045+07:00  WARN 17404 --- [           main] org.hibernate.orm.deprecation            : HHH90000025: H2Dialect does not need to be specified explicitly using 'hibernate.dialect' (remove the property setting and it will be selected by default)
2026-03-31T14:43:07.315+07:00  INFO 17404 --- [           main] o.h.e.t.j.p.i.JtaPlatformInitiator       : HHH000489: No JTA platform available (set 'hibernate.transaction.jta.platform' to enable JTA platform integration)
2026-03-31T14:43:07.340+07:00  INFO 17404 --- [           main] j.LocalContainerEntityManagerFactoryBean : Initialized JPA EntityManagerFactory for persistence unit 'default'
2026-03-31T14:43:07.821+07:00  WARN 17404 --- [           main] JpaBaseConfiguration$JpaWebConfiguration : spring.jpa.open-in-view is enabled by default. Therefore, database queries may be performed during view rendering. Explicitly configure spring.jpa.open-in-view to disable this warning
2026-03-31T14:43:08.064+07:00  INFO 17404 --- [           main] o.s.b.t.m.w.SpringBootMockServletContext : Initializing Spring TestDispatcherServlet ''
2026-03-31T14:43:08.064+07:00  INFO 17404 --- [           main] o.s.t.web.servlet.TestDispatcherServlet  : Initializing Servlet ''
2026-03-31T14:43:08.064+07:00  INFO 17404 --- [           main] o.s.t.web.servlet.TestDispatcherServlet  : Completed initialization in 0 ms
2026-03-31T14:43:08.068+07:00  INFO 17404 --- [           main] o.s.m.s.b.SimpleBrokerMessageHandler     : Starting...
2026-03-31T14:43:08.068+07:00  INFO 17404 --- [           main] o.s.m.s.b.SimpleBrokerMessageHandler     : BrokerAvailabilityEvent[available=true, SimpleBrokerMessageHandler [org.springframework.messaging.simp.broker.DefaultSubscriptionRegistry@17ecccd5]]
2026-03-31T14:43:08.068+07:00  INFO 17404 --- [           main] o.s.m.s.b.SimpleBrokerMessageHandler     : Started.
2026-03-31T14:43:08.400+07:00  INFO 17404 --- [           main] o.s.m.s.b.SimpleBrokerMessageHandler     : Stopping...
2026-03-31T14:43:08.400+07:00  INFO 17404 --- [           main] o.s.m.s.b.SimpleBrokerMessageHandler     : BrokerAvailabilityEvent[available=false, SimpleBrokerMessageHandler [org.springframework.messaging.simp.broker.DefaultSubscriptionRegistry@17ecccd5]]
2026-03-31T14:43:08.400+07:00  INFO 17404 --- [           main] o.s.m.s.b.SimpleBrokerMessageHandler     : Stopped.
2026-03-31T14:43:08.401+07:00  INFO 17404 --- [           main] j.LocalContainerEntityManagerFactoryBean : Closing JPA EntityManagerFactory for persistence unit 'default'
2026-03-31T14:43:08.404+07:00  INFO 17404 --- [           main] com.zaxxer.hikari.HikariDataSource       : HikariPool-29 - Shutdown initiated...
2026-03-31T14:43:08.407+07:00  INFO 17404 --- [           main] com.zaxxer.hikari.HikariDataSource       : HikariPool-29 - Shutdown completed.
]]></system-out>
  </testcase>
</testsuite>