<?xml version="1.0" encoding="UTF-8"?>
<testsuite xmlns:xsi="http://www.w3.org/2001/XMLSchema-instance" xsi:noNamespaceSchemaLocation="https://maven.apache.org/surefire/maven-surefire-plugin/xsd/surefire-test-report-3.0.xsd" version="3.0" name="com.restaurant.integration.OrderControllerIntegrationTest" time="15.663" tests="9" errors="0" skipped="0" failures="2">
  <properties>
[...]
</properties>
  <testcase name="placeOrder_multipleFromSameTable_createsSeparateOrdersInSameSession" classname="com.restaurant.integration.OrderControllerIntegrationTest" time="0.366">
    <system-out><![CDATA[2026-03-31T10:40:16.178+07:00  INFO 14264 --- [           main] t.c.s.AnnotationConfigContextLoaderUtils : Could not detect default configuration classes for test class [com.restaurant.integration.OrderControllerIntegrationTest]: OrderControllerIntegrationTest does not declare any static, non-private, non-final, nested classes annotated with @Configuration.
2026-03-31T10:40:16.188+07:00  INFO 14264 --- [           main] .b.t.c.SpringBootTestContextBootstrapper : Found @SpringBootConfiguration com.restaurant.RestaurantApplication for test class com.restaurant.integration.OrderControllerIntegrationTest

  .   ____          _            __ _ _
 /\\ / ___'_ __ _ _(_)_ __  __ _ \ \ \ \
( ( )\___ | '_ | '_| | '_ \/ _` | \ \ \ \
 \\/  ___)| |_)| | | | | || (_| |  ) ) ) )
  '  |____| .__|_| |_|_| |_\__, | / / / /
 =========|_|==============|___/=/_/_/_/
 :: Spring Boot ::                (v3.2.3)

2026-03-31T10:40:16.514+07:00  INFO 14264 --- [           main] .s.d.r.c.RepositoryConfigurationDelegate : Bootstrapping Spring Data JPA repositories in DEFAULT mode.
2026-03-31T10:40:16.541+07:00  INFO 14264 --- [           main] .s.d.r.c.RepositoryConfigurationDelegate : Finished Spring Data repository scanning in 25 ms. Found 7 JPA repository interfaces.
2026-03-31T10:40:16.822+07:00  INFO 14264 --- [           main] o.hibernate.jpa.internal.util.LogHelper  : HHH000204: Processing PersistenceUnitInfo [name: default]
2026-03-31T10:40:16.828+07:00  INFO 14264 --- [           main] o.h.c.internal.RegionFactoryInitiator    : HHH000026: Second-level cache disabled
2026-03-31T10:40:16.836+07:00  INFO 14264 --- [           main] o.s.o.j.p.SpringPersistenceUnitInfo      : No LoadTimeWeaver setup: ignoring JPA class transformer
2026-03-31T10:40:16.840+07:00  INFO 14264 --- [           main] com.zaxxer.hikari.HikariDataSource       : HikariPool-11 - Starting...
2026-03-31T10:40:16.841+07:00  INFO 14264 --- [           main] com.zaxxer.hikari.pool.HikariPool        : HikariPool-11 - Added connection conn100: url=jdbc:h2:mem:testdb user=SA
2026-03-31T10:40:16.841+07:00  INFO 14264 --- [           main] com.zaxxer.hikari.HikariDataSource       : HikariPool-11 - Start completed.
2026-03-31T10:40:16.841+07:00  WARN 14264 --- [           main] org.hibernate.orm.deprecation            : HHH90000025: H2Dialect does not need to be specified explicitly using 'hibernate.dialect' (remove the property setting and it will be selected by default)
2026-03-31T10:40:17.008+07:00  INFO 14264 --- [           main] o.h.e.t.j.p.i.JtaPlatformInitiator       : HHH000489: No JTA platform available (set 'hibernate.transaction.jta.platform' to enable JTA platform integration)
2026-03-31T10:40:17.029+07:00  INFO 14264 --- [           main] j.LocalContainerEntityManagerFactoryBean : Initialized JPA EntityManagerFactory for persistence unit 'default'
2026-03-31T10:40:17.335+07:00  WARN 14264 --- [           main] JpaBaseConfiguration$JpaWebConfiguration : spring.jpa.open-in-view is enabled by default. Therefore, database queries may be performed during view rendering. Explicitly configure spring.jpa.open-in-view to disable this warning
2026-03-31T10:40:17.809+07:00  INFO 14264 --- [           main] o.s.b.t.m.w.SpringBootMockServletContext : Initializing Spring TestDispatcherServlet ''
2026-03-31T10:40:17.811+07:00  INFO 14264 --- [           main] o.s.t.web.servlet.TestDispatcherServlet  : Initializing Servlet ''
2026-03-31T10:40:17.812+07:00  INFO 14264 --- [           main] o.s.t.web.servlet.TestDispatcherServlet  : Completed initialization in 1 ms
2026-03-31T10:40:17.822+07:00  INFO 14264 --- [           main] o.s.m.s.b.SimpleBrokerMessageHandler     : Starting...
2026-03-31T10:40:17.822+07:00  INFO 14264 --- [           main] o.s.m.s.b.SimpleBrokerMessageHandler     : BrokerAvailabilityEvent[available=true, SimpleBrokerMessageHandler [org.springframework.messaging.simp.broker.DefaultSubscriptionRegistry@f5cb4f8]]
2026-03-31T10:40:17.822+07:00  INFO 14264 --- [           main] o.s.m.s.b.SimpleBrokerMessageHandler     : Started.
2026-03-31T10:40:18.566+07:00  INFO 14264 --- [           main] o.s.m.s.b.SimpleBrokerMessageHandler     : Stopping...
2026-03-31T10:40:18.566+07:00  INFO 14264 --- [           main] o.s.m.s.b.SimpleBrokerMessageHandler     : BrokerAvailabilityEvent[available=false, SimpleBrokerMessageHandler [org.springframework.messaging.simp.broker.DefaultSubscriptionRegistry@f5cb4f8]]
2026-03-31T10:40:18.566+07:00  INFO 14264 --- [           main] o.s.m.s.b.SimpleBrokerMessageHandler     : Stopped.
2026-03-31T10:40:18.568+07:00  INFO 14264 --- [           main] j.LocalContainerEntityManagerFactoryBean : Closing JPA EntityManagerFactory for persistence unit 'default'
2026-03-31T10:40:18.572+07:00  INFO 14264 --- [           main] com.zaxxer.hikari.HikariDataSource       : HikariPool-11 - Shutdown initiated...
2026-03-31T10:40:18.575+07:00  INFO 14264 --- [           main] com.zaxxer.hikari.HikariDataSource       : HikariPool-11 - Shutdown completed.
]]></system-out>
  </testcase>
  <testcase name="trackOrder_unknownOrderNumber_returns400" classname="com.restaurant.integration.OrderControllerIntegrationTest" time="0.037">
    <failure message="Status expected:&lt;400&gt; but was:&lt;403&gt;" type="java.lang.AssertionError"><![CDATA[java.lang.AssertionError: Status expected:<400> but was:<403>
	at org.springframework.test.util.AssertionErrors.fail(AssertionErrors.java:59)
	at org.springframework.test.util.AssertionErrors.assertEquals(AssertionErrors.java:122)
	at org.springframework.test.web.servlet.result.StatusResultMatchers.lambda$matcher$9(StatusResultMatchers.java:637)
	at org.springframework.test.web.servlet.MockMvc$1.andExpect(MockMvc.java:214)
	at com.restaurant.integration.OrderControllerIntegrationTest.trackOrder_unknownOrderNumber_returns400(OrderControllerIntegrationTest.java:195)
	at java.base/java.lang.reflect.Method.invoke(Method.java:568)
	at java.base/java.util.ArrayList.forEach(ArrayList.java:1511)
	at java.base/java.util.ArrayList.forEach(ArrayList.java:1511)
]]></failure>
    <system-out><![CDATA[
  .   ____          _            __ _ _
 /\\ / ___'_ __ _ _(_)_ __  __ _ \ \ \ \
( ( )\___ | '_ | '_| | '_ \/ _` | \ \ \ \
 \\/  ___)| |_)| | | | | || (_| |  ) ) ) )
  '  |____| .__|_| |_|_| |_\__, | / / / /
 =========|_|==============|___/=/_/_/_/
 :: Spring Boot ::                (v3.2.3)

2026-03-31T10:40:18.863+07:00  INFO 14264 --- [           main] .s.d.r.c.RepositoryConfigurationDelegate : Bootstrapping Spring Data JPA repositories in DEFAULT mode.
2026-03-31T10:40:18.889+07:00  INFO 14264 --- [           main] .s.d.r.c.RepositoryConfigurationDelegate : Finished Spring Data repository scanning in 25 ms. Found 7 JPA repository interfaces.
2026-03-31T10:40:19.006+07:00  INFO 14264 --- [           main] o.hibernate.jpa.internal.util.LogHelper  : HHH000204: Processing PersistenceUnitInfo [name: default]
2026-03-31T10:40:19.014+07:00  INFO 14264 --- [           main] o.h.c.internal.RegionFactoryInitiator    : HHH000026: Second-level cache disabled
2026-03-31T10:40:19.024+07:00  INFO 14264 --- [           main] o.s.o.j.p.SpringPersistenceUnitInfo      : No LoadTimeWeaver setup: ignoring JPA class transformer
2026-03-31T10:40:19.026+07:00  INFO 14264 --- [           main] com.zaxxer.hikari.HikariDataSource       : HikariPool-12 - Starting...
2026-03-31T10:40:19.028+07:00  INFO 14264 --- [           main] com.zaxxer.hikari.pool.HikariPool        : HikariPool-12 - Added connection conn110: url=jdbc:h2:mem:testdb user=SA
2026-03-31T10:40:19.029+07:00  INFO 14264 --- [           main] com.zaxxer.hikari.HikariDataSource       : HikariPool-12 - Start completed.
2026-03-31T10:40:19.029+07:00  WARN 14264 --- [           main] org.hibernate.orm.deprecation            : HHH90000025: H2Dialect does not need to be specified explicitly using 'hibernate.dialect' (remove the property setting and it will be selected by default)
2026-03-31T10:40:19.228+07:00  INFO 14264 --- [           main] o.h.e.t.j.p.i.JtaPlatformInitiator       : HHH000489: No JTA platform available (set 'hibernate.transaction.jta.platform' to enable JTA platform integration)
2026-03-31T10:40:19.247+07:00  INFO 14264 --- [           main] j.LocalContainerEntityManagerFactoryBean : Initialized JPA EntityManagerFactory for persistence unit 'default'
2026-03-31T10:40:19.656+07:00  WARN 14264 --- [           main] JpaBaseConfiguration$JpaWebConfiguration : spring.jpa.open-in-view is enabled by default. Therefore, database queries may be performed during view rendering. Explicitly configure spring.jpa.open-in-view to disable this warning
2026-03-31T10:40:19.889+07:00  INFO 14264 --- [           main] o.s.b.t.m.w.SpringBootMockServletContext : Initializing Spring TestDispatcherServlet ''
2026-03-31T10:40:19.889+07:00  INFO 14264 --- [           main] o.s.t.web.servlet.TestDispatcherServlet  : Initializing Servlet ''
2026-03-31T10:40:19.891+07:00  INFO 14264 --- [           main] o.s.t.web.servlet.TestDispatcherServlet  : Completed initialization in 2 ms
2026-03-31T10:40:19.897+07:00  INFO 14264 --- [           main] o.s.m.s.b.SimpleBrokerMessageHandler     : Starting...
2026-03-31T10:40:19.897+07:00  INFO 14264 --- [           main] o.s.m.s.b.SimpleBrokerMessageHandler     : BrokerAvailabilityEvent[available=true, SimpleBrokerMessageHandler [org.springframework.messaging.simp.broker.DefaultSubscriptionRegistry@38552d72]]
2026-03-31T10:40:19.897+07:00  INFO 14264 --- [           main] o.s.m.s.b.SimpleBrokerMessageHandler     : Started.

MockHttpServletRequest:
      HTTP Method = GET
      Request URI = /api/orders/ORD-INVALID-000000
       Parameters = {}
          Headers = []
             Body = null
    Session Attrs = {}

Handler:
             Type = null

Async:
    Async started = false
     Async result = null

Resolved Exception:
             Type = null

ModelAndView:
        View name = null
             View = null
            Model = null

FlashMap:
       Attributes = null

MockHttpServletResponse:
           Status = 403
    Error message = Access Denied
          Headers = [Vary:"Origin", "Access-Control-Request-Method", "Access-Control-Request-Headers", X-Content-Type-Options:"nosniff", X-XSS-Protection:"0", Cache-Control:"no-cache, no-store, max-age=0, must-revalidate", Pragma:"no-cache", Expires:"0", X-Frame-Options:"DENY"]
     Content type = null
             Body = 
    Forwarded URL = null
   Redirected URL = null
          Cookies = []
2026-03-31T10:40:20.201+07:00  INFO 14264 --- [           main] o.s.m.s.b.SimpleBrokerMessageHandler     : Stopping...
2026-03-31T10:40:20.202+07:00  INFO 14264 --- [           main] o.s.m.s.b.SimpleBrokerMessageHandler     : BrokerAvailabilityEvent[available=false, SimpleBrokerMessageHandler [org.springframework.messaging.simp.broker.DefaultSubscriptionRegistry@38552d72]]
2026-03-31T10:40:20.202+07:00  INFO 14264 --- [           main] o.s.m.s.b.SimpleBrokerMessageHandler     : Stopped.
2026-03-31T10:40:20.203+07:00  INFO 14264 --- [           main] j.LocalContainerEntityManagerFactoryBean : Closing JPA EntityManagerFactory for persistence unit 'default'
2026-03-31T10:40:20.205+07:00  INFO 14264 --- [           main] com.zaxxer.hikari.HikariDataSource       : HikariPool-12 - Shutdown initiated...
2026-03-31T10:40:20.206+07:00  INFO 14264 --- [           main] com.zaxxer.hikari.HikariDataSource       : HikariPool-12 - Shutdown completed.
]]></system-out>
  </testcase>
  <testcase name="placeOrder_emptyItems_returns400" classname="com.restaurant.integration.OrderControllerIntegrationTest" time="0.034">
    <system-out><![CDATA[
  .   ____          _            __ _ _
 /\\ / ___'_ __ _ _(_)_ __  __ _ \ \ \ \
( ( )\___ | '_ | '_| | '_ \/ _` | \ \ \ \
 \\/  ___)| |_)| | | | | || (_| |  ) ) ) )
  '  |____| .__|_| |_|_| |_\__, | / / / /
 =========|_|==============|___/=/_/_/_/
 :: Spring Boot ::                (v3.2.3)

2026-03-31T10:40:20.511+07:00  INFO 14264 --- [           main] .s.d.r.c.RepositoryConfigurationDelegate : Bootstrapping Spring Data JPA repositories in DEFAULT mode.
2026-03-31T10:40:20.538+07:00  INFO 14264 --- [           main] .s.d.r.c.RepositoryConfigurationDelegate : Finished Spring Data repository scanning in 27 ms. Found 7 JPA repository interfaces.
2026-03-31T10:40:20.642+07:00  INFO 14264 --- [           main] o.hibernate.jpa.internal.util.LogHelper  : HHH000204: Processing PersistenceUnitInfo [name: default]
2026-03-31T10:40:20.649+07:00  INFO 14264 --- [           main] o.h.c.internal.RegionFactoryInitiator    : HHH000026: Second-level cache disabled
2026-03-31T10:40:20.656+07:00  INFO 14264 --- [           main] o.s.o.j.p.SpringPersistenceUnitInfo      : No LoadTimeWeaver setup: ignoring JPA class transformer
2026-03-31T10:40:20.659+07:00  INFO 14264 --- [           main] com.zaxxer.hikari.HikariDataSource       : HikariPool-13 - Starting...
2026-03-31T10:40:20.660+07:00  INFO 14264 --- [           main] com.zaxxer.hikari.pool.HikariPool        : HikariPool-13 - Added connection conn120: url=jdbc:h2:mem:testdb user=SA
2026-03-31T10:40:20.660+07:00  INFO 14264 --- [           main] com.zaxxer.hikari.HikariDataSource       : HikariPool-13 - Start completed.
2026-03-31T10:40:20.661+07:00  WARN 14264 --- [           main] org.hibernate.orm.deprecation            : HHH90000025: H2Dialect does not need to be specified explicitly using 'hibernate.dialect' (remove the property setting and it will be selected by default)
2026-03-31T10:40:20.802+07:00  INFO 14264 --- [           main] o.h.e.t.j.p.i.JtaPlatformInitiator       : HHH000489: No JTA platform available (set 'hibernate.transaction.jta.platform' to enable JTA platform integration)
2026-03-31T10:40:20.821+07:00  INFO 14264 --- [           main] j.LocalContainerEntityManagerFactoryBean : Initialized JPA EntityManagerFactory for persistence unit 'default'
2026-03-31T10:40:21.123+07:00  WARN 14264 --- [           main] JpaBaseConfiguration$JpaWebConfiguration : spring.jpa.open-in-view is enabled by default. Therefore, database queries may be performed during view rendering. Explicitly configure spring.jpa.open-in-view to disable this warning
2026-03-31T10:40:21.318+07:00  INFO 14264 --- [           main] o.s.b.t.m.w.SpringBootMockServletContext : Initializing Spring TestDispatcherServlet ''
2026-03-31T10:40:21.318+07:00  INFO 14264 --- [           main] o.s.t.web.servlet.TestDispatcherServlet  : Initializing Servlet ''
2026-03-31T10:40:21.320+07:00  INFO 14264 --- [           main] o.s.t.web.servlet.TestDispatcherServlet  : Completed initialization in 2 ms
2026-03-31T10:40:21.325+07:00  INFO 14264 --- [           main] o.s.m.s.b.SimpleBrokerMessageHandler     : Starting...
2026-03-31T10:40:21.326+07:00  INFO 14264 --- [           main] o.s.m.s.b.SimpleBrokerMessageHandler     : BrokerAvailabilityEvent[available=true, SimpleBrokerMessageHandler [org.springframework.messaging.simp.broker.DefaultSubscriptionRegistry@cc2089]]
2026-03-31T10:40:21.326+07:00  INFO 14264 --- [           main] o.s.m.s.b.SimpleBrokerMessageHandler     : Started.
2026-03-31T10:40:21.592+07:00  INFO 14264 --- [           main] o.s.m.s.b.SimpleBrokerMessageHandler     : Stopping...
2026-03-31T10:40:21.592+07:00  INFO 14264 --- [           main] o.s.m.s.b.SimpleBrokerMessageHandler     : BrokerAvailabilityEvent[available=false, SimpleBrokerMessageHandler [org.springframework.messaging.simp.broker.DefaultSubscriptionRegistry@cc2089]]
2026-03-31T10:40:21.592+07:00  INFO 14264 --- [           main] o.s.m.s.b.SimpleBrokerMessageHandler     : Stopped.
2026-03-31T10:40:21.595+07:00  INFO 14264 --- [           main] j.LocalContainerEntityManagerFactoryBean : Closing JPA EntityManagerFactory for persistence unit 'default'
2026-03-31T10:40:21.597+07:00  INFO 14264 --- [           main] com.zaxxer.hikari.HikariDataSource       : HikariPool-13 - Shutdown initiated...
2026-03-31T10:40:21.597+07:00  INFO 14264 --- [           main] com.zaxxer.hikari.HikariDataSource       : HikariPool-13 - Shutdown completed.
]]></system-out>
  </testcase>
  <testcase name="placeOrder_nonExistentMenuItem_returns400" classname="com.restaurant.integration.OrderControllerIntegrationTest" time="0.058">
    <system-out><![CDATA[
  .   ____          _            __ _ _
 /\\ / ___'_ __ _ _(_)_ __  __ _ \ \ \ \
( ( )\___ | '_ | '_| | '_ \/ _` | \ \ \ \
 \\/  ___)| |_)| | | | | || (_| |  ) ) ) )
  '  |____| .__|_| |_|_| |_\__, | / / / /
 =========|_|==============|___/=/_/_/_/
 :: Spring Boot ::                (v3.2.3)

2026-03-31T10:40:21.871+07:00  INFO 14264 --- [           main] .s.d.r.c.RepositoryConfigurationDelegate : Bootstrapping Spring Data JPA repositories in DEFAULT mode.
2026-03-31T10:40:21.897+07:00  INFO 14264 --- [           main] .s.d.r.c.RepositoryConfigurationDelegate : Finished Spring Data repository scanning in 25 ms. Found 7 JPA repository interfaces.
2026-03-31T10:40:22.017+07:00  INFO 14264 --- [           main] o.hibernate.jpa.internal.util.LogHelper  : HHH000204: Processing PersistenceUnitInfo [name: default]
2026-03-31T10:40:22.022+07:00  INFO 14264 --- [           main] o.h.c.internal.RegionFactoryInitiator    : HHH000026: Second-level cache disabled
2026-03-31T10:40:22.033+07:00  INFO 14264 --- [           main] o.s.o.j.p.SpringPersistenceUnitInfo      : No LoadTimeWeaver setup: ignoring JPA class transformer
2026-03-31T10:40:22.035+07:00  INFO 14264 --- [           main] com.zaxxer.hikari.HikariDataSource       : HikariPool-14 - Starting...
2026-03-31T10:40:22.036+07:00  INFO 14264 --- [           main] com.zaxxer.hikari.pool.HikariPool        : HikariPool-14 - Added connection conn130: url=jdbc:h2:mem:testdb user=SA
2026-03-31T10:40:22.036+07:00  INFO 14264 --- [           main] com.zaxxer.hikari.HikariDataSource       : HikariPool-14 - Start completed.
2026-03-31T10:40:22.038+07:00  WARN 14264 --- [           main] org.hibernate.orm.deprecation            : HHH90000025: H2Dialect does not need to be specified explicitly using 'hibernate.dialect' (remove the property setting and it will be selected by default)
2026-03-31T10:40:22.217+07:00  INFO 14264 --- [           main] o.h.e.t.j.p.i.JtaPlatformInitiator       : HHH000489: No JTA platform available (set 'hibernate.transaction.jta.platform' to enable JTA platform integration)
2026-03-31T10:40:22.235+07:00  INFO 14264 --- [           main] j.LocalContainerEntityManagerFactoryBean : Initialized JPA EntityManagerFactory for persistence unit 'default'
2026-03-31T10:40:22.474+07:00  WARN 14264 --- [           main] JpaBaseConfiguration$JpaWebConfiguration : spring.jpa.open-in-view is enabled by default. Therefore, database queries may be performed during view rendering. Explicitly configure spring.jpa.open-in-view to disable this warning
2026-03-31T10:40:22.734+07:00  INFO 14264 --- [           main] o.s.b.t.m.w.SpringBootMockServletContext : Initializing Spring TestDispatcherServlet ''
2026-03-31T10:40:22.735+07:00  INFO 14264 --- [           main] o.s.t.web.servlet.TestDispatcherServlet  : Initializing Servlet ''
2026-03-31T10:40:22.736+07:00  INFO 14264 --- [           main] o.s.t.web.servlet.TestDispatcherServlet  : Completed initialization in 1 ms
2026-03-31T10:40:22.742+07:00  INFO 14264 --- [           main] o.s.m.s.b.SimpleBrokerMessageHandler     : Starting...
2026-03-31T10:40:22.742+07:00  INFO 14264 --- [           main] o.s.m.s.b.SimpleBrokerMessageHandler     : BrokerAvailabilityEvent[available=true, SimpleBrokerMessageHandler [org.springframework.messaging.simp.broker.DefaultSubscriptionRegistry@389a2431]]
2026-03-31T10:40:22.742+07:00  INFO 14264 --- [           main] o.s.m.s.b.SimpleBrokerMessageHandler     : Started.
2026-03-31T10:40:23.076+07:00  INFO 14264 --- [           main] o.s.m.s.b.SimpleBrokerMessageHandler     : Stopping...
2026-03-31T10:40:23.076+07:00  INFO 14264 --- [           main] o.s.m.s.b.SimpleBrokerMessageHandler     : BrokerAvailabilityEvent[available=false, SimpleBrokerMessageHandler [org.springframework.messaging.simp.broker.DefaultSubscriptionRegistry@389a2431]]
2026-03-31T10:40:23.076+07:00  INFO 14264 --- [           main] o.s.m.s.b.SimpleBrokerMessageHandler     : Stopped.
2026-03-31T10:40:23.077+07:00  INFO 14264 --- [           main] j.LocalContainerEntityManagerFactoryBean : Closing JPA EntityManagerFactory for persistence unit 'default'
2026-03-31T10:40:23.082+07:00  INFO 14264 --- [           main] com.zaxxer.hikari.HikariDataSource       : HikariPool-14 - Shutdown initiated...
2026-03-31T10:40:23.082+07:00  INFO 14264 --- [           main] com.zaxxer.hikari.HikariDataSource       : HikariPool-14 - Shutdown completed.
]]></system-out>
  </testcase>
  <testcase name="updateOrderStatus_withoutToken_returns403" classname="com.restaurant.integration.OrderControllerIntegrationTest" time="0.019">
    <system-out><![CDATA[
  .   ____          _            __ _ _
 /\\ / ___'_ __ _ _(_)_ __  __ _ \ \ \ \
( ( )\___ | '_ | '_| | '_ \/ _` | \ \ \ \
 \\/  ___)| |_)| | | | | || (_| |  ) ) ) )
  '  |____| .__|_| |_|_| |_\__, | / / / /
 =========|_|==============|___/=/_/_/_/
 :: Spring Boot ::                (v3.2.3)

2026-03-31T10:40:23.325+07:00  INFO 14264 --- [           main] .s.d.r.c.RepositoryConfigurationDelegate : Bootstrapping Spring Data JPA repositories in DEFAULT mode.
2026-03-31T10:40:23.343+07:00  INFO 14264 --- [           main] .s.d.r.c.RepositoryConfigurationDelegate : Finished Spring Data repository scanning in 18 ms. Found 7 JPA repository interfaces.
2026-03-31T10:40:23.443+07:00  INFO 14264 --- [           main] o.hibernate.jpa.internal.util.LogHelper  : HHH000204: Processing PersistenceUnitInfo [name: default]
2026-03-31T10:40:23.452+07:00  INFO 14264 --- [           main] o.h.c.internal.RegionFactoryInitiator    : HHH000026: Second-level cache disabled
2026-03-31T10:40:23.458+07:00  INFO 14264 --- [           main] o.s.o.j.p.SpringPersistenceUnitInfo      : No LoadTimeWeaver setup: ignoring JPA class transformer
2026-03-31T10:40:23.461+07:00  INFO 14264 --- [           main] com.zaxxer.hikari.HikariDataSource       : HikariPool-15 - Starting...
2026-03-31T10:40:23.462+07:00  INFO 14264 --- [           main] com.zaxxer.hikari.pool.HikariPool        : HikariPool-15 - Added connection conn140: url=jdbc:h2:mem:testdb user=SA
2026-03-31T10:40:23.462+07:00  INFO 14264 --- [           main] com.zaxxer.hikari.HikariDataSource       : HikariPool-15 - Start completed.
2026-03-31T10:40:23.462+07:00  WARN 14264 --- [           main] org.hibernate.orm.deprecation            : HHH90000025: H2Dialect does not need to be specified explicitly using 'hibernate.dialect' (remove the property setting and it will be selected by default)
2026-03-31T10:40:23.589+07:00  INFO 14264 --- [           main] o.h.e.t.j.p.i.JtaPlatformInitiator       : HHH000489: No JTA platform available (set 'hibernate.transaction.jta.platform' to enable JTA platform integration)
2026-03-31T10:40:23.607+07:00  INFO 14264 --- [           main] j.LocalContainerEntityManagerFactoryBean : Initialized JPA EntityManagerFactory for persistence unit 'default'
2026-03-31T10:40:23.899+07:00  WARN 14264 --- [           main] JpaBaseConfiguration$JpaWebConfiguration : spring.jpa.open-in-view is enabled by default. Therefore, database queries may be performed during view rendering. Explicitly configure spring.jpa.open-in-view to disable this warning
2026-03-31T10:40:24.185+07:00  INFO 14264 --- [           main] o.s.b.t.m.w.SpringBootMockServletContext : Initializing Spring TestDispatcherServlet ''
2026-03-31T10:40:24.185+07:00  INFO 14264 --- [           main] o.s.t.web.servlet.TestDispatcherServlet  : Initializing Servlet ''
2026-03-31T10:40:24.186+07:00  INFO 14264 --- [           main] o.s.t.web.servlet.TestDispatcherServlet  : Completed initialization in 1 ms
2026-03-31T10:40:24.191+07:00  INFO 14264 --- [           main] o.s.m.s.b.SimpleBrokerMessageHandler     : Starting...
2026-03-31T10:40:24.191+07:00  INFO 14264 --- [           main] o.s.m.s.b.SimpleBrokerMessageHandler     : BrokerAvailabilityEvent[available=true, SimpleBrokerMessageHandler [org.springframework.messaging.simp.broker.DefaultSubscriptionRegistry@8a51c4e]]
2026-03-31T10:40:24.191+07:00  INFO 14264 --- [           main] o.s.m.s.b.SimpleBrokerMessageHandler     : Started.
2026-03-31T10:40:24.463+07:00  INFO 14264 --- [           main] o.s.m.s.b.SimpleBrokerMessageHandler     : Stopping...
2026-03-31T10:40:24.463+07:00  INFO 14264 --- [           main] o.s.m.s.b.SimpleBrokerMessageHandler     : BrokerAvailabilityEvent[available=false, SimpleBrokerMessageHandler [org.springframework.messaging.simp.broker.DefaultSubscriptionRegistry@8a51c4e]]
2026-03-31T10:40:24.463+07:00  INFO 14264 --- [           main] o.s.m.s.b.SimpleBrokerMessageHandler     : Stopped.
2026-03-31T10:40:24.464+07:00  INFO 14264 --- [           main] j.LocalContainerEntityManagerFactoryBean : Closing JPA EntityManagerFactory for persistence unit 'default'
2026-03-31T10:40:24.467+07:00  INFO 14264 --- [           main] com.zaxxer.hikari.HikariDataSource       : HikariPool-15 - Shutdown initiated...
2026-03-31T10:40:24.468+07:00  INFO 14264 --- [           main] com.zaxxer.hikari.HikariDataSource       : HikariPool-15 - Shutdown completed.
]]></system-out>
  </testcase>
  <testcase name="updateOrderStatus_asAdmin_changesStatus" classname="com.restaurant.integration.OrderControllerIntegrationTest" time="0.524">
    <system-out><![CDATA[
  .   ____          _            __ _ _
 /\\ / ___'_ __ _ _(_)_ __  __ _ \ \ \ \
( ( )\___ | '_ | '_| | '_ \/ _` | \ \ \ \
 \\/  ___)| |_)| | | | | || (_| |  ) ) ) )
  '  |____| .__|_| |_|_| |_\__, | / / / /
 =========|_|==============|___/=/_/_/_/
 :: Spring Boot ::                (v3.2.3)

2026-03-31T10:40:24.823+07:00  INFO 14264 --- [           main] .s.d.r.c.RepositoryConfigurationDelegate : Bootstrapping Spring Data JPA repositories in DEFAULT mode.
2026-03-31T10:40:24.853+07:00  INFO 14264 --- [           main] .s.d.r.c.RepositoryConfigurationDelegate : Finished Spring Data repository scanning in 29 ms. Found 7 JPA repository interfaces.
2026-03-31T10:40:25.031+07:00  INFO 14264 --- [           main] o.hibernate.jpa.internal.util.LogHelper  : HHH000204: Processing PersistenceUnitInfo [name: default]
2026-03-31T10:40:25.043+07:00  INFO 14264 --- [           main] o.h.c.internal.RegionFactoryInitiator    : HHH000026: Second-level cache disabled
2026-03-31T10:40:25.054+07:00  INFO 14264 --- [           main] o.s.o.j.p.SpringPersistenceUnitInfo      : No LoadTimeWeaver setup: ignoring JPA class transformer
2026-03-31T10:40:25.058+07:00  INFO 14264 --- [           main] com.zaxxer.hikari.HikariDataSource       : HikariPool-16 - Starting...
2026-03-31T10:40:25.059+07:00  INFO 14264 --- [           main] com.zaxxer.hikari.pool.HikariPool        : HikariPool-16 - Added connection conn150: url=jdbc:h2:mem:testdb user=SA
2026-03-31T10:40:25.059+07:00  INFO 14264 --- [           main] com.zaxxer.hikari.HikariDataSource       : HikariPool-16 - Start completed.
2026-03-31T10:40:25.060+07:00  WARN 14264 --- [           main] org.hibernate.orm.deprecation            : HHH90000025: H2Dialect does not need to be specified explicitly using 'hibernate.dialect' (remove the property setting and it will be selected by default)
2026-03-31T10:40:25.274+07:00  INFO 14264 --- [           main] o.h.e.t.j.p.i.JtaPlatformInitiator       : HHH000489: No JTA platform available (set 'hibernate.transaction.jta.platform' to enable JTA platform integration)
2026-03-31T10:40:25.301+07:00  INFO 14264 --- [           main] j.LocalContainerEntityManagerFactoryBean : Initialized JPA EntityManagerFactory for persistence unit 'default'
2026-03-31T10:40:25.821+07:00  WARN 14264 --- [           main] JpaBaseConfiguration$JpaWebConfiguration : spring.jpa.open-in-view is enabled by default. Therefore, database queries may be performed during view rendering. Explicitly configure spring.jpa.open-in-view to disable this warning
2026-03-31T10:40:26.257+07:00  INFO 14264 --- [           main] o.s.b.t.m.w.SpringBootMockServletContext : Initializing Spring TestDispatcherServlet ''
2026-03-31T10:40:26.257+07:00  INFO 14264 --- [           main] o.s.t.web.servlet.TestDispatcherServlet  : Initializing Servlet ''
2026-03-31T10:40:26.258+07:00  INFO 14264 --- [           main] o.s.t.web.servlet.TestDispatcherServlet  : Completed initialization in 1 ms
2026-03-31T10:40:26.266+07:00  INFO 14264 --- [           main] o.s.m.s.b.SimpleBrokerMessageHandler     : Starting...
2026-03-31T10:40:26.266+07:00  INFO 14264 --- [           main] o.s.m.s.b.SimpleBrokerMessageHandler     : BrokerAvailabilityEvent[available=true, SimpleBrokerMessageHandler [org.springframework.messaging.simp.broker.DefaultSubscriptionRegistry@4b79ee80]]
2026-03-31T10:40:26.266+07:00  INFO 14264 --- [           main] o.s.m.s.b.SimpleBrokerMessageHandler     : Started.
2026-03-31T10:40:27.019+07:00  INFO 14264 --- [           main] o.s.m.s.b.SimpleBrokerMessageHandler     : Stopping...
2026-03-31T10:40:27.020+07:00  INFO 14264 --- [           main] o.s.m.s.b.SimpleBrokerMessageHandler     : BrokerAvailabilityEvent[available=false, SimpleBrokerMessageHandler [org.springframework.messaging.simp.broker.DefaultSubscriptionRegistry@4b79ee80]]
2026-03-31T10:40:27.020+07:00  INFO 14264 --- [           main] o.s.m.s.b.SimpleBrokerMessageHandler     : Stopped.
2026-03-31T10:40:27.022+07:00  INFO 14264 --- [           main] j.LocalContainerEntityManagerFactoryBean : Closing JPA EntityManagerFactory for persistence unit 'default'
2026-03-31T10:40:27.025+07:00  INFO 14264 --- [           main] com.zaxxer.hikari.HikariDataSource       : HikariPool-16 - Shutdown initiated...
2026-03-31T10:40:27.054+07:00  INFO 14264 --- [           main] com.zaxxer.hikari.HikariDataSource       : HikariPool-16 - Shutdown completed.
]]></system-out>
  </testcase>
  <testcase name="trackOrder_returnsOrderDetails" classname="com.restaurant.integration.OrderControllerIntegrationTest" time="0.064">
    <failure message="Status expected:&lt;200&gt; but was:&lt;403&gt;" type="java.lang.AssertionError"><![CDATA[java.lang.AssertionError: Status expected:<200> but was:<403>
	at org.springframework.test.util.AssertionErrors.fail(AssertionErrors.java:59)
	at org.springframework.test.util.AssertionErrors.assertEquals(AssertionErrors.java:122)
	at org.springframework.test.web.servlet.result.StatusResultMatchers.lambda$matcher$9(StatusResultMatchers.java:637)
	at org.springframework.test.web.servlet.MockMvc$1.andExpect(MockMvc.java:214)
	at com.restaurant.integration.OrderControllerIntegrationTest.trackOrder_returnsOrderDetails(OrderControllerIntegrationTest.java:187)
	at java.base/java.lang.reflect.Method.invoke(Method.java:568)
	at java.base/java.util.ArrayList.forEach(ArrayList.java:1511)
	at java.base/java.util.ArrayList.forEach(ArrayList.java:1511)
]]></failure>
    <system-out><![CDATA[
  .   ____          _            __ _ _
 /\\ / ___'_ __ _ _(_)_ __  __ _ \ \ \ \
( ( )\___ | '_ | '_| | '_ \/ _` | \ \ \ \
 \\/  ___)| |_)| | | | | || (_| |  ) ) ) )
  '  |____| .__|_| |_|_| |_\__, | / / / /
 =========|_|==============|___/=/_/_/_/
 :: Spring Boot ::                (v3.2.3)

2026-03-31T10:40:27.446+07:00  INFO 14264 --- [           main] .s.d.r.c.RepositoryConfigurationDelegate : Bootstrapping Spring Data JPA repositories in DEFAULT mode.
2026-03-31T10:40:27.466+07:00  INFO 14264 --- [           main] .s.d.r.c.RepositoryConfigurationDelegate : Finished Spring Data repository scanning in 19 ms. Found 7 JPA repository interfaces.
2026-03-31T10:40:27.589+07:00  INFO 14264 --- [           main] o.hibernate.jpa.internal.util.LogHelper  : HHH000204: Processing PersistenceUnitInfo [name: default]
2026-03-31T10:40:27.599+07:00  INFO 14264 --- [           main] o.h.c.internal.RegionFactoryInitiator    : HHH000026: Second-level cache disabled
2026-03-31T10:40:27.611+07:00  INFO 14264 --- [           main] o.s.o.j.p.SpringPersistenceUnitInfo      : No LoadTimeWeaver setup: ignoring JPA class transformer
2026-03-31T10:40:27.616+07:00  INFO 14264 --- [           main] com.zaxxer.hikari.HikariDataSource       : HikariPool-17 - Starting...
2026-03-31T10:40:27.617+07:00  INFO 14264 --- [           main] com.zaxxer.hikari.pool.HikariPool        : HikariPool-17 - Added connection conn160: url=jdbc:h2:mem:testdb user=SA
2026-03-31T10:40:27.617+07:00  INFO 14264 --- [           main] com.zaxxer.hikari.HikariDataSource       : HikariPool-17 - Start completed.
2026-03-31T10:40:27.618+07:00  WARN 14264 --- [           main] org.hibernate.orm.deprecation            : HHH90000025: H2Dialect does not need to be specified explicitly using 'hibernate.dialect' (remove the property setting and it will be selected by default)
2026-03-31T10:40:27.807+07:00  INFO 14264 --- [           main] o.h.e.t.j.p.i.JtaPlatformInitiator       : HHH000489: No JTA platform available (set 'hibernate.transaction.jta.platform' to enable JTA platform integration)
2026-03-31T10:40:27.831+07:00  INFO 14264 --- [           main] j.LocalContainerEntityManagerFactoryBean : Initialized JPA EntityManagerFactory for persistence unit 'default'
2026-03-31T10:40:28.186+07:00  WARN 14264 --- [           main] JpaBaseConfiguration$JpaWebConfiguration : spring.jpa.open-in-view is enabled by default. Therefore, database queries may be performed during view rendering. Explicitly configure spring.jpa.open-in-view to disable this warning
2026-03-31T10:40:28.401+07:00  INFO 14264 --- [           main] o.s.b.t.m.w.SpringBootMockServletContext : Initializing Spring TestDispatcherServlet ''
2026-03-31T10:40:28.401+07:00  INFO 14264 --- [           main] o.s.t.web.servlet.TestDispatcherServlet  : Initializing Servlet ''
2026-03-31T10:40:28.402+07:00  INFO 14264 --- [           main] o.s.t.web.servlet.TestDispatcherServlet  : Completed initialization in 1 ms
2026-03-31T10:40:28.408+07:00  INFO 14264 --- [           main] o.s.m.s.b.SimpleBrokerMessageHandler     : Starting...
2026-03-31T10:40:28.408+07:00  INFO 14264 --- [           main] o.s.m.s.b.SimpleBrokerMessageHandler     : BrokerAvailabilityEvent[available=true, SimpleBrokerMessageHandler [org.springframework.messaging.simp.broker.DefaultSubscriptionRegistry@5e2539ae]]
2026-03-31T10:40:28.409+07:00  INFO 14264 --- [           main] o.s.m.s.b.SimpleBrokerMessageHandler     : Started.

MockHttpServletRequest:
      HTTP Method = POST
      Request URI = /api/orders
       Parameters = {}
          Headers = [Content-Type:"application/json;charset=UTF-8", Content-Length:"137"]
             Body = {
  "items": [{"menuItemId": 13, "quantity": 1, "notes": ""}],
  "tableNumber": "8",
  "guestName": "Carol",
  "paymentMethod": "CASH"
}

    Session Attrs = {}

Handler:
             Type = com.restaurant.controller.OrderController
           Method = com.restaurant.controller.OrderController#placeOrder(OrderRequest)

Async:
    Async started = false
     Async result = null

Resolved Exception:
             Type = null

ModelAndView:
        View name = null
             View = null
            Model = null

FlashMap:
       Attributes = null

MockHttpServletResponse:
           Status = 200
    Error message = null
          Headers = [Vary:"Origin", "Access-Control-Request-Method", "Access-Control-Request-Headers", Content-Type:"application/json", X-Content-Type-Options:"nosniff", X-XSS-Protection:"0", Cache-Control:"no-cache, no-store, max-age=0, must-revalidate", Pragma:"no-cache", Expires:"0", X-Frame-Options:"DENY"]
     Content type = application/json
             Body = {"id":1,"orderNumber":"ORD-20260331-D2C287","customerName":"Carol","customerPhone":null,"customerEmail":null,"status":"PENDING","totalAmount":35000.00,"notes":null,"tableNumber":"8","items":[{"id":1,"menuItemId":13,"menuItemName":"Nasi Goreng","menuItemImage":null,"quantity":1,"unitPrice":35000.00,"subtotal":35000.00,"notes":""}],"payment":{"id":1,"method":"CASH","status":"PENDING","amount":35000.00,"transactionId":null,"paidAt":null},"createdAt":"2026-03-31T10:40:28.6752405","updatedAt":"2026-03-31T10:40:28.6752405"}
    Forwarded URL = null
   Redirected URL = null
          Cookies = []

MockHttpServletRequest:
      HTTP Method = GET
      Request URI = /api/orders/ORD-20260331-D2C287
       Parameters = {}
          Headers = []
             Body = null
    Session Attrs = {}

Handler:
             Type = null

Async:
    Async started = false
     Async result = null

Resolved Exception:
             Type = null

ModelAndView:
        View name = null
             View = null
            Model = null

FlashMap:
       Attributes = null

MockHttpServletResponse:
           Status = 403
    Error message = Access Denied
          Headers = [Vary:"Origin", "Access-Control-Request-Method", "Access-Control-Request-Headers", X-Content-Type-Options:"nosniff", X-XSS-Protection:"0", Cache-Control:"no-cache, no-store, max-age=0, must-revalidate", Pragma:"no-cache", Expires:"0", X-Frame-Options:"DENY"]
     Content type = null
             Body = 
    Forwarded URL = null
   Redirected URL = null
          Cookies = []
2026-03-31T10:40:28.701+07:00  INFO 14264 --- [           main] o.s.m.s.b.SimpleBrokerMessageHandler     : Stopping...
2026-03-31T10:40:28.701+07:00  INFO 14264 --- [           main] o.s.m.s.b.SimpleBrokerMessageHandler     : BrokerAvailabilityEvent[available=false, SimpleBrokerMessageHandler [org.springframework.messaging.simp.broker.DefaultSubscriptionRegistry@5e2539ae]]
2026-03-31T10:40:28.701+07:00  INFO 14264 --- [           main] o.s.m.s.b.SimpleBrokerMessageHandler     : Stopped.
2026-03-31T10:40:28.702+07:00  INFO 14264 --- [           main] j.LocalContainerEntityManagerFactoryBean : Closing JPA EntityManagerFactory for persistence unit 'default'
2026-03-31T10:40:28.704+07:00  INFO 14264 --- [           main] com.zaxxer.hikari.HikariDataSource       : HikariPool-17 - Shutdown initiated...
2026-03-31T10:40:28.705+07:00  INFO 14264 --- [           main] com.zaxxer.hikari.HikariDataSource       : HikariPool-17 - Shutdown completed.
]]></system-out>
  </testcase>
  <testcase name="placeOrder_missingTableNumber_returns400" classname="com.restaurant.integration.OrderControllerIntegrationTest" time="0.044">
    <system-out><![CDATA[
  .   ____          _            __ _ _
 /\\ / ___'_ __ _ _(_)_ __  __ _ \ \ \ \
( ( )\___ | '_ | '_| | '_ \/ _` | \ \ \ \
 \\/  ___)| |_)| | | | | || (_| |  ) ) ) )
  '  |____| .__|_| |_|_| |_\__, | / / / /
 =========|_|==============|___/=/_/_/_/
 :: Spring Boot ::                (v3.2.3)

2026-03-31T10:40:28.966+07:00  INFO 14264 --- [           main] .s.d.r.c.RepositoryConfigurationDelegate : Bootstrapping Spring Data JPA repositories in DEFAULT mode.
2026-03-31T10:40:28.991+07:00  INFO 14264 --- [           main] .s.d.r.c.RepositoryConfigurationDelegate : Finished Spring Data repository scanning in 24 ms. Found 7 JPA repository interfaces.
2026-03-31T10:40:29.121+07:00  INFO 14264 --- [           main] o.hibernate.jpa.internal.util.LogHelper  : HHH000204: Processing PersistenceUnitInfo [name: default]
2026-03-31T10:40:29.128+07:00  INFO 14264 --- [           main] o.h.c.internal.RegionFactoryInitiator    : HHH000026: Second-level cache disabled
2026-03-31T10:40:29.140+07:00  INFO 14264 --- [           main] o.s.o.j.p.SpringPersistenceUnitInfo      : No LoadTimeWeaver setup: ignoring JPA class transformer
2026-03-31T10:40:29.142+07:00  INFO 14264 --- [           main] com.zaxxer.hikari.HikariDataSource       : HikariPool-18 - Starting...
2026-03-31T10:40:29.143+07:00  INFO 14264 --- [           main] com.zaxxer.hikari.pool.HikariPool        : HikariPool-18 - Added connection conn170: url=jdbc:h2:mem:testdb user=SA
2026-03-31T10:40:29.143+07:00  INFO 14264 --- [           main] com.zaxxer.hikari.HikariDataSource       : HikariPool-18 - Start completed.
2026-03-31T10:40:29.144+07:00  WARN 14264 --- [           main] org.hibernate.orm.deprecation            : HHH90000025: H2Dialect does not need to be specified explicitly using 'hibernate.dialect' (remove the property setting and it will be selected by default)
2026-03-31T10:40:29.352+07:00  INFO 14264 --- [           main] o.h.e.t.j.p.i.JtaPlatformInitiator       : HHH000489: No JTA platform available (set 'hibernate.transaction.jta.platform' to enable JTA platform integration)
2026-03-31T10:40:29.372+07:00  INFO 14264 --- [           main] j.LocalContainerEntityManagerFactoryBean : Initialized JPA EntityManagerFactory for persistence unit 'default'
2026-03-31T10:40:29.718+07:00  WARN 14264 --- [           main] JpaBaseConfiguration$JpaWebConfiguration : spring.jpa.open-in-view is enabled by default. Therefore, database queries may be performed during view rendering. Explicitly configure spring.jpa.open-in-view to disable this warning
2026-03-31T10:40:30.016+07:00  INFO 14264 --- [           main] o.s.b.t.m.w.SpringBootMockServletContext : Initializing Spring TestDispatcherServlet ''
2026-03-31T10:40:30.017+07:00  INFO 14264 --- [           main] o.s.t.web.servlet.TestDispatcherServlet  : Initializing Servlet ''
2026-03-31T10:40:30.018+07:00  INFO 14264 --- [           main] o.s.t.web.servlet.TestDispatcherServlet  : Completed initialization in 1 ms
2026-03-31T10:40:30.026+07:00  INFO 14264 --- [           main] o.s.m.s.b.SimpleBrokerMessageHandler     : Starting...
2026-03-31T10:40:30.029+07:00  INFO 14264 --- [           main] o.s.m.s.b.SimpleBrokerMessageHandler     : BrokerAvailabilityEvent[available=true, SimpleBrokerMessageHandler [org.springframework.messaging.simp.broker.DefaultSubscriptionRegistry@29226703]]
2026-03-31T10:40:30.030+07:00  INFO 14264 --- [           main] o.s.m.s.b.SimpleBrokerMessageHandler     : Started.
2026-03-31T10:40:30.441+07:00  INFO 14264 --- [           main] o.s.m.s.b.SimpleBrokerMessageHandler     : Stopping...
2026-03-31T10:40:30.441+07:00  INFO 14264 --- [           main] o.s.m.s.b.SimpleBrokerMessageHandler     : BrokerAvailabilityEvent[available=false, SimpleBrokerMessageHandler [org.springframework.messaging.simp.broker.DefaultSubscriptionRegistry@29226703]]
2026-03-31T10:40:30.441+07:00  INFO 14264 --- [           main] o.s.m.s.b.SimpleBrokerMessageHandler     : Stopped.
2026-03-31T10:40:30.442+07:00  INFO 14264 --- [           main] j.LocalContainerEntityManagerFactoryBean : Closing JPA EntityManagerFactory for persistence unit 'default'
2026-03-31T10:40:30.446+07:00  INFO 14264 --- [           main] com.zaxxer.hikari.HikariDataSource       : HikariPool-18 - Shutdown initiated...
2026-03-31T10:40:30.447+07:00  INFO 14264 --- [           main] com.zaxxer.hikari.HikariDataSource       : HikariPool-18 - Shutdown completed.
]]></system-out>
  </testcase>
  <testcase name="placeOrder_asGuest_returnsOrderInPendingState" classname="com.restaurant.integration.OrderControllerIntegrationTest" time="0.066">
    <system-out><![CDATA[
  .   ____          _            __ _ _
 /\\ / ___'_ __ _ _(_)_ __  __ _ \ \ \ \
( ( )\___ | '_ | '_| | '_ \/ _` | \ \ \ \
 \\/  ___)| |_)| | | | | || (_| |  ) ) ) )
  '  |____| .__|_| |_|_| |_\__, | / / / /
 =========|_|==============|___/=/_/_/_/
 :: Spring Boot ::                (v3.2.3)

2026-03-31T10:40:30.692+07:00  INFO 14264 --- [           main] .s.d.r.c.RepositoryConfigurationDelegate : Bootstrapping Spring Data JPA repositories in DEFAULT mode.
2026-03-31T10:40:30.714+07:00  INFO 14264 --- [           main] .s.d.r.c.RepositoryConfigurationDelegate : Finished Spring Data repository scanning in 22 ms. Found 7 JPA repository interfaces.
2026-03-31T10:40:30.813+07:00  INFO 14264 --- [           main] o.hibernate.jpa.internal.util.LogHelper  : HHH000204: Processing PersistenceUnitInfo [name: default]
2026-03-31T10:40:30.820+07:00  INFO 14264 --- [           main] o.h.c.internal.RegionFactoryInitiator    : HHH000026: Second-level cache disabled
2026-03-31T10:40:30.826+07:00  INFO 14264 --- [           main] o.s.o.j.p.SpringPersistenceUnitInfo      : No LoadTimeWeaver setup: ignoring JPA class transformer
2026-03-31T10:40:30.831+07:00  INFO 14264 --- [           main] com.zaxxer.hikari.HikariDataSource       : HikariPool-19 - Starting...
2026-03-31T10:40:30.832+07:00  INFO 14264 --- [           main] com.zaxxer.hikari.pool.HikariPool        : HikariPool-19 - Added connection conn180: url=jdbc:h2:mem:testdb user=SA
2026-03-31T10:40:30.832+07:00  INFO 14264 --- [           main] com.zaxxer.hikari.HikariDataSource       : HikariPool-19 - Start completed.
2026-03-31T10:40:30.833+07:00  WARN 14264 --- [           main] org.hibernate.orm.deprecation            : HHH90000025: H2Dialect does not need to be specified explicitly using 'hibernate.dialect' (remove the property setting and it will be selected by default)
2026-03-31T10:40:30.997+07:00  INFO 14264 --- [           main] o.h.e.t.j.p.i.JtaPlatformInitiator       : HHH000489: No JTA platform available (set 'hibernate.transaction.jta.platform' to enable JTA platform integration)
2026-03-31T10:40:31.009+07:00  INFO 14264 --- [           main] j.LocalContainerEntityManagerFactoryBean : Initialized JPA EntityManagerFactory for persistence unit 'default'
2026-03-31T10:40:31.274+07:00  WARN 14264 --- [           main] JpaBaseConfiguration$JpaWebConfiguration : spring.jpa.open-in-view is enabled by default. Therefore, database queries may be performed during view rendering. Explicitly configure spring.jpa.open-in-view to disable this warning
2026-03-31T10:40:31.519+07:00  INFO 14264 --- [           main] o.s.b.t.m.w.SpringBootMockServletContext : Initializing Spring TestDispatcherServlet ''
2026-03-31T10:40:31.519+07:00  INFO 14264 --- [           main] o.s.t.web.servlet.TestDispatcherServlet  : Initializing Servlet ''
2026-03-31T10:40:31.520+07:00  INFO 14264 --- [           main] o.s.t.web.servlet.TestDispatcherServlet  : Completed initialization in 1 ms
2026-03-31T10:40:31.524+07:00  INFO 14264 --- [           main] o.s.m.s.b.SimpleBrokerMessageHandler     : Starting...
2026-03-31T10:40:31.525+07:00  INFO 14264 --- [           main] o.s.m.s.b.SimpleBrokerMessageHandler     : BrokerAvailabilityEvent[available=true, SimpleBrokerMessageHandler [org.springframework.messaging.simp.broker.DefaultSubscriptionRegistry@3ab42c2c]]
2026-03-31T10:40:31.525+07:00  INFO 14264 --- [           main] o.s.m.s.b.SimpleBrokerMessageHandler     : Started.
2026-03-31T10:40:31.831+07:00  INFO 14264 --- [           main] o.s.m.s.b.SimpleBrokerMessageHandler     : Stopping...
2026-03-31T10:40:31.832+07:00  INFO 14264 --- [           main] o.s.m.s.b.SimpleBrokerMessageHandler     : BrokerAvailabilityEvent[available=false, SimpleBrokerMessageHandler [org.springframework.messaging.simp.broker.DefaultSubscriptionRegistry@3ab42c2c]]
2026-03-31T10:40:31.832+07:00  INFO 14264 --- [           main] o.s.m.s.b.SimpleBrokerMessageHandler     : Stopped.
2026-03-31T10:40:31.834+07:00  INFO 14264 --- [           main] j.LocalContainerEntityManagerFactoryBean : Closing JPA EntityManagerFactory for persistence unit 'default'
2026-03-31T10:40:31.836+07:00  INFO 14264 --- [           main] com.zaxxer.hikari.HikariDataSource       : HikariPool-19 - Shutdown initiated...
2026-03-31T10:40:31.836+07:00  INFO 14264 --- [           main] com.zaxxer.hikari.HikariDataSource       : HikariPool-19 - Shutdown completed.
]]></system-out>
  </testcase>
</testsuite>